Log file open, 04/30/22 17:54:33
LogWindows: Failed to load 'aqProf.dll' (GetLastError=126)
LogWindows: File 'aqProf.dll' does not exist
LogWindows: Failed to load 'VtuneApi.dll' (GetLastError=126)
LogWindows: File 'VtuneApi.dll' does not exist
LogWindows: Failed to load 'VtuneApi32e.dll' (GetLastError=126)
LogWindows: File 'VtuneApi32e.dll' does not exist
LogInit: Display: Running engine for game: ArenaBattle
LogPlatformFile: Not using cached read wrapper
LogInit: Display: RandInit(-1766847795) SRandInit(-1766847795).
LogInit: Read version file with build ID '3944462'
LogInit: Overriding engine version to CL 4033788, compatible CL 3944462
LogInit: Registered custom module enumerator with build ID '3944462'
LogTaskGraph: Started task graph with 5 named threads and 83 total threads with 3 sets of task threads.
LogStats: Stats thread started at 1.484669
LogD3D11RHI: Aftermath initialized
LogICUInternationalization: Display: ICU TimeZone Detection - Raw Offset: +9:00, Platform Override: ''
LogPluginManager: Mounting plugin Paper2D
LogPluginManager: Mounting plugin LiveLink
LogPluginManager: Mounting plugin LightPropagationVolume
LogPluginManager: Mounting plugin CLionSourceCodeAccess
LogPluginManager: Mounting plugin CodeLiteSourceCodeAccess
LogPluginManager: Mounting plugin GitSourceControl
LogPluginManager: Mounting plugin KDevelopSourceCodeAccess
LogPluginManager: Mounting plugin NullSourceCodeAccess
LogPluginManager: Mounting plugin PerforceSourceControl
LogPluginManager: Mounting plugin SubversionSourceControl
LogPluginManager: Mounting plugin UObjectPlugin
LogPluginManager: Mounting plugin VisualStudioCodeSourceCodeAccess
LogPluginManager: Mounting plugin VisualStudioSourceCodeAccess
LogPluginManager: Mounting plugin XCodeSourceCodeAccess
LogPluginManager: Mounting plugin AssetManagerEditor
LogPluginManager: Mounting plugin CryptoKeys
LogPluginManager: Mounting plugin DataValidation
LogPluginManager: Mounting plugin FacialAnimation
LogPluginManager: Mounting plugin GameplayTagsEditor
LogPluginManager: Mounting plugin MobileLauncherProfileWizard
LogPluginManager: Mounting plugin PluginBrowser
LogPluginManager: Mounting plugin SpeedTreeImporter
LogPluginManager: Mounting plugin DatasmithContent
LogPluginManager: Mounting plugin AlembicImporter
LogPluginManager: Mounting plugin CharacterAI
LogPluginManager: Mounting plugin HTML5Networking
LogPluginManager: Mounting plugin AndroidMedia
LogPluginManager: Mounting plugin AvfMedia
LogPluginManager: Mounting plugin ImgMedia
LogPluginManager: Mounting plugin LinearTimecode
LogPluginManager: Mounting plugin MediaCompositing
LogPluginManager: Mounting plugin MediaPlayerEditor
LogPluginManager: Mounting plugin WmfMedia
LogPluginManager: Mounting plugin TcpMessaging
LogPluginManager: Mounting plugin UdpMessaging
LogPluginManager: Mounting plugin ActorSequence
LogPluginManager: Mounting plugin LevelSequenceEditor
LogPluginManager: Mounting plugin MatineeToLevelSequence
LogPluginManager: Mounting plugin NetcodeUnitTest
LogPluginManager: Mounting plugin NUTUnrealEngine4
LogPluginManager: Mounting plugin OnlineSubsystemGooglePlay
LogPluginManager: Mounting plugin OnlineSubsystemIOS
LogPluginManager: Mounting plugin OnlineSubsystem
LogPluginManager: Mounting plugin OnlineSubsystemNull
LogPluginManager: Mounting plugin OnlineSubsystemUtils
LogPluginManager: Mounting plugin AndroidDeviceProfileSelector
LogPluginManager: Mounting plugin AndroidMoviePlayer
LogPluginManager: Mounting plugin AndroidPermission
LogPluginManager: Mounting plugin AppleARKit
LogPluginManager: Mounting plugin AppleMoviePlayer
LogPluginManager: Mounting plugin ArchVisCharacter
LogPluginManager: Mounting plugin AudioCapture
LogPluginManager: Mounting plugin CableComponent
LogPluginManager: Mounting plugin CustomMeshComponent
LogPluginManager: Mounting plugin ExampleDeviceProfileSelector
LogPluginManager: Mounting plugin GoogleCloudMessaging
LogPluginManager: Mounting plugin ImmediatePhysics
LogPluginManager: Mounting plugin IOSDeviceProfileSelector
LogPluginManager: Mounting plugin LinuxDeviceProfileSelector
LogPluginManager: Mounting plugin LocationServicesBPLibrary
LogPluginManager: Mounting plugin MobilePatchingUtils
LogPluginManager: Mounting plugin OculusVR
LogPluginManager: Plugin shader directory ../../../Engine/Plugins/Runtime/Oculus/OculusVR/Shaders found
LogPluginManager: Mapping shader source directory ../../../Engine/Plugins/Runtime/Oculus/OculusVR/Shaders to virtual directory /Plugin/OculusVR
LogPluginManager: Mounting plugin PhysXVehicles
LogPluginManager: Mounting plugin ProceduralMeshComponent
LogPluginManager: Mounting plugin RuntimePhysXCooking
LogPluginManager: Mounting plugin SteamVR
LogPluginManager: Mounting plugin WindowsMoviePlayer
LogStreaming: Display: Took  0.193s to configure plugins.
LogModuleManager: Display: Found up-to-date module file D:/Work/03_Program/Unreal-Study/UE4CPP/ArenaBattle/Binaries/Win64/UE4Editor-ArenaBattle.dll (API version 3944462).
LogModuleManager: Display: Found up-to-date module file ../../../Engine/Plugins/2D/Paper2D/Binaries/Win64/UE4Editor-Paper2D.dll (API version 3944462).
LogModuleManager: Display: Found up-to-date module file ../../../Engine/Plugins/2D/Paper2D/Binaries/Win64/UE4Editor-Paper2DEditor.dll (API version 3944462).
LogModuleManager: Display: Found up-to-date module file ../../../Engine/Plugins/2D/Paper2D/Binaries/Win64/UE4Editor-PaperSpriteSheetImporter.dll (API version 3944462).
LogModuleManager: Display: Found up-to-date module file ../../../Engine/Plugins/2D/Paper2D/Binaries/Win64/UE4Editor-PaperTiledImporter.dll (API version 3944462).
LogModuleManager: Display: Found up-to-date module file ../../../Engine/Plugins/2D/Paper2D/Binaries/Win64/UE4Editor-SmartSnapping.dll (API version 3944462).
LogModuleManager: Display: Found up-to-date module file ../../../Engine/Plugins/Animation/LiveLink/Binaries/Win64/UE4Editor-LiveLink.dll (API version 3944462).
LogModuleManager: Display: Found up-to-date module file ../../../Engine/Plugins/Animation/LiveLink/Binaries/Win64/UE4Editor-LiveLinkEditor.dll (API version 3944462).
LogModuleManager: Display: Found up-to-date module file ../../../Engine/Plugins/Blendables/LightPropagationVolume/Binaries/Win64/UE4Editor-LightPropagationVolumeRuntime.dll (API version 3944462).
LogModuleManager: Display: Found up-to-date module file ../../../Engine/Plugins/Blendables/LightPropagationVolume/Binaries/Win64/UE4Editor-LightPropagationVolumeEditor.dll (API version 3944462).
LogModuleManager: Display: Found up-to-date module file ../../../Engine/Plugins/Developer/CLionSourceCodeAccess/Binaries/Win64/UE4Editor-CLionSourceCodeAccess.dll (API version 3944462).
LogModuleManager: Display: Found up-to-date module file ../../../Engine/Plugins/Developer/GitSourceControl/Binaries/Win64/UE4Editor-GitSourceControl.dll (API version 3944462).
LogModuleManager: Display: Found up-to-date module file ../../../Engine/Plugins/Developer/PerforceSourceControl/Binaries/Win64/UE4Editor-PerforceSourceControl.dll (API version 3944462).
LogModuleManager: Display: Found up-to-date module file ../../../Engine/Plugins/Developer/SubversionSourceControl/Binaries/Win64/UE4Editor-SubversionSourceControl.dll (API version 3944462).
LogModuleManager: Display: Found up-to-date module file ../../../Engine/Plugins/Developer/UObjectPlugin/Binaries/Win64/UE4Editor-UObjectPlugin.dll (API version 3944462).
LogModuleManager: Display: Found up-to-date module file ../../../Engine/Plugins/Developer/VisualStudioCodeSourceCodeAccess/Binaries/Win64/UE4Editor-VisualStudioCodeSourceCodeAccess.dll (API version 3944462).
LogModuleManager: Display: Found up-to-date module file ../../../Engine/Plugins/Developer/VisualStudioSourceCodeAccess/Binaries/Win64/UE4Editor-VisualStudioSourceCodeAccess.dll (API version 3944462).
LogModuleManager: Display: Found up-to-date module file ../../../Engine/Plugins/Editor/AssetManagerEditor/Binaries/Win64/UE4Editor-AssetManagerEditor.dll (API version 3944462).
LogModuleManager: Display: Found up-to-date module file ../../../Engine/Plugins/Editor/CryptoKeys/Binaries/Win64/UE4Editor-CryptoKeys.dll (API version 3944462).
LogModuleManager: Display: Found up-to-date module file ../../../Engine/Plugins/Editor/CryptoKeys/Binaries/Win64/UE4Editor-CryptoKeysOpenSSL.dll (API version 3944462).
LogModuleManager: Display: Found up-to-date module file ../../../Engine/Plugins/Editor/DataValidation/Binaries/Win64/UE4Editor-DataValidation.dll (API version 3944462).
LogModuleManager: Display: Found up-to-date module file ../../../Engine/Plugins/Editor/FacialAnimation/Binaries/Win64/UE4Editor-FacialAnimation.dll (API version 3944462).
LogModuleManager: Display: Found up-to-date module file ../../../Engine/Plugins/Editor/FacialAnimation/Binaries/Win64/UE4Editor-FacialAnimationEditor.dll (API version 3944462).
LogModuleManager: Display: Found up-to-date module file ../../../Engine/Plugins/Editor/GameplayTagsEditor/Binaries/Win64/UE4Editor-GameplayTagsEditor.dll (API version 3944462).
LogModuleManager: Display: Found up-to-date module file ../../../Engine/Plugins/Editor/MobileLauncherProfileWizard/Binaries/Win64/UE4Editor-MobileLauncherProfileWizard.dll (API version 3944462).
LogModuleManager: Display: Found up-to-date module file ../../../Engine/Plugins/Editor/PluginBrowser/Binaries/Win64/UE4Editor-PluginBrowser.dll (API version 3944462).
LogModuleManager: Display: Found up-to-date module file ../../../Engine/Plugins/Editor/SpeedTreeImporter/Binaries/Win64/UE4Editor-SpeedTreeImporter.dll (API version 3944462).
LogModuleManager: Display: Found up-to-date module file ../../../Engine/Plugins/Enterprise/DatasmithContent/Binaries/Win64/UE4Editor-DatasmithContent.dll (API version 3944462).
LogModuleManager: Display: Found up-to-date module file ../../../Engine/Plugins/Experimental/AlembicImporter/Binaries/Win64/UE4Editor-AlembicImporter.dll (API version 3944462).
LogModuleManager: Display: Found up-to-date module file ../../../Engine/Plugins/Experimental/AlembicImporter/Binaries/Win64/UE4Editor-AlembicLibrary.dll (API version 3944462).
LogModuleManager: Display: Found up-to-date module file ../../../Engine/Plugins/Experimental/CharacterAI/Binaries/Win64/UE4Editor-CharacterAI.dll (API version 3944462).
LogModuleManager: Display: Found up-to-date module file ../../../Engine/Plugins/Experimental/HTML5Networking/Binaries/Win64/UE4Editor-HTML5Networking.dll (API version 3944462).
LogModuleManager: Display: Found up-to-date module file ../../../Engine/Plugins/Media/AndroidMedia/Binaries/Win64/UE4Editor-AndroidMediaEditor.dll (API version 3944462).
LogModuleManager: Display: Found up-to-date module file ../../../Engine/Plugins/Media/AndroidMedia/Binaries/Win64/UE4Editor-AndroidMediaFactory.dll (API version 3944462).
LogModuleManager: Display: Found up-to-date module file ../../../Engine/Plugins/Media/AvfMedia/Binaries/Win64/UE4Editor-AvfMediaEditor.dll (API version 3944462).
LogModuleManager: Display: Found up-to-date module file ../../../Engine/Plugins/Media/AvfMedia/Binaries/Win64/UE4Editor-AvfMediaFactory.dll (API version 3944462).
LogModuleManager: Display: Found up-to-date module file ../../../Engine/Plugins/Media/AvfMedia/Binaries/Win64/UE4Editor-AvfMediaFactory.dll (API version 3944462).
LogModuleManager: Display: Found up-to-date module file ../../../Engine/Plugins/Media/ImgMedia/Binaries/Win64/UE4Editor-ImgMedia.dll (API version 3944462).
LogModuleManager: Display: Found up-to-date module file ../../../Engine/Plugins/Media/ImgMedia/Binaries/Win64/UE4Editor-ImgMediaEditor.dll (API version 3944462).
LogModuleManager: Display: Found up-to-date module file ../../../Engine/Plugins/Media/ImgMedia/Binaries/Win64/UE4Editor-ImgMediaFactory.dll (API version 3944462).
LogModuleManager: Display: Found up-to-date module file ../../../Engine/Plugins/Media/ImgMedia/Binaries/Win64/UE4Editor-ImgMediaFactory.dll (API version 3944462).
LogModuleManager: Display: Found up-to-date module file ../../../Engine/Plugins/Media/ImgMedia/Binaries/Win64/UE4Editor-OpenExrWrapper.dll (API version 3944462).
LogModuleManager: Display: Found up-to-date module file ../../../Engine/Plugins/Media/LinearTimecode/Binaries/Win64/UE4Editor-LinearTimecode.dll (API version 3944462).
LogModuleManager: Display: Found up-to-date module file ../../../Engine/Plugins/Media/MediaCompositing/Binaries/Win64/UE4Editor-MediaCompositing.dll (API version 3944462).
LogModuleManager: Display: Found up-to-date module file ../../../Engine/Plugins/Media/MediaCompositing/Binaries/Win64/UE4Editor-MediaCompositingEditor.dll (API version 3944462).
LogModuleManager: Display: Found up-to-date module file ../../../Engine/Plugins/Media/MediaPlayerEditor/Binaries/Win64/UE4Editor-MediaPlayerEditor.dll (API version 3944462).
LogModuleManager: Display: Found up-to-date module file ../../../Engine/Plugins/Media/WmfMedia/Binaries/Win64/UE4Editor-WmfMedia.dll (API version 3944462).
LogModuleManager: Display: Found up-to-date module file ../../../Engine/Plugins/Media/WmfMedia/Binaries/Win64/UE4Editor-WmfMediaEditor.dll (API version 3944462).
LogModuleManager: Display: Found up-to-date module file ../../../Engine/Plugins/Media/WmfMedia/Binaries/Win64/UE4Editor-WmfMediaFactory.dll (API version 3944462).
LogModuleManager: Display: Found up-to-date module file ../../../Engine/Plugins/Media/WmfMedia/Binaries/Win64/UE4Editor-WmfMediaFactory.dll (API version 3944462).
LogModuleManager: Display: Found up-to-date module file ../../../Engine/Plugins/Messaging/TcpMessaging/Binaries/Win64/UE4Editor-TcpMessaging.dll (API version 3944462).
LogModuleManager: Display: Found up-to-date module file ../../../Engine/Plugins/Messaging/UdpMessaging/Binaries/Win64/UE4Editor-UdpMessaging.dll (API version 3944462).
LogModuleManager: Display: Found up-to-date module file ../../../Engine/Plugins/MovieScene/ActorSequence/Binaries/Win64/UE4Editor-ActorSequence.dll (API version 3944462).
LogModuleManager: Display: Found up-to-date module file ../../../Engine/Plugins/MovieScene/LevelSequenceEditor/Binaries/Win64/UE4Editor-LevelSequenceEditor.dll (API version 3944462).
LogModuleManager: Display: Found up-to-date module file ../../../Engine/Plugins/MovieScene/MatineeToLevelSequence/Binaries/Win64/UE4Editor-MatineeToLevelSequence.dll (API version 3944462).
LogModuleManager: Display: Found up-to-date module file ../../../Engine/Plugins/NetcodeUnitTest/NetcodeUnitTest/Binaries/Win64/UE4Editor-NetcodeUnitTest.dll (API version 3944462).
LogModuleManager: Display: Found up-to-date module file ../../../Engine/Plugins/NetcodeUnitTest/NUTUnrealEngine4/Binaries/Win64/UE4Editor-NUTUnrealEngine4.dll (API version 3944462).
LogModuleManager: Display: Found up-to-date module file ../../../Engine/Plugins/Online/OnlineSubsystem/Binaries/Win64/UE4Editor-OnlineSubsystem.dll (API version 3944462).
LogModuleManager: Display: Found up-to-date module file ../../../Engine/Plugins/Online/OnlineSubsystemNull/Binaries/Win64/UE4Editor-OnlineSubsystemNull.dll (API version 3944462).
LogModuleManager: Display: Found up-to-date module file ../../../Engine/Plugins/Online/OnlineSubsystemUtils/Binaries/Win64/UE4Editor-OnlineSubsystemUtils.dll (API version 3944462).
LogModuleManager: Display: Found up-to-date module file ../../../Engine/Plugins/Online/OnlineSubsystemUtils/Binaries/Win64/UE4Editor-OnlineBlueprintSupport.dll (API version 3944462).
LogModuleManager: Display: Found up-to-date module file ../../../Engine/Plugins/Runtime/AndroidDeviceProfileSelector/Binaries/Win64/UE4Editor-AndroidDeviceProfileSelector.dll (API version 3944462).
LogModuleManager: Display: Found up-to-date module file ../../../Engine/Plugins/Runtime/AndroidPermission/Binaries/Win64/UE4Editor-AndroidPermission.dll (API version 3944462).
LogModuleManager: Display: Found up-to-date module file ../../../Engine/Plugins/Runtime/AppleARKit/Binaries/Win64/UE4Editor-AppleARKit.dll (API version 3944462).
LogModuleManager: Display: Found up-to-date module file ../../../Engine/Plugins/Runtime/ArchVisCharacter/Binaries/Win64/UE4Editor-ArchVisCharacter.dll (API version 3944462).
LogModuleManager: Display: Found up-to-date module file ../../../Engine/Plugins/Runtime/AudioCapture/Binaries/Win64/UE4Editor-AudioCapture.dll (API version 3944462).
LogModuleManager: Display: Found up-to-date module file ../../../Engine/Plugins/Runtime/AudioCapture/Binaries/Win64/UE4Editor-AudioCaptureEditor.dll (API version 3944462).
LogModuleManager: Display: Found up-to-date module file ../../../Engine/Plugins/Runtime/CableComponent/Binaries/Win64/UE4Editor-CableComponent.dll (API version 3944462).
LogModuleManager: Display: Found up-to-date module file ../../../Engine/Plugins/Runtime/CustomMeshComponent/Binaries/Win64/UE4Editor-CustomMeshComponent.dll (API version 3944462).
LogModuleManager: Display: Found up-to-date module file ../../../Engine/Plugins/Runtime/ExampleDeviceProfileSelector/Binaries/Win64/UE4Editor-ExampleDeviceProfileSelector.dll (API version 3944462).
LogModuleManager: Display: Found up-to-date module file ../../../Engine/Plugins/Runtime/ImmediatePhysics/Binaries/Win64/UE4Editor-ImmediatePhysics.dll (API version 3944462).
LogModuleManager: Display: Found up-to-date module file ../../../Engine/Plugins/Runtime/ImmediatePhysics/Binaries/Win64/UE4Editor-ImmediatePhysicsEditor.dll (API version 3944462).
LogModuleManager: Display: Found up-to-date module file ../../../Engine/Plugins/Runtime/LocationServicesBPLibrary/Binaries/Win64/UE4Editor-LocationServicesBPLibrary.dll (API version 3944462).
LogModuleManager: Display: Found up-to-date module file ../../../Engine/Plugins/Runtime/MobilePatchingUtils/Binaries/Win64/UE4Editor-MobilePatchingUtils.dll (API version 3944462).
LogModuleManager: Display: Found up-to-date module file ../../../Engine/Plugins/Runtime/Oculus/OculusVR/Binaries/Win64/UE4Editor-OculusHMD.dll (API version 3944462).
LogModuleManager: Display: Found up-to-date module file ../../../Engine/Plugins/Runtime/Oculus/OculusVR/Binaries/Win64/UE4Editor-OculusInput.dll (API version 3944462).
LogModuleManager: Display: Found up-to-date module file ../../../Engine/Plugins/Runtime/Oculus/OculusVR/Binaries/Win64/UE4Editor-OculusEditor.dll (API version 3944462).
LogModuleManager: Display: Found up-to-date module file ../../../Engine/Plugins/Runtime/PhysXVehicles/Binaries/Win64/UE4Editor-PhysXVehicles.dll (API version 3944462).
LogModuleManager: Display: Found up-to-date module file ../../../Engine/Plugins/Runtime/PhysXVehicles/Binaries/Win64/UE4Editor-PhysXVehiclesEditor.dll (API version 3944462).
LogModuleManager: Display: Found up-to-date module file ../../../Engine/Plugins/Runtime/ProceduralMeshComponent/Binaries/Win64/UE4Editor-ProceduralMeshComponent.dll (API version 3944462).
LogModuleManager: Display: Found up-to-date module file ../../../Engine/Plugins/Runtime/ProceduralMeshComponent/Binaries/Win64/UE4Editor-ProceduralMeshComponentEditor.dll (API version 3944462).
LogModuleManager: Display: Found up-to-date module file ../../../Engine/Plugins/Runtime/RuntimePhysXCooking/Binaries/Win64/UE4Editor-RuntimePhysXCooking.dll (API version 3944462).
LogModuleManager: Display: Found up-to-date module file ../../../Engine/Plugins/Runtime/Steam/SteamVR/Binaries/Win64/UE4Editor-SteamVR.dll (API version 3944462).
LogModuleManager: Display: Found up-to-date module file ../../../Engine/Plugins/Runtime/Steam/SteamVR/Binaries/Win64/UE4Editor-SteamVRController.dll (API version 3944462).
LogModuleManager: Display: Found up-to-date module file ../../../Engine/Plugins/Runtime/WindowsMoviePlayer/Binaries/Win64/UE4Editor-WindowsMoviePlayer.dll (API version 3944462).
LogInit: Using libcurl 7.47.1
LogInit:  - built for x86_64-pc-win32
LogInit:  - supports SSL with OpenSSL/1.0.2g
LogInit:  - supports HTTP deflate (compression) using libz 1.2.8
LogInit:  - other features:
LogInit:      CURL_VERSION_SSL
LogInit:      CURL_VERSION_LIBZ
LogInit:      CURL_VERSION_IPV6
LogInit:      CURL_VERSION_ASYNCHDNS
LogInit:      CURL_VERSION_LARGEFILE
LogInit:      CURL_VERSION_IDN
LogInit:  CurlRequestOptions (configurable via config and command line):
LogInit:  - bVerifyPeer = false  - Libcurl will NOT verify peer certificate
LogInit:  - bUseHttpProxy = false  - Libcurl will NOT use HTTP proxy
LogInit:  - bDontReuseConnections = false  - Libcurl will reuse connections
LogInit:  - CertBundlePath = nullptr  - Libcurl will use whatever was configured at build time.
LogInit:  - MaxHostConnections = 16  - Libcurl will limit the number of connections to a host
LogInit:  - LocalHostAddr = Default
LogInit: WinSock: version 1.1 (2.2), MaxSocks=32767, MaxUdp=65467
LogInit: WinSock: I am DESKTOP-7UCRDP7 (118.34.128.201:0)
LogInit: Build: ++UE4+Release-4.19-CL-4033788
LogInit: Engine Version: 4.19.2-4033788+++UE4+Release-4.19
LogInit: Compatible Engine Version: 4.19.0-3944462+++UE4+Release-4.19
LogInit: Net CL: 3944462
LogDevObjectVersion: Number of dev versions registered: 18
LogDevObjectVersion:   Dev-Blueprints (B0D832E4-1F89-4F0D-ACCF-7EB736FD4AA2): 10
LogDevObjectVersion:   Dev-Build (E1C64328-A22C-4D53-A36C-8E866417BD8C): 0
LogDevObjectVersion:   Dev-Core (375EC13C-06E4-48FB-B500-84F0262A717E): 2
LogDevObjectVersion:   Dev-Editor (E4B068ED-F494-42E9-A231-DA0B2E46BB41): 23
LogDevObjectVersion:   Dev-Framework (CFFC743F-43B0-4480-9391-14DF171D2073): 33
LogDevObjectVersion:   Dev-Mobile (B02B49B5-BB20-44E9-A304-32B752E40360): 2
LogDevObjectVersion:   Dev-Networking (A4E4105C-59A1-49B5-A7C5-40C4547EDFEE): 0
LogDevObjectVersion:   Dev-Online (39C831C9-5AE6-47DC-9A44-9C173E1C8E7C): 0
LogDevObjectVersion:   Dev-Physics (78F01B33-EBEA-4F98-B9B4-84EACCB95AA2): 0
LogDevObjectVersion:   Dev-Platform (6631380F-2D4D-43E0-8009-CF276956A95A): 0
LogDevObjectVersion:   Dev-Rendering (12F88B9F-8875-4AFC-A67C-D90C383ABD29): 25
LogDevObjectVersion:   Dev-Sequencer (7B5AE74C-D270-4C10-A958-57980B212A5A): 6
LogDevObjectVersion:   Dev-VR (D7296918-1DD6-4BDD-9DE2-64A83CC13884): 1
LogDevObjectVersion:   Dev-LoadTimes (C2A15278-BFE7-4AFE-6C17-90FF531DF755): 1
LogDevObjectVersion:   Private-Geometry (6EACA3D4-40EC-4CC1-B786-8BED09428FC5): 2
LogDevObjectVersion:   Dev-AnimPhys (29E575DD-E0A3-4627-9D10-D276232CDCEA): 16
LogDevObjectVersion:   Dev-ReflectionCapture (6B266CEC-1EC7-4B8F-A30B-E4D90942FC07): 1
LogDevObjectVersion:   Dev-Automation (0DF73D61-A23F-47EA-B727-89E90C41499A): 1
LogInit: Compiled (64-bit): Apr 27 2018 02:06:57
LogInit: Compiled with Visual C++: 19.00.24215.01
LogInit: Build Configuration: Development
LogInit: Branch Name: ++UE4+Release-4.19
LogInit: Command Line:  
LogInit: Base Directory: C:/Program Files/Epic Games/UE_4.19/Engine/Binaries/Win64/
LogInit: Installed Engine Build: 1
LogStreaming: Display: Took  0.001s to delete old logs.
LogInit: Presizing for max 8388607 objects, including 0 objects not considered by GC, pre-allocating 0 bytes for permanent pool.
LogInit: Object subsystem initialized
[2022.04.30-08.54.35:672][  0]LogInit: Selected Device Profile: [Windows]
[2022.04.30-08.54.35:672][  0]LogInit: Applying CVar settings loaded from the selected device profile: [Windows]
[2022.04.30-08.54.35:698][  0]LogInit: Computer: DESKTOP-7UCRDP7
[2022.04.30-08.54.35:698][  0]LogInit: User: A
[2022.04.30-08.54.35:698][  0]LogInit: CPU Page size=4096, Cores=16
[2022.04.30-08.54.35:698][  0]LogInit: High frequency timer resolution =10.000000 MHz
[2022.04.30-08.54.35:698][  0]LogMemory: Memory total: Physical=63.9GB (64GB approx)
[2022.04.30-08.54.35:698][  0]LogMemory: Platform Memory Stats for Windows
[2022.04.30-08.54.35:698][  0]LogMemory: Process Physical Memory: 280.93 MB used, 280.94 MB peak
[2022.04.30-08.54.35:698][  0]LogMemory: Process Virtual Memory: 275.43 MB used, 275.43 MB peak
[2022.04.30-08.54.35:698][  0]LogMemory: Physical Memory: 8003.71 MB used,  57475.18 MB free, 65478.89 MB total
[2022.04.30-08.54.35:698][  0]LogMemory: Virtual Memory: 4859.32 MB used,  57475.18 MB free, 134217728.00 MB total
[2022.04.30-08.54.35:824][  0]LogInit: Using OS detected language (ko-KR).
[2022.04.30-08.54.35:824][  0]LogInit: Using OS detected locale (ko-KR).
[2022.04.30-08.54.35:834][  0]LogTextLocalizationManager: No specific localization for 'ko-KR' exists, so the 'ko' localization will be used.
[2022.04.30-08.54.36:144][  0]LogStreaming: Display: Took  0.319s to EndInitTextLocalization.
[2022.04.30-08.54.36:144][  0]LogInit: Setting process to per monitor DPI aware
[2022.04.30-08.54.36:194][  0]LogSlate: New Slate User Created.  User Index 0, Is Virtual User: 0
[2022.04.30-08.54.36:194][  0]LogSlate: Slate User Registered.  User Index 0, Is Virtual User: 0
[2022.04.30-08.54.36:594][  0]LogD3D11RHI: D3D11 adapters:
[2022.04.30-08.54.36:730][  0]LogD3D11RHI:    0. 'NVIDIA GeForce RTX 3070' (Feature Level 11_0)
[2022.04.30-08.54.36:730][  0]LogD3D11RHI:       8043/0/32739 MB DedicatedVideo/DedicatedSystem/SharedSystem, Outputs:2, VendorId:0x10de
[2022.04.30-08.54.36:732][  0]LogD3D11RHI:    1. 'Microsoft Basic Render Driver' (Feature Level 11_0)
[2022.04.30-08.54.36:732][  0]LogD3D11RHI:       0/0/32739 MB DedicatedVideo/DedicatedSystem/SharedSystem, Outputs:0, VendorId:0x1414
[2022.04.30-08.54.36:732][  0]LogD3D11RHI: Chosen D3D11 Adapter: 0
[2022.04.30-08.54.36:740][  0]LogD3D11RHI: Creating new Direct3DDevice
[2022.04.30-08.54.36:740][  0]LogD3D11RHI:     GPU DeviceId: 0x2488 (for the marketing name, search the web for "GPU Device Id")
[2022.04.30-08.54.36:740][  0]LogWindows: EnumDisplayDevices:
[2022.04.30-08.54.36:740][  0]LogWindows:    0. 'NVIDIA GeForce RTX 3070' (P:1 D:1)
[2022.04.30-08.54.36:741][  0]LogWindows:    1. 'NVIDIA GeForce RTX 3070' (P:0 D:1)
[2022.04.30-08.54.36:741][  0]LogWindows:    2. 'NVIDIA GeForce RTX 3070' (P:0 D:0)
[2022.04.30-08.54.36:741][  0]LogWindows:    3. 'NVIDIA GeForce RTX 3070' (P:0 D:0)
[2022.04.30-08.54.36:742][  0]LogWindows: DebugString: GetVideoDriverDetailsInvalid PrimaryIsNotTheChoosenAdapter GetVideoDriverDetailsInvalid PrimaryIsNotTheChoosenAdapter GetVideoDriverDetailsInvalid PrimaryIsNotTheChoosenAdapter GetVideoDriverDetailsInvalid PrimaryIsNotTheChoosenAdapter FoundDriverCount:0 
[2022.04.30-08.54.36:742][  0]LogD3D11RHI:     Adapter Name: NVIDIA GeForce RTX 3070
[2022.04.30-08.54.36:742][  0]LogD3D11RHI:   Driver Version: Unknown (internal:Unknown, unified:Unknown)
[2022.04.30-08.54.36:742][  0]LogD3D11RHI:      Driver Date: Unknown
[2022.04.30-08.54.36:742][  0]LogRHI: Texture pool is 5630 MB (70% of 8043 MB)
[2022.04.30-08.54.36:793][  0]LogD3D11RHI: [Aftermath] Aftermath enabled and primed
[2022.04.30-08.54.36:793][  0]LogD3D11RHI: [Aftermath] Aftermath enabled and primed
[2022.04.30-08.54.36:793][  0]LogD3D11RHI: Async texture creation enabled
[2022.04.30-08.54.36:829][  0]LogD3D11RHI: GPU Timing Frequency: 1000.000000 (Debug: 2 2)
[2022.04.30-08.54.36:836][  0]LogShaderCompilers: Guid format shader working directory is -9 characters bigger than the processId version (D:/Work/03_Program/Unreal-Study/UE4CPP/ArenaBattle/Intermediate/Shaders/WorkingDirectory/24008/).
[2022.04.30-08.54.36:837][  0]LogShaderCompilers: Cleaned the shader compiler working directory 'C:/Users/A/AppData/Local/Temp/UnrealShaderWorkingDir/E8F0E3A74E5D06AF761B3B883DD4239E/'.
[2022.04.30-08.54.37:054][  0]LogTemp: Display: Loaded TP AllDesktopTargetPlatform
[2022.04.30-08.54.37:066][  0]LogTemp: Display: Loaded TP MacClientTargetPlatform
[2022.04.30-08.54.37:077][  0]LogTemp: Display: Loaded TP MacNoEditorTargetPlatform
[2022.04.30-08.54.37:088][  0]LogTemp: Display: Loaded TP MacServerTargetPlatform
[2022.04.30-08.54.37:101][  0]LogTemp: Display: Loaded TP MacTargetPlatform
[2022.04.30-08.54.37:113][  0]LogTemp: Display: Loaded TP WindowsClientTargetPlatform
[2022.04.30-08.54.37:150][  0]LogTemp: Display: Loaded TP WindowsNoEditorTargetPlatform
[2022.04.30-08.54.37:161][  0]LogTemp: Display: Loaded TP WindowsServerTargetPlatform
[2022.04.30-08.54.37:167][  0]LogTemp: Display: Loaded TP WindowsTargetPlatform
[2022.04.30-08.54.37:178][  0]LogTemp: Display: Loaded TP Android_ASTCTargetPlatform
[2022.04.30-08.54.37:190][  0]LogTemp: Display: Loaded TP Android_ATCTargetPlatform
[2022.04.30-08.54.37:200][  0]LogTemp: Display: Loaded TP Android_DXTTargetPlatform
[2022.04.30-08.54.37:209][  0]LogTemp: Display: Loaded TP Android_ETC1aTargetPlatform
[2022.04.30-08.54.37:219][  0]LogTemp: Display: Loaded TP Android_ETC1TargetPlatform
[2022.04.30-08.54.37:228][  0]LogTemp: Display: Loaded TP Android_ETC2TargetPlatform
[2022.04.30-08.54.37:247][  0]LogTemp: Display: Loaded TP Android_MultiTargetPlatform
[2022.04.30-08.54.37:247][  0]LogTemp: Display: Loaded TP Android_PVRTCTargetPlatform
[2022.04.30-08.54.37:258][  0]LogTemp: Display: Loaded TP AndroidTargetPlatform
[2022.04.30-08.54.37:260][  0]LogTemp: Display: Loaded TP HTML5TargetPlatform
[2022.04.30-08.54.37:298][  0]LogTemp: Display: Loaded TP IOSTargetPlatform
[2022.04.30-08.54.37:307][  0]LogTemp: Display: Loaded TP TVOSTargetPlatform
[2022.04.30-08.54.37:316][  0]LogTemp: Display: Loaded TP LinuxClientTargetPlatform
[2022.04.30-08.54.37:325][  0]LogTemp: Display: Loaded TP LinuxNoEditorTargetPlatform
[2022.04.30-08.54.37:334][  0]LogTemp: Display: Loaded TP LinuxServerTargetPlatform
[2022.04.30-08.54.37:344][  0]LogTemp: Display: Loaded TP LinuxTargetPlatform
[2022.04.30-08.54.37:344][  0]LogTargetPlatformManager: Display: Building Assets For Windows
[2022.04.30-08.54.37:492][  0]LogXGEController: Cleaning working directory: C:/Users/A/AppData/Local/Temp/UnrealXGEWorkingDir/
[2022.04.30-08.54.37:492][  0]LogXGEController: Cannot use XGE Controller as Incredibuild is not installed on this machine.
[2022.04.30-08.54.37:492][  0]LogShaderCompilers: Cannot use XGE Shader Compiler as Incredibuild is not installed on this machine.
[2022.04.30-08.54.37:492][  0]LogShaderCompilers: Display: Using Local Shader Compiler.
[2022.04.30-08.54.38:255][  0]LogDerivedDataCache: Display: Max Cache Size: 512 MB
[2022.04.30-08.54.38:355][  0]LogDerivedDataCache: Loaded boot cache 0.10s 74MB C:/Users/A/AppData/Local/UnrealEngine/4.19/DerivedDataCache/Boot.ddc.
[2022.04.30-08.54.38:355][  0]LogDerivedDataCache: Display: Loaded Boot cache: C:/Users/A/AppData/Local/UnrealEngine/4.19/DerivedDataCache/Boot.ddc
[2022.04.30-08.54.38:356][  0]LogDerivedDataCache: FDerivedDataBackendGraph:  Pak pak cache file D:/Work/03_Program/Unreal-Study/UE4CPP/ArenaBattle/DerivedDataCache/DDC.ddp not found, will not use a pak cache.
[2022.04.30-08.54.38:356][  0]LogDerivedDataCache: Unable to find inner node Pak for hierarchical cache Hierarchy.
[2022.04.30-08.54.38:356][  0]LogDerivedDataCache: FDerivedDataBackendGraph:  CompressedPak pak cache file D:/Work/03_Program/Unreal-Study/UE4CPP/ArenaBattle/DerivedDataCache/Compressed.ddp not found, will not use a pak cache.
[2022.04.30-08.54.38:356][  0]LogDerivedDataCache: Unable to find inner node CompressedPak for hierarchical cache Hierarchy.
[2022.04.30-08.54.38:369][  0]LogDerivedDataCache: Display: Pak cache opened for reading ../../../Engine/DerivedDataCache/Compressed.ddp.
[2022.04.30-08.54.38:381][  0]LogDerivedDataCache: Using Local data cache path C:/Users/A/AppData/Local/UnrealEngine/Common/DerivedDataCache: Writable
[2022.04.30-08.54.38:381][  0]LogDerivedDataCache: Shared data cache path not found in *engine.ini, will not use an Shared cache.
[2022.04.30-08.54.38:381][  0]LogDerivedDataCache: Unable to find inner node Shared for hierarchical cache Hierarchy.
[2022.04.30-08.54.38:390][  0]LogMaterial: Verifying Global Shaders for PCD3D_SM5
[2022.04.30-08.54.38:392][  0]LogSlate: Using Freetype 2.6.0
[2022.04.30-08.54.38:395][  0]LogSlate: SlateFontCache - WITH_FREETYPE: 1, WITH_HARFBUZZ: 1
[2022.04.30-08.54.38:395][  0]LogSlate: SlateFontCache - WITH_FREETYPE: 1, WITH_HARFBUZZ: 1
[2022.04.30-08.54.38:676][  0]LogAssetRegistry: FAssetRegistry took 0.0257 seconds to start up
[2022.04.30-08.54.38:930][  0]LogInit: Selected Device Profile: [Windows]
[2022.04.30-08.54.39:071][  0]LogSimplygon: Simplygon DLL not present - disabling.
[2022.04.30-08.54.39:075][  0]LogMeshReduction: Using SimplygonSwarm for distributed automatic mesh merging
[2022.04.30-08.54.39:075][  0]LogMeshReduction: Using QuadricMeshReduction for automatic static mesh reduction
[2022.04.30-08.54.39:075][  0]LogMeshReduction: No automatic skeletal mesh reduction module available
[2022.04.30-08.54.39:075][  0]LogMeshReduction: No automatic mesh merging module available
[2022.04.30-08.54.39:075][  0]LogMeshMerging: No automatic mesh merging module available
[2022.04.30-08.54.39:111][  0]LogNetVersion: ArenaBattle , NetCL: 3944462, EngineNetVer: 2, GameNetVer: 0 (Checksum: 3555152549)
[2022.04.30-08.54.39:500][  0]LogPackageLocalizationCache: Processed 9 localized package path(s) for 2 prioritized culture(s) in 0.052134 seconds
[2022.04.30-08.54.39:504][  0]LogUObjectArray: 36728 objects as part of root set at end of initial load.
[2022.04.30-08.54.39:504][  0]LogUObjectAllocator: 7314304 out of 0 bytes used by permanent object pool.
[2022.04.30-08.54.39:504][  0]LogUObjectArray: CloseDisregardForGC: 0/0 objects in disregard for GC pool
[2022.04.30-08.54.41:398][  0]LogTcpMessaging: Initializing TcpMessaging bridge
[2022.04.30-08.54.41:429][  0]LogUdpMessaging: Initializing bridge on interface 0.0.0.0:0 to multicast group 230.0.0.1:6666.
[2022.04.30-08.54.41:834][  0]SourceControl: 소스 콘트롤이 꺼졌습니다.
[2022.04.30-08.54.43:860][  0]LogAndroidPermission: UAndroidPermissionCallbackProxy::GetInstance
[2022.04.30-08.54.44:090][  0]LogOcInput: OculusInput pre-init called
[2022.04.30-08.54.44:191][  0]LogEngine: Initializing Engine...
[2022.04.30-08.54.44:196][  0]LogHMD: Failed to initialize OpenVR with code 110
[2022.04.30-08.54.44:197][  0]LogStats: UGameplayTagsManager::ConstructGameplayTagTree: Construct from data asset -  0.000 s
[2022.04.30-08.54.44:197][  0]LogStats: UGameplayTagsManager::ConstructGameplayTagTree: GameplayTagTreeChangedEvent.Broadcast -  0.000 s
[2022.04.30-08.54.44:366][  0]LogAIModule: Creating AISystem for world Untitled
[2022.04.30-08.54.44:416][  0]LogInit: XAudio2 using '스피커(USB Audio Device)' : 2 channels at 48 kHz using 16 bits per sample (channel mask 0x3)
[2022.04.30-08.54.44:449][  0]LogInit: FAudioDevice initialized.
[2022.04.30-08.54.44:483][  0]LogDerivedDataCache: Saved boot cache 0.03s 74MB C:/Users/A/AppData/Local/UnrealEngine/4.19/DerivedDataCache/Boot.ddc.
[2022.04.30-08.54.44:488][  0]LogInit: Texture streaming: Enabled
[2022.04.30-08.54.44:504][  0]LogEngineSessionManager: EngineSessionManager initialized
[2022.04.30-08.54.44:519][  0]LogInit: Transaction tracking system initialized
[2022.04.30-08.54.44:546][  0]BlueprintLog: New page: 에디터 로드
[2022.04.30-08.54.44:628][  0]LocalizationService: 현지화 서비스가 비활성화되었습니다.
[2022.04.30-08.54.44:732][  0]LogConsoleResponse: Display: 
[2022.04.30-08.54.44:857][  0]LogCook: Display: Max memory allowance for cook 16384mb min free memory 0mb
[2022.04.30-08.54.44:857][  0]LogCook: Display: Mobile HDR setting 1
[2022.04.30-08.54.44:857][  0]LogGameplayTags: Display: UGameplayTagsManager::DoneAddingNativeTags. DelegateIsBound: 0
[2022.04.30-08.54.44:857][  0]LogStats: UGameplayTagsManager::ConstructGameplayTagTree: Construct from data asset -  0.000 s
[2022.04.30-08.54.44:857][  0]LogStats: UGameplayTagsManager::ConstructGameplayTagTree: GameplayTagTreeChangedEvent.Broadcast -  0.000 s
[2022.04.30-08.54.45:247][  0]LogFileCache: Scanning file cache for directory 'D:/Work/03_Program/Unreal-Study/UE4CPP/ArenaBattle/Content/' took 0.02s
[2022.04.30-08.54.45:247][  0]Cmd: MAP LOAD FILE="D:/Work/03_Program/Unreal-Study/UE4CPP/ArenaBattle/Content/Book/Map/Step1.umap" TEMPLATE=0 SHOWPROGRESS=1 FEATURELEVEL=3
[2022.04.30-08.54.45:262][  0]LightingResults: New page: 라이팅 빌드
[2022.04.30-08.54.45:266][  0]MapCheck: New page: 맵 체크
[2022.04.30-08.54.45:266][  0]LightingResults: New page: 라이팅 빌드
[2022.04.30-08.54.45:642][  0]LogAIModule: Creating AISystem for world Step1
[2022.04.30-08.54.45:650][  0]LogEditorServer: Finished looking for orphan Actors (0.000 secs)
[2022.04.30-08.54.45:659][  0]Cmd: MAP CHECKDEP NOCLEARLOG
[2022.04.30-08.54.45:722][  0]MapCheck: 맵 체크 완료: 오류 0 회, 경고 0 회, 소요 시간 63.024ms.
[2022.04.30-08.54.45:722][  0]LogFileHelpers: Loading map 'Step1' took 0.476
[2022.04.30-08.54.45:867][  0]LogCollectionManager: Loaded 0 collections in 0.001614 seconds
[2022.04.30-08.54.45:915][  0]LogFileCache: Scanning file cache for directory 'D:/Work/03_Program/Unreal-Study/UE4CPP/ArenaBattle/Saved/Collections/' took 0.01s
[2022.04.30-08.54.45:915][  0]LogFileCache: Scanning file cache for directory 'D:/Work/03_Program/Unreal-Study/UE4CPP/ArenaBattle/Content/Developers/A/Collections/' took 0.01s
[2022.04.30-08.54.45:915][  0]LogFileCache: Scanning file cache for directory 'D:/Work/03_Program/Unreal-Study/UE4CPP/ArenaBattle/Content/Collections/' took 0.01s
[2022.04.30-08.54.45:915][  0]LogCollectionManager: Rebuilt the GUID cache for 0 collections in 0.000001 seconds
[2022.04.30-08.54.45:923][  0]LogContentBrowser: Native class hierarchy populated in 0.0076 seconds. Added 2453 classes and 560 folders.
[2022.04.30-08.54.45:931][  0]LogContentBrowser: Native class hierarchy updated for 'WidgetCarousel' in 0.0007 seconds. Added 0 classes and 0 folders.
[2022.04.30-08.54.46:033][  0]LogContentBrowser: Native class hierarchy updated for 'AddContentDialog' in 0.0005 seconds. Added 0 classes and 0 folders.
[2022.04.30-08.54.46:040][  0]LogContentBrowser: Native class hierarchy updated for 'SceneOutliner' in 0.0005 seconds. Added 1 classes and 2 folders.
[2022.04.30-08.54.46:080][  0]LogSlate: Took 0.001433 seconds to synchronously load lazily loaded font '../../../Engine/Content/Slate/Fonts/Roboto-Regular.ttf' (155K)
[2022.04.30-08.54.46:091][  0]LogSlate: Took 0.009678 seconds to synchronously load lazily loaded font '../../../Engine/Content/Editor/Slate/Fonts/NanumGothic.ttf' (4243K)
[2022.04.30-08.54.46:100][  0]LogSlate: Took 0.008606 seconds to synchronously load lazily loaded font '../../../Engine/Content/Editor/Slate/Fonts/NanumGothicBold.ttf' (4188K)
[2022.04.30-08.54.46:100][  0]LogSlate: Took 0.000677 seconds to synchronously load lazily loaded font '../../../Engine/Content/Slate/Fonts/Roboto-Bold.ttf' (160K)
[2022.04.30-08.54.46:105][  0]LogSlate: Took 0.000715 seconds to synchronously load lazily loaded font '../../../Engine/Content/Editor/Slate/Fonts/FontAwesome.ttf' (139K)
[2022.04.30-08.54.46:170][  0]LogRenderer: Reallocating scene render targets to support 1616x808 Format 10 NumSamples 1 (Frame:1).
[2022.04.30-08.54.46:292][  0]LogContentBrowser: Native class hierarchy updated for 'HierarchicalLODOutliner' in 0.0006 seconds. Added 0 classes and 0 folders.
[2022.04.30-08.54.46:292][  0]LogLoad: (Engine Initialization) Total time: 16.51 seconds
[2022.04.30-08.54.46:292][  0]LogLoad: (Engine Initialization) Total Blueprint compile time: 0.00 seconds
[2022.04.30-08.54.46:648][  0]LogAssetRegistry: Asset discovery search completed in 7.9943 seconds
[2022.04.30-08.54.46:650][  0]LogCollectionManager: Rebuilt the object cache for 0 collections in 0.000000 seconds (found 0 objects)
[2022.04.30-08.54.46:650][  0]LogCollectionManager: Fixed up redirectors for 0 collections in 0.000055 seconds (updated 0 objects)
[2022.04.30-08.54.46:654][  0]LogContentStreaming: Texture pool size now 1000 MB
[2022.04.30-08.54.51:628][ 15]LogSlate: FSceneViewport::OnFocusLost() reason 0
[2022.04.30-08.55.06:109][411]LogSlate: FSceneViewport::OnFocusLost() reason 0
[2022.04.30-09.18.16:753][354]LogSlate: Took 0.004544 seconds to synchronously load lazily loaded font '../../../Engine/Content/Slate/Fonts/Roboto-Light.ttf' (167K)
[2022.04.30-09.18.23:076][524]LogVSAccessor: Warning: Couldn't goto line number '1' in 'D:/Work/03_Program/Unreal-Study/UE4CPP/ArenaBattle/Source/ArenaBattle/Fountain.h'
[2022.04.30-09.18.23:084][524]LogVSAccessor: Warning: Couldn't open file 'D:/Work/03_Program/Unreal-Study/UE4CPP/ArenaBattle/Source/ArenaBattle/Fountain.cpp'.
[2022.04.30-13.05.58:842][622]Candidate modules for hot reload:
[2022.04.30-13.05.58:842][622]  ArenaBattle
[2022.04.30-13.05.58:842][622]Launching UnrealBuildTool... [C:/Program Files/Epic Games/UE_4.19/Engine/Binaries/DotNET/UnrealBuildTool.exe ArenaBattle -ModuleWithSuffix=ArenaBattle,6961 Win64 Development -editorrecompile -canskiplink "D:/Work/03_Program/Unreal-Study/UE4CPP/ArenaBattle/ArenaBattle.uproject" ]
[2022.04.30-13.05.58:853][622]Warning: Starting HotReload took  0.0s.
[2022.04.30-13.06.14:210][444]CompilerResultsLog: New page: 컴파일 - 2022. 5. 1. 오전 7:06:14
[2022.04.30-13.06.14:210][444]CompilerResultsLog: Compiling game modules for hot reload
[2022.04.30-13.06.14:210][444]CompilerResultsLog: Parsing headers for ArenaBattleEditor
[2022.04.30-13.06.14:210][444]CompilerResultsLog:   Running UnrealHeaderTool "D:\Work\03_Program\Unreal-Study\UE4CPP\ArenaBattle\ArenaBattle.uproject" "D:\Work\03_Program\Unreal-Study\UE4CPP\ArenaBattle\Intermediate\Build\Win64\ArenaBattleEditor\Development\ArenaBattleEditor.uhtmanifest" -LogCmds="loginit warning, logexit warning, logdatabase error" -Unattended -WarningsAsErrors -installed
[2022.04.30-13.06.14:210][444]CompilerResultsLog: Reflection code generated for ArenaBattleEditor in 8.5409528 seconds
[2022.04.30-13.06.14:210][444]CompilerResultsLog: Performing 5 actions (24 in parallel)
[2022.04.30-13.06.14:210][444]CompilerResultsLog: Fountain.gen.cpp
[2022.04.30-13.06.14:210][444]CompilerResultsLog: Fountain.cpp
[2022.04.30-13.06.14:210][444]CompilerResultsLog: ArenaBattle.init.gen.cpp
[2022.04.30-13.06.14:210][444]CompilerResultsLog: [4/5] Link UE4Editor-ArenaBattle-6961.dll
[2022.04.30-13.06.14:210][444]CompilerResultsLog: [5/5] Link UE4Editor-ArenaBattle-6961.lib
[2022.04.30-13.06.14:210][444]CompilerResultsLog:    D:\Work\03_Program\Unreal-Study\UE4CPP\ArenaBattle\Intermediate\Build\Win64\UE4Editor\Development\UE4Editor-ArenaBattle-6961.lib ???̺귯?? ?? D:\Work\03_Program\Unreal-Study\UE4CPP\ArenaBattle\Intermediate\Build\Win64\UE4Editor\Development\UE4Editor-ArenaBattle-6961.exp ??ü?? ?????ϰ? ?ֽ??ϴ?.
[2022.04.30-13.06.14:210][444]CompilerResultsLog:    D:\Work\03_Program\Unreal-Study\UE4CPP\ArenaBattle\Intermediate\Build\Win64\UE4Editor\Development\UE4Editor-ArenaBattle-6961.suppressed.lib ???̺귯?? ?? D:\Work\03_Program\Unreal-Study\UE4CPP\ArenaBattle\Intermediate\Build\Win64\UE4Editor\Development\UE4Editor-ArenaBattle-6961.suppressed.exp ??ü?? ?????ϰ? ?ֽ??ϴ?.
[2022.04.30-13.06.14:210][444]CompilerResultsLog: Total build time: 15.16 seconds (Local executor: 5.28 seconds)
[2022.04.30-13.06.14:210][444]LogMainFrame: MainFrame: Module compiling took 15.374 seconds
[2022.04.30-13.06.15:016][444]LogClass: Could not find existing class Fountain in package /Script/ArenaBattle for HotReload, assuming new class
[2022.04.30-13.06.15:018][444]LogHotReload: Re-instancing Fountain after hot-reload.
[2022.04.30-13.06.15:048][444]LogContentBrowser: Native class hierarchy updated for 'ArenaBattle' in 0.0006 seconds. Added 1 classes and 2 folders.
[2022.04.30-13.06.15:050][444]Display: HotReload successful (0 functions remapped  0 scriptstructs remapped)
[2022.04.30-13.06.15:063][444]LogContentBrowser: Native class hierarchy populated in 0.0067 seconds. Added 2454 classes and 562 folders.
[2022.04.30-13.06.15:063][444]Display: HotReload took 16.2s.
[2022.04.30-13.07.13:799][492]LogSlate: FSceneViewport::OnFocusLost() reason 0
[2022.04.30-13.07.19:568][166]LogEditor: Attempting to add actor of class 'Fountain' to level at -580.00,-90.00,0.00
[2022.04.30-13.07.21:043][339]LogEditor: Attempting to add actor of class 'Fountain' to level at -620.00,-280.00,350.00
[2022.04.30-13.07.21:265][364]LogEditor: Attempting to add actor of class 'Fountain' to level at -110.00,420.00,0.00
[2022.04.30-13.07.24:775][778]LogSlate: Took 0.003915 seconds to synchronously load lazily loaded font '../../../Engine/Content/Slate/Fonts/Roboto-Italic.ttf' (157K)
[2022.04.30-13.07.27:310][ 82]Cmd: DELETE
[2022.04.30-13.07.27:310][ 82]Cmd: ACTOR DELETE
[2022.04.30-13.07.27:313][ 82]LogEditorActor: Deleted Actor: Fountain
[2022.04.30-13.07.27:317][ 82]LogEditorActor: Deleted 1 Actors (0.006 secs)
[2022.04.30-13.07.31:890][622]LogSlate: FSceneViewport::OnFocusLost() reason 0
[2022.04.30-13.07.59:010][ 64]Cmd: OBJ SAVEPACKAGE PACKAGE="/Game/Book/Map/Step1" FILE="D:/Work/03_Program/Unreal-Study/UE4CPP/ArenaBattle/Saved/Autosaves/Game/Book/Map/Step1_Auto1.umap" SILENT=true AUTOSAVING=true KEEPDIRTY=false
[2022.04.30-13.07.59:044][ 64]LogSavePackage: Save=14.58ms
[2022.04.30-13.07.59:044][ 64]LogSavePackage: Moving 'D:/Work/03_Program/Unreal-Study/UE4CPP/ArenaBattle/Saved/Step1_Auto19CE90C374A5D877C2852B2A76201ADC4.tmp' to 'D:/Work/03_Program/Unreal-Study/UE4CPP/ArenaBattle/Saved/Autosaves/Game/Book/Map/Step1_Auto1.umap'
[2022.04.30-13.07.59:045][ 64]LogSavePackage: Display: Finished SavePackage D:/Work/03_Program/Unreal-Study/UE4CPP/ArenaBattle/Saved/Autosaves/Game/Book/Map/Step1_Auto1.umap
[2022.04.30-13.07.59:046][ 64]LogFileHelpers: Editor autosave (incl. sublevels) for '/Game/Book/Map/Step1' took 0.042
[2022.04.30-13.07.59:047][ 64]LogFileHelpers: Editor autosave (incl. sublevels) for all levels took 0.042
[2022.04.30-13.09.01:321][251]LogHotReload: New module detected: UE4Editor-ArenaBattle-8486.dll
[2022.04.30-13.09.02:003][254]LogHotReload: Starting Hot-Reload from IDE
[2022.04.30-13.09.02:366][254]LogContentBrowser: Native class hierarchy updated for 'ArenaBattle' in 0.0005 seconds. Added 1 classes and 2 folders.
[2022.04.30-13.09.02:368][254]Display: HotReload successful (0 functions remapped  0 scriptstructs remapped)
[2022.04.30-13.09.02:689][254]LogContentBrowser: Native class hierarchy populated in 0.0076 seconds. Added 2454 classes and 562 folders.
[2022.04.30-13.09.02:695][254]Display: HotReload took  0.7s.
[2022.04.30-13.11.11:821][989]LogSlate: FSceneViewport::OnFocusLost() reason 0
[2022.04.30-13.11.13:063][137]LogEditor: Attempting to add actor of class 'Fountain' to level at -180.00,-620.00,180.00
[2022.04.30-13.11.13:373][173]LogEditor: Attempting to add actor of class 'Fountain' to level at 120.00,-50.00,0.00
[2022.04.30-13.11.29:304][ 75]LogEditorViewport: Clicking on Actor (LMB): StaticMeshActor (SM_SQUARE)
[2022.04.30-13.11.36:782][959]LogSlate: FSceneViewport::OnFocusLost() reason 2
[2022.04.30-13.11.58:110][561]LogSlate: FSceneViewport::OnFocusLost() reason 0
[2022.04.30-13.18.00:545][137]Cmd: OBJ SAVEPACKAGE PACKAGE="/Game/Book/Map/Step1" FILE="D:/Work/03_Program/Unreal-Study/UE4CPP/ArenaBattle/Saved/Autosaves/Game/Book/Map/Step1_Auto2.umap" SILENT=true AUTOSAVING=true KEEPDIRTY=false
[2022.04.30-13.18.00:574][137]LogSavePackage: Save=26.74ms
[2022.04.30-13.18.00:574][137]LogSavePackage: Moving 'D:/Work/03_Program/Unreal-Study/UE4CPP/ArenaBattle/Saved/Step1_Auto265AAF1E44981850435DE47BF69037931.tmp' to 'D:/Work/03_Program/Unreal-Study/UE4CPP/ArenaBattle/Saved/Autosaves/Game/Book/Map/Step1_Auto2.umap'
[2022.04.30-13.18.00:575][137]LogSavePackage: Display: Finished SavePackage D:/Work/03_Program/Unreal-Study/UE4CPP/ArenaBattle/Saved/Autosaves/Game/Book/Map/Step1_Auto2.umap
[2022.04.30-13.18.00:576][137]LogFileHelpers: Editor autosave (incl. sublevels) for '/Game/Book/Map/Step1' took 0.037
[2022.04.30-13.18.00:576][137]LogFileHelpers: Editor autosave (incl. sublevels) for all levels took 0.037
[2022.04.30-13.33.08:424][635]LogInit: XAudio2 using 'C32JG5x(NVIDIA High Definition Audio)' : 2 channels at 48 kHz using 16 bits per sample (channel mask 0x3)
[2022.04.30-14.09.34:085][192]LogAudio: Warning: Current Audio Device with ID {0.0.0.00000000}.{b3a180fe-48ca-477c-97b7-49c129976fbe} was removed. Shutting down audio device.
[2022.04.30-14.09.34:085][192]LogInit: XAudio2 using '스피커(USB Audio Device)' : 2 channels at 48 kHz using 16 bits per sample (channel mask 0x3)
[2022.04.30-14.10.17:759][323]LogInit: XAudio2 using 'C32JG5x(NVIDIA High Definition Audio)' : 2 channels at 48 kHz using 16 bits per sample (channel mask 0x3)
[2022.04.30-14.25.21:708][ 35]LogAudio: Warning: Current Audio Device with ID {0.0.0.00000000}.{b3a180fe-48ca-477c-97b7-49c129976fbe} was removed. Shutting down audio device.
[2022.04.30-14.25.21:708][ 35]LogInit: XAudio2 using '스피커(USB Audio Device)' : 2 channels at 48 kHz using 16 bits per sample (channel mask 0x3)
[2022.04.30-14.58.21:488][974]LogInit: XAudio2 using 'C32JG5x(NVIDIA High Definition Audio)' : 2 channels at 48 kHz using 16 bits per sample (channel mask 0x3)
[2022.04.30-15.13.26:402][689]LogAudio: Warning: Current Audio Device with ID {0.0.0.00000000}.{b3a180fe-48ca-477c-97b7-49c129976fbe} was removed. Shutting down audio device.
[2022.04.30-15.13.26:403][689]LogInit: XAudio2 using '스피커(USB Audio Device)' : 2 channels at 48 kHz using 16 bits per sample (channel mask 0x3)
[2022.04.30-15.14.58:746][966]LogInit: XAudio2 using 'C32JG5x(NVIDIA High Definition Audio)' : 2 channels at 48 kHz using 16 bits per sample (channel mask 0x3)
[2022.04.30-15.29.58:709][666]LogAudio: Warning: Current Audio Device with ID {0.0.0.00000000}.{b3a180fe-48ca-477c-97b7-49c129976fbe} was removed. Shutting down audio device.
[2022.04.30-15.29.58:709][666]LogInit: XAudio2 using '스피커(USB Audio Device)' : 2 channels at 48 kHz using 16 bits per sample (channel mask 0x3)
[2022.04.30-16.01.44:762][384]LogInit: XAudio2 using 'C32JG5x(NVIDIA High Definition Audio)' : 2 channels at 48 kHz using 16 bits per sample (channel mask 0x3)
[2022.04.30-16.27.37:727][ 43]LogAudio: Warning: Current Audio Device with ID {0.0.0.00000000}.{b3a180fe-48ca-477c-97b7-49c129976fbe} was removed. Shutting down audio device.
[2022.04.30-16.27.37:727][ 43]LogInit: XAudio2 using '스피커(USB Audio Device)' : 2 channels at 48 kHz using 16 bits per sample (channel mask 0x3)
[2022.04.30-16.32.27:802][913]LogInit: XAudio2 using 'C32JG5x(NVIDIA High Definition Audio)' : 2 channels at 48 kHz using 16 bits per sample (channel mask 0x3)
[2022.04.30-16.35.25:397][446]LogInit: XAudio2 using '스피커(USB Audio Device)' : 2 channels at 48 kHz using 16 bits per sample (channel mask 0x3)
[2022.04.30-18.21.55:013][615]LogWindowsTextInputMethodSystem: Display: IME system now deactivated.
[2022.04.30-18.21.55:019][615]LogWindowsTextInputMethodSystem: Display: IME system now activated using TSF (한컴 입력기).
[2022.04.30-18.22.15:076][500]LogSlate: Window '콘텐츠 저장' being destroyed
[2022.04.30-18.22.16:638][500]Cmd: OBJ SAVEPACKAGE PACKAGE="/Game/Book/Map/Step1" FILE="D:/Work/03_Program/Unreal-Study/UE4CPP/ArenaBattle/Content/Book/Map/Step1.umap" SILENT=true AUTOSAVING=false KEEPDIRTY=false
[2022.04.30-18.22.16:663][500]LogSavePackage: Save=16.23ms
[2022.04.30-18.22.16:663][500]LogSavePackage: Moving 'D:/Work/03_Program/Unreal-Study/UE4CPP/ArenaBattle/Saved/Step12A6E20584DC1EBDAEEEC4B856B1F3A78.tmp' to 'D:/Work/03_Program/Unreal-Study/UE4CPP/ArenaBattle/Content/Book/Map/Step1.umap'
[2022.04.30-18.22.16:665][500]LogSavePackage: Display: Finished SavePackage D:/Work/03_Program/Unreal-Study/UE4CPP/ArenaBattle/Content/Book/Map/Step1.umap
[2022.04.30-18.22.16:674][500]LogFileHelpers: Saving map 'Step1' took 1.290
[2022.04.30-18.22.16:700][500]LogSlate: Window 'ArenaBattle - 언리얼 에디터' being destroyed
[2022.04.30-18.22.16:870][501]Cmd: QUIT_EDITOR
[2022.04.30-18.22.16:883][501]LogWindowsTextInputMethodSystem: Display: IME system now activated using TSF (한컴 입력기).
[2022.04.30-18.22.16:891][501]LogSlate: Slate User Destroyed.  User Index 0, Is Virtual User: 0
[2022.04.30-18.22.16:891][501]LogExit: Preparing to exit.
[2022.04.30-18.22.17:115][501]LogExit: Editor shut down
[2022.04.30-18.22.17:118][501]LogExit: Transaction tracking system shut down
[2022.04.30-18.22.17:199][501]LogDirectoryWatcher: A directory notification for '../../../Engine/Content/' was aborted.
[2022.04.30-18.22.17:199][501]LogDirectoryWatcher: A directory notification for 'D:/Work/03_Program/Unreal-Study/UE4CPP/ArenaBattle/Content/' was aborted.
[2022.04.30-18.22.17:200][501]LogDirectoryWatcher: A directory notification for '../../Plugins/2D/Paper2D/Content/' was aborted.
[2022.04.30-18.22.17:200][501]LogDirectoryWatcher: A directory notification for '../../Plugins/Enterprise/DatasmithContent/Content/' was aborted.
[2022.04.30-18.22.17:200][501]LogDirectoryWatcher: A directory notification for '../../Plugins/Media/MediaCompositing/Content/' was aborted.
[2022.04.30-18.22.17:200][501]LogDirectoryWatcher: A directory notification for '../../Plugins/Runtime/AppleARKit/Content/' was aborted.
[2022.04.30-18.22.17:200][501]LogDirectoryWatcher: A directory notification for '../../Plugins/Runtime/Oculus/OculusVR/Content/' was aborted.
[2022.04.30-18.22.17:200][501]LogDirectoryWatcher: A directory notification for '../../Plugins/Runtime/Steam/SteamVR/Content/' was aborted.
[2022.04.30-18.22.17:244][501]LogExit: Object subsystem successfully closed.
[2022.04.30-18.22.17:277][501]LogShaderCompilers: Display: Shaders left to compile 0
[2022.04.30-18.22.17:279][501]LogD3D11RHI: Shutdown
[2022.04.30-18.22.17:279][501]LogD3D11RHI: CleanupD3DDevice
[2022.04.30-18.22.17:280][501]LogD3D11RHI: ~FD3D11DynamicRHI
[2022.04.30-18.22.17:311][501]LogModuleManager: Shutting down and abandoning module ArenaBattle (578)
[2022.04.30-18.22.17:311][501]LogModuleManager: Shutting down and abandoning module HierarchicalLODOutliner (576)
[2022.04.30-18.22.17:311][501]LogModuleManager: Shutting down and abandoning module DesktopPlatform (574)
[2022.04.30-18.22.17:311][501]LogModuleManager: Shutting down and abandoning module SceneOutliner (572)
[2022.04.30-18.22.17:311][501]LogModuleManager: Shutting down and abandoning module AddContentDialog (570)
[2022.04.30-18.22.17:311][501]LogDirectoryWatcher: A directory notification for 'C:/Program Files/Epic Games/UE_4.19/FeaturePacks/' was aborted.
[2022.04.30-18.22.17:312][501]LogModuleManager: Shutting down and abandoning module WidgetCarousel (569)
[2022.04.30-18.22.17:312][501]LogModuleManager: Shutting down and abandoning module EditorWidgets (566)
[2022.04.30-18.22.17:312][501]LogModuleManager: Shutting down and abandoning module CollectionManager (564)
[2022.04.30-18.22.17:312][501]LogDirectoryWatcher: A directory notification for 'D:/Work/03_Program/Unreal-Study/UE4CPP/ArenaBattle/Content/Collections/' was aborted.
[2022.04.30-18.22.17:312][501]LogDirectoryWatcher: A directory notification for 'D:/Work/03_Program/Unreal-Study/UE4CPP/ArenaBattle/Content/Developers/A/Collections/' was aborted.
[2022.04.30-18.22.17:313][501]LogDirectoryWatcher: A directory notification for 'D:/Work/03_Program/Unreal-Study/UE4CPP/ArenaBattle/Saved/Collections/' was aborted.
[2022.04.30-18.22.17:313][501]LogModuleManager: Shutting down and abandoning module StatsViewer (562)
[2022.04.30-18.22.17:313][501]LogModuleManager: Shutting down and abandoning module FoliageEdit (560)
[2022.04.30-18.22.17:313][501]LogModuleManager: Shutting down and abandoning module LandscapeEditor (558)
[2022.04.30-18.22.17:313][501]LogModuleManager: Shutting down and abandoning module MeshPaintMode (556)
[2022.04.30-18.22.17:313][501]LogModuleManager: Shutting down and abandoning module SceneDepthPickerMode (554)
[2022.04.30-18.22.17:313][501]LogModuleManager: Shutting down and abandoning module ActorPickerMode (552)
[2022.04.30-18.22.17:313][501]LogModuleManager: Shutting down and abandoning module GeometryMode (550)
[2022.04.30-18.22.17:313][501]LogModuleManager: Shutting down and abandoning module TextureAlignMode (548)
[2022.04.30-18.22.17:313][501]LogModuleManager: Shutting down and abandoning module BspMode (546)
[2022.04.30-18.22.17:313][501]LogModuleManager: Shutting down and abandoning module PIEPreviewDeviceProfileSelector (544)
[2022.04.30-18.22.17:313][501]LogModuleManager: Shutting down and abandoning module HardwareSurvey (542)
[2022.04.30-18.22.17:313][501]LogModuleManager: Shutting down and abandoning module SequenceRecorderSections (540)
[2022.04.30-18.22.17:313][501]LogModuleManager: Shutting down and abandoning module AutomationWorker (538)
[2022.04.30-18.22.17:313][501]LogModuleManager: Shutting down and abandoning module AudioCaptureEditor (536)
[2022.04.30-18.22.17:313][501]LogModuleManager: Shutting down and abandoning module SequenceRecorder (535)
[2022.04.30-18.22.17:313][501]LogModuleManager: Shutting down and abandoning module MatineeToLevelSequence (532)
[2022.04.30-18.22.17:313][501]LogModuleManager: Shutting down and abandoning module LevelSequenceEditor (530)
[2022.04.30-18.22.17:313][501]LogModuleManager: Shutting down and abandoning module PlacementMode (529)
[2022.04.30-18.22.17:313][501]LogModuleManager: Shutting down and abandoning module MaterialEditor (528)
[2022.04.30-18.22.17:314][501]LogModuleManager: Shutting down and abandoning module WmfMediaFactory (524)
[2022.04.30-18.22.17:314][501]LogModuleManager: Shutting down and abandoning module WmfMediaEditor (522)
[2022.04.30-18.22.17:314][501]LogModuleManager: Shutting down and abandoning module MediaPlayerEditor (520)
[2022.04.30-18.22.17:314][501]LogModuleManager: Shutting down and abandoning module OpenExrWrapper (518)
[2022.04.30-18.22.17:314][501]LogModuleManager: Shutting down and abandoning module ImgMediaFactory (516)
[2022.04.30-18.22.17:314][501]LogModuleManager: Shutting down and abandoning module ImgMediaEditor (514)
[2022.04.30-18.22.17:314][501]LogModuleManager: Shutting down and abandoning module AvfMediaFactory (512)
[2022.04.30-18.22.17:314][501]LogModuleManager: Shutting down and abandoning module AvfMediaEditor (510)
[2022.04.30-18.22.17:314][501]LogModuleManager: Shutting down and abandoning module AndroidMediaFactory (508)
[2022.04.30-18.22.17:314][501]LogModuleManager: Shutting down and abandoning module AndroidMediaEditor (506)
[2022.04.30-18.22.17:314][501]LogModuleManager: Shutting down and abandoning module CharacterAI (504)
[2022.04.30-18.22.17:314][501]LogModuleManager: Shutting down and abandoning module SmartSnapping (502)
[2022.04.30-18.22.17:314][501]LogModuleManager: Shutting down and abandoning module SessionServices (500)
[2022.04.30-18.22.17:314][501]LogModuleManager: Shutting down and abandoning module ViewportSnapping (498)
[2022.04.30-18.22.17:314][501]LogModuleManager: Shutting down and abandoning module ViewportInteraction (496)
[2022.04.30-18.22.17:314][501]LogModuleManager: Shutting down and abandoning module ClothPainter (494)
[2022.04.30-18.22.17:314][501]LogModuleManager: Shutting down and abandoning module SkeletalMeshEditor (493)
[2022.04.30-18.22.17:314][501]LogModuleManager: Shutting down and abandoning module LogVisualizer (490)
[2022.04.30-18.22.17:314][501]LogModuleManager: Shutting down and abandoning module IntroTutorials (488)
[2022.04.30-18.22.17:314][501]LogModuleManager: Shutting down and abandoning module GameProjectGeneration (487)
[2022.04.30-18.22.17:314][501]LogModuleManager: Shutting down and abandoning module IOSPlatformEditor (484)
[2022.04.30-18.22.17:315][501]LogModuleManager: Shutting down and abandoning module HTML5PlatformEditor (482)
[2022.04.30-18.22.17:315][501]LogModuleManager: Shutting down and abandoning module AndroidPlatformEditor (480)
[2022.04.30-18.22.17:315][501]LogModuleManager: Shutting down and abandoning module AndroidDeviceDetection (479)
[2022.04.30-18.22.17:545][501]LogModuleManager: Shutting down and abandoning module WindowsPlatformEditor (476)
[2022.04.30-18.22.17:545][501]LogModuleManager: Shutting down and abandoning module IOSRuntimeSettings (474)
[2022.04.30-18.22.17:545][501]LogModuleManager: Shutting down and abandoning module AndroidRuntimeSettings (472)
[2022.04.30-18.22.17:545][501]LogModuleManager: Shutting down and abandoning module InputBindingEditor (470)
[2022.04.30-18.22.17:545][501]LogModuleManager: Shutting down and abandoning module MergeActors (468)
[2022.04.30-18.22.17:545][501]LogModuleManager: Shutting down and abandoning module LocalizationDashboard (466)
[2022.04.30-18.22.17:546][501]LogModuleManager: Shutting down and abandoning module LocalizationService (465)
[2022.04.30-18.22.17:546][501]LogModuleManager: Shutting down and abandoning module HardwareTargeting (462)
[2022.04.30-18.22.17:546][501]LogModuleManager: Shutting down and abandoning module DeviceProfileEditor (460)
[2022.04.30-18.22.17:546][501]LogModuleManager: Shutting down and abandoning module UndoHistory (458)
[2022.04.30-18.22.17:546][501]LogModuleManager: Shutting down and abandoning module XmlParser (456)
[2022.04.30-18.22.17:546][501]LogModuleManager: Shutting down and abandoning module Blutility (454)
[2022.04.30-18.22.17:546][501]LogModuleManager: Shutting down and abandoning module ProjectSettingsViewer (452)
[2022.04.30-18.22.17:546][501]LogModuleManager: Shutting down and abandoning module ProjectTargetPlatformEditor (451)
[2022.04.30-18.22.17:546][501]LogModuleManager: Shutting down and abandoning module EditorSettingsViewer (448)
[2022.04.30-18.22.17:546][501]LogModuleManager: Shutting down and abandoning module SettingsEditor (446)
[2022.04.30-18.22.17:546][501]LogModuleManager: Shutting down and abandoning module ProjectLauncher (444)
[2022.04.30-18.22.17:546][501]LogModuleManager: Shutting down and abandoning module SessionFrontend (442)
[2022.04.30-18.22.17:546][501]LogModuleManager: Shutting down and abandoning module ProfilerClient (440)
[2022.04.30-18.22.17:546][501]LogModuleManager: Shutting down and abandoning module DeviceManager (438)
[2022.04.30-18.22.17:546][501]LogModuleManager: Shutting down and abandoning module TargetDeviceServices (437)
[2022.04.30-18.22.17:590][501]LogModuleManager: Shutting down and abandoning module AutomationController (434)
[2022.04.30-18.22.17:590][501]LogModuleManager: Shutting down and abandoning module AutomationWindow (432)
[2022.04.30-18.22.17:590][501]LogModuleManager: Shutting down and abandoning module Layers (430)
[2022.04.30-18.22.17:590][501]LogModuleManager: Shutting down and abandoning module ComponentVisualizers (428)
[2022.04.30-18.22.17:590][501]LogModuleManager: Shutting down and abandoning module DetailCustomizations (426)
[2022.04.30-18.22.17:590][501]LogModuleManager: Shutting down and abandoning module PackagesDialog (424)
[2022.04.30-18.22.17:591][501]LogModuleManager: Shutting down and abandoning module Persona (422)
[2022.04.30-18.22.17:591][501]LogModuleManager: Shutting down and abandoning module AdvancedPreviewScene (421)
[2022.04.30-18.22.17:591][501]LogModuleManager: Shutting down and abandoning module AnimGraph (419)
[2022.04.30-18.22.17:591][501]LogModuleManager: Shutting down and abandoning module Kismet (416)
[2022.04.30-18.22.17:591][501]LogModuleManager: Shutting down and abandoning module GraphEditor (414)
[2022.04.30-18.22.17:591][501]LogModuleManager: Shutting down and abandoning module ClassViewer (412)
[2022.04.30-18.22.17:592][501]LogModuleManager: Shutting down and abandoning module Toolbox (410)
[2022.04.30-18.22.17:592][501]LogModuleManager: Shutting down and abandoning module ModuleUI (408)
[2022.04.30-18.22.17:592][501]LogModuleManager: Shutting down and abandoning module MovieSceneTools (406)
[2022.04.30-18.22.17:592][501]LogModuleManager: Shutting down and abandoning module OutputLog (404)
[2022.04.30-18.22.17:592][501]LogModuleManager: Shutting down and abandoning module GammaUI (402)
[2022.04.30-18.22.17:592][501]LogModuleManager: Shutting down and abandoning module Documentation (400)
[2022.04.30-18.22.17:592][501]LogModuleManager: Shutting down and abandoning module MovieSceneTracks (398)
[2022.04.30-18.22.17:592][501]LogModuleManager: Shutting down and abandoning module MovieScene (396)
[2022.04.30-18.22.17:592][501]LogModuleManager: Shutting down and abandoning module StreamingPauseRendering (394)
[2022.04.30-18.22.17:592][501]LogModuleManager: Shutting down and abandoning module LauncherPlatform (392)
[2022.04.30-18.22.17:592][501]LogModuleManager: Shutting down and abandoning module AnalyticsET (390)
[2022.04.30-18.22.17:592][501]LogModuleManager: Shutting down and abandoning module PortalServices (388)
[2022.04.30-18.22.17:592][501]LogModuleManager: Shutting down and abandoning module PortalRpc (386)
[2022.04.30-18.22.17:592][501]LogModuleManager: Shutting down and abandoning module MessagingRpc (384)
[2022.04.30-18.22.17:592][501]LogModuleManager: Shutting down and abandoning module AIModule (382)
[2022.04.30-18.22.17:592][501]LogModuleManager: Shutting down and abandoning module GameplayDebugger (381)
[2022.04.30-18.22.17:592][501]LogModuleManager: Shutting down and abandoning module AITestSuite (379)
[2022.04.30-18.22.17:592][501]LogModuleManager: Shutting down and abandoning module ProfilerService (376)
[2022.04.30-18.22.17:759][501]LogModuleManager: Shutting down and abandoning module TaskGraph (374)
[2022.04.30-18.22.17:760][501]LogModuleManager: Shutting down and abandoning module SteamVRController (372)
[2022.04.30-18.22.17:760][501]LogModuleManager: Shutting down and abandoning module ProceduralMeshComponentEditor (370)
[2022.04.30-18.22.17:760][501]LogModuleManager: Shutting down and abandoning module ProceduralMeshComponent (368)
[2022.04.30-18.22.17:760][501]LogModuleManager: Shutting down and abandoning module OculusInput (366)
[2022.04.30-18.22.17:760][501]LogModuleManager: Shutting down and abandoning module MobilePatchingUtils (364)
[2022.04.30-18.22.17:760][501]LogModuleManager: Shutting down and abandoning module CustomMeshComponent (362)
[2022.04.30-18.22.17:760][501]LogModuleManager: Shutting down and abandoning module CableComponent (360)
[2022.04.30-18.22.17:760][501]LogModuleManager: Shutting down and abandoning module AudioCapture (358)
[2022.04.30-18.22.17:760][501]LogModuleManager: Shutting down and abandoning module ArchVisCharacter (356)
[2022.04.30-18.22.17:760][501]LogModuleManager: Shutting down and abandoning module AndroidPermission (354)
[2022.04.30-18.22.17:760][501]LogModuleManager: Shutting down and abandoning module NUTUnrealEngine4 (350)
[2022.04.30-18.22.17:760][501]LogModuleManager: Shutting down and abandoning module NetcodeUnitTest (348)
[2022.04.30-18.22.17:760][501]LogModuleManager: Shutting down and abandoning module MediaCompositingEditor (346)
[2022.04.30-18.22.17:760][501]LogModuleManager: Shutting down and abandoning module MediaCompositing (344)
[2022.04.30-18.22.17:760][501]LogModuleManager: Shutting down and abandoning module LinearTimecode (342)
[2022.04.30-18.22.17:760][501]LogModuleManager: Shutting down and abandoning module ImgMedia (340)
[2022.04.30-18.22.17:762][501]LogModuleManager: Shutting down and abandoning module HTML5Networking (338)
[2022.04.30-18.22.17:762][501]LogModuleManager: Shutting down and abandoning module AlembicImporter (336)
[2022.04.30-18.22.17:762][501]LogModuleManager: Shutting down and abandoning module AlembicLibrary (335)
[2022.04.30-18.22.17:762][501]LogModuleManager: Shutting down and abandoning module GeometryCache (334)
[2022.04.30-18.22.17:762][501]LogModuleManager: Shutting down and abandoning module GeometryCacheEd (333)
[2022.04.30-18.22.17:762][501]LogModuleManager: Shutting down and abandoning module DatasmithContent (328)
[2022.04.30-18.22.17:762][501]LogModuleManager: Shutting down and abandoning module SpeedTreeImporter (326)
[2022.04.30-18.22.17:762][501]LogModuleManager: Shutting down and abandoning module PluginBrowser (324)
[2022.04.30-18.22.17:762][501]LogModuleManager: Shutting down and abandoning module MobileLauncherProfileWizard (322)
[2022.04.30-18.22.17:762][501]LogModuleManager: Shutting down and abandoning module CryptoKeysOpenSSL (320)
[2022.04.30-18.22.17:762][501]LogModuleManager: Shutting down and abandoning module CryptoKeys (318)
[2022.04.30-18.22.17:762][501]LogModuleManager: Shutting down and abandoning module VisualStudioSourceCodeAccess (316)
[2022.04.30-18.22.17:762][501]LogModuleManager: Shutting down and abandoning module VisualStudioCodeSourceCodeAccess (314)
[2022.04.30-18.22.17:762][501]LogModuleManager: Shutting down and abandoning module UObjectPlugin (312)
[2022.04.30-18.22.17:762][501]LogModuleManager: Shutting down and abandoning module SubversionSourceControl (310)
[2022.04.30-18.22.17:762][501]LogModuleManager: Shutting down and abandoning module PerforceSourceControl (308)
[2022.04.30-18.22.17:762][501]LogModuleManager: Shutting down and abandoning module GitSourceControl (306)
[2022.04.30-18.22.17:762][501]LogModuleManager: Shutting down and abandoning module SourceControl (305)
[2022.04.30-18.22.17:762][501]LogModuleManager: Shutting down and abandoning module CLionSourceCodeAccess (302)
[2022.04.30-18.22.17:762][501]LogModuleManager: Shutting down and abandoning module LightPropagationVolumeEditor (300)
[2022.04.30-18.22.17:762][501]LogModuleManager: Shutting down and abandoning module PaperTiledImporter (298)
[2022.04.30-18.22.17:762][501]LogModuleManager: Shutting down and abandoning module PaperSpriteSheetImporter (296)
[2022.04.30-18.22.17:762][501]LogModuleManager: Shutting down and abandoning module Paper2DEditor (294)
[2022.04.30-18.22.17:763][501]LogModuleManager: Shutting down and abandoning module MeshPaint (293)
[2022.04.30-18.22.17:763][501]LogModuleManager: Shutting down and abandoning module RuntimePhysXCooking (288)
[2022.04.30-18.22.17:763][501]LogModuleManager: Shutting down and abandoning module PhysXVehiclesEditor (286)
[2022.04.30-18.22.17:763][501]LogModuleManager: Shutting down and abandoning module PhysXVehicles (284)
[2022.04.30-18.22.17:763][501]LogModuleManager: Shutting down and abandoning module OculusEditor (282)
[2022.04.30-18.22.17:763][501]LogModuleManager: Shutting down and abandoning module LocationServicesBPLibrary (280)
[2022.04.30-18.22.17:763][501]LogModuleManager: Shutting down and abandoning module ImmediatePhysicsEditor (278)
[2022.04.30-18.22.17:763][501]LogModuleManager: Shutting down and abandoning module ImmediatePhysics (276)
[2022.04.30-18.22.17:763][501]LogModuleManager: Shutting down and abandoning module ActorSequence (274)
[2022.04.30-18.22.17:763][501]LogModuleManager: Shutting down and abandoning module UdpMessaging (272)
[2022.04.30-18.22.17:864][501]LogModuleManager: Shutting down and abandoning module TcpMessaging (270)
[2022.04.30-18.22.17:965][501]LogModuleManager: Shutting down and abandoning module GameplayTagsEditor (268)
[2022.04.30-18.22.17:965][501]LogModuleManager: Shutting down and abandoning module FacialAnimationEditor (266)
[2022.04.30-18.22.17:965][501]LogModuleManager: Shutting down and abandoning module FacialAnimation (264)
[2022.04.30-18.22.17:965][501]LogModuleManager: Shutting down and abandoning module DataValidation (262)
[2022.04.30-18.22.17:965][501]LogModuleManager: Shutting down and abandoning module AssetManagerEditor (260)
[2022.04.30-18.22.17:965][501]LogModuleManager: Shutting down and abandoning module LevelEditor (259)
[2022.04.30-18.22.17:966][501]LogModuleManager: Shutting down and abandoning module PixelInspectorModule (258)
[2022.04.30-18.22.17:966][501]LogModuleManager: Shutting down and abandoning module CommonMenuExtensions (256)
[2022.04.30-18.22.17:966][501]LogModuleManager: Shutting down and abandoning module MainFrame (254)
[2022.04.30-18.22.17:966][501]LogModuleManager: Shutting down and abandoning module HotReload (253)
[2022.04.30-18.22.17:966][501]LogDirectoryWatcher: A directory notification for 'D:/Work/03_Program/Unreal-Study/UE4CPP/ArenaBattle/Binaries/Win64' was aborted.
[2022.04.30-18.22.17:967][501]LogModuleManager: Shutting down and abandoning module ContentBrowser (249)
[2022.04.30-18.22.17:968][501]LogModuleManager: Shutting down and abandoning module TreeMap (247)
[2022.04.30-18.22.17:968][501]LogModuleManager: Shutting down and abandoning module LightPropagationVolumeRuntime (244)
[2022.04.30-18.22.17:968][501]LogModuleManager: Shutting down and abandoning module LiveLinkEditor (242)
[2022.04.30-18.22.17:968][501]LogModuleManager: Shutting down and abandoning module LiveLink (240)
[2022.04.30-18.22.18:966][501]LogModuleManager: Shutting down and abandoning module Paper2D (238)
[2022.04.30-18.22.18:966][501]LogModuleManager: Shutting down and abandoning module WindowsMoviePlayer (236)
[2022.04.30-18.22.18:966][501]LogModuleManager: Shutting down and abandoning module WmfMedia (234)
[2022.04.30-18.22.18:967][501]LogModuleManager: Shutting down and abandoning module Media (233)
[2022.04.30-18.22.18:973][501]LogModuleManager: Shutting down and abandoning module PacketHandler (230)
[2022.04.30-18.22.18:973][501]LogModuleManager: Shutting down and abandoning module ClothingSystemEditor (228)
[2022.04.30-18.22.18:973][501]LogModuleManager: Shutting down and abandoning module ClothingSystemRuntime (226)
[2022.04.30-18.22.18:973][501]LogModuleManager: Shutting down and abandoning module MediaAssets (224)
[2022.04.30-18.22.18:973][501]LogModuleManager: Shutting down and abandoning module Overlay (222)
[2022.04.30-18.22.18:973][501]LogModuleManager: Shutting down and abandoning module OverlayEditor (221)
[2022.04.30-18.22.18:973][501]LogModuleManager: Shutting down and abandoning module VREditor (218)
[2022.04.30-18.22.18:973][501]LogModuleManager: Shutting down and abandoning module StringTableEditor (216)
[2022.04.30-18.22.18:973][501]LogModuleManager: Shutting down and abandoning module GameplayTasksEditor (214)
[2022.04.30-18.22.18:973][501]LogModuleManager: Shutting down and abandoning module BehaviorTreeEditor (212)
[2022.04.30-18.22.18:973][501]LogModuleManager: Shutting down and abandoning module FunctionalTesting (210)
[2022.04.30-18.22.18:973][501]LogModuleManager: Shutting down and abandoning module CollisionAnalyzer (208)
[2022.04.30-18.22.18:974][501]LogModuleManager: Shutting down and abandoning module WorkspaceMenuStructure (207)
[2022.04.30-18.22.18:974][501]LogModuleManager: Shutting down and abandoning module UMG (204)
[2022.04.30-18.22.18:974][501]LogModuleManager: Shutting down and abandoning module UMGEditor (203)
[2022.04.30-18.22.18:974][501]LogModuleManager: Shutting down and abandoning module Sequencer (202)
[2022.04.30-18.22.18:974][501]LogModuleManager: Shutting down and abandoning module MessageLog (199)
[2022.04.30-18.22.18:974][501]LogModuleManager: Shutting down and abandoning module SlateReflector (194)
[2022.04.30-18.22.18:975][501]LogModuleManager: Shutting down and abandoning module Slate (192)
[2022.04.30-18.22.18:975][501]LogModuleManager: Shutting down and abandoning module EditorStyle (190)
[2022.04.30-18.22.18:976][501]LogModuleManager: Shutting down and abandoning module MRMesh (188)
[2022.04.30-18.22.18:976][501]LogModuleManager: Shutting down and abandoning module SourceCodeAccess (186)
[2022.04.30-18.22.18:976][501]LogModuleManager: Shutting down and abandoning module HeadMountedDisplay (184)
[2022.04.30-18.22.18:976][501]LogModuleManager: Shutting down and abandoning module XAudio2 (182)
[2022.04.30-18.22.18:976][501]LogModuleManager: Shutting down and abandoning module Networking (180)
[2022.04.30-18.22.18:976][501]LogModuleManager: Shutting down and abandoning module Core (178)
[2022.04.30-18.22.18:976][501]LogModuleManager: Shutting down and abandoning module LevelSequence (176)
[2022.04.30-18.22.18:976][501]LogModuleManager: Shutting down and abandoning module KismetCompiler (174)
[2022.04.30-18.22.18:976][501]LogModuleManager: Shutting down and abandoning module MeshUtilities (172)
[2022.04.30-18.22.18:976][501]LogModuleManager: Shutting down and abandoning module MeshMergeUtilities (171)
[2022.04.30-18.22.18:976][501]LogModuleManager: Shutting down and abandoning module MeshReductionInterface (170)
[2022.04.30-18.22.18:976][501]LogModuleManager: Shutting down and abandoning module SimplygonSwarm (169)
[2022.04.30-18.22.18:976][501]LogModuleManager: Shutting down and abandoning module SimplygonMeshReduction (167)
[2022.04.30-18.22.18:976][501]LogModuleManager: Shutting down and abandoning module QuadricMeshReduction (165)
[2022.04.30-18.22.18:976][501]LogModuleManager: Shutting down and abandoning module MaterialBaking (161)
[2022.04.30-18.22.18:976][501]LogModuleManager: Shutting down and abandoning module DirectoryWatcher (157)
[2022.04.30-18.22.18:977][501]LogModuleManager: Shutting down and abandoning module DerivedDataCache (154)
[2022.04.30-18.22.19:067][501]LogDerivedDataCache: Shutdown
[2022.04.30-18.22.19:067][501]LogModuleManager: Shutting down and abandoning module XGEController (152)
[2022.04.30-18.22.19:067][501]LogXGEController: Cleaning working directory: C:/Users/A/AppData/Local/Temp/UnrealXGEWorkingDir/
[2022.04.30-18.22.19:067][501]LogModuleManager: Shutting down and abandoning module TargetPlatform (150)
[2022.04.30-18.22.19:068][501]LogModuleManager: Shutting down and abandoning module VulkanShaderFormat (149)
[2022.04.30-18.22.19:068][501]LogModuleManager: Shutting down and abandoning module ShaderFormatVectorVM (147)
[2022.04.30-18.22.19:068][501]LogModuleManager: Shutting down and abandoning module ShaderFormatOpenGL (145)
[2022.04.30-18.22.19:068][501]LogModuleManager: Shutting down and abandoning module ShaderFormatD3D (143)
[2022.04.30-18.22.19:068][501]LogModuleManager: Shutting down and abandoning module MetalShaderFormat (141)
[2022.04.30-18.22.19:068][501]LogModuleManager: Shutting down and abandoning module TextureFormatUncompressed (139)
[2022.04.30-18.22.19:068][501]LogModuleManager: Shutting down and abandoning module TextureFormatPVR (137)
[2022.04.30-18.22.19:068][501]LogModuleManager: Shutting down and abandoning module TextureFormatDXT (135)
[2022.04.30-18.22.19:068][501]LogModuleManager: Shutting down and abandoning module TextureFormatIntelISPCTexComp (133)
[2022.04.30-18.22.19:068][501]LogModuleManager: Shutting down and abandoning module TextureFormatASTC (131)
[2022.04.30-18.22.19:068][501]LogModuleManager: Shutting down and abandoning module ImageWrapper (130)
[2022.04.30-18.22.19:068][501]LogModuleManager: Shutting down and abandoning module TextureFormatAndroid (127)
[2022.04.30-18.22.19:068][501]LogModuleManager: Shutting down and abandoning module AudioFormatOpus (125)
[2022.04.30-18.22.19:068][501]LogModuleManager: Shutting down and abandoning module AudioFormatOgg (123)
[2022.04.30-18.22.19:068][501]LogModuleManager: Shutting down and abandoning module AudioFormatADPCM (121)
[2022.04.30-18.22.19:068][501]LogModuleManager: Shutting down and abandoning module LinuxTargetPlatform (119)
[2022.04.30-18.22.19:068][501]LogModuleManager: Shutting down and abandoning module LinuxServerTargetPlatform (117)
[2022.04.30-18.22.19:068][501]LogModuleManager: Shutting down and abandoning module LinuxNoEditorTargetPlatform (115)
[2022.04.30-18.22.19:068][501]LogModuleManager: Shutting down and abandoning module LinuxClientTargetPlatform (113)
[2022.04.30-18.22.19:068][501]LogModuleManager: Shutting down and abandoning module TVOSTargetPlatform (111)
[2022.04.30-18.22.19:068][501]LogModuleManager: Shutting down and abandoning module Messaging (109)
[2022.04.30-18.22.19:068][501]LogModuleManager: Shutting down and abandoning module IOSTargetPlatform (107)
[2022.04.30-18.22.19:068][501]LogModuleManager: Shutting down and abandoning module HTML5TargetPlatform (105)
[2022.04.30-18.22.19:068][501]LogModuleManager: Shutting down and abandoning module AndroidTargetPlatform (103)
[2022.04.30-18.22.19:068][501]LogModuleManager: Shutting down and abandoning module Android_PVRTCTargetPlatform (101)
[2022.04.30-18.22.19:068][501]LogModuleManager: Shutting down and abandoning module Android_MultiTargetPlatform (99)
[2022.04.30-18.22.19:068][501]LogModuleManager: Shutting down and abandoning module Android_ETC2TargetPlatform (97)
[2022.04.30-18.22.19:068][501]LogModuleManager: Shutting down and abandoning module Android_ETC1TargetPlatform (95)
[2022.04.30-18.22.19:068][501]LogModuleManager: Shutting down and abandoning module Android_ETC1aTargetPlatform (93)
[2022.04.30-18.22.19:068][501]LogModuleManager: Shutting down and abandoning module Android_DXTTargetPlatform (91)
[2022.04.30-18.22.19:068][501]LogModuleManager: Shutting down and abandoning module Android_ATCTargetPlatform (89)
[2022.04.30-18.22.19:068][501]LogModuleManager: Shutting down and abandoning module Android_ASTCTargetPlatform (87)
[2022.04.30-18.22.19:068][501]LogModuleManager: Shutting down and abandoning module WindowsTargetPlatform (85)
[2022.04.30-18.22.19:068][501]LogModuleManager: Shutting down and abandoning module WindowsServerTargetPlatform (83)
[2022.04.30-18.22.19:068][501]LogModuleManager: Shutting down and abandoning module WindowsNoEditorTargetPlatform (81)
[2022.04.30-18.22.19:068][501]LogModuleManager: Shutting down and abandoning module WindowsClientTargetPlatform (79)
[2022.04.30-18.22.19:068][501]LogModuleManager: Shutting down and abandoning module MacTargetPlatform (77)
[2022.04.30-18.22.19:068][501]LogModuleManager: Shutting down and abandoning module MacServerTargetPlatform (75)
[2022.04.30-18.22.19:068][501]LogModuleManager: Shutting down and abandoning module MacNoEditorTargetPlatform (73)
[2022.04.30-18.22.19:068][501]LogModuleManager: Shutting down and abandoning module MacClientTargetPlatform (71)
[2022.04.30-18.22.19:068][501]LogModuleManager: Shutting down and abandoning module AllDesktopTargetPlatform (69)
[2022.04.30-18.22.19:068][501]LogModuleManager: Shutting down and abandoning module InputCore (66)
[2022.04.30-18.22.19:068][501]LogModuleManager: Shutting down and abandoning module Settings (64)
[2022.04.30-18.22.19:068][501]LogModuleManager: Shutting down and abandoning module PhysXCooking (62)
[2022.04.30-18.22.19:068][501]LogModuleManager: Shutting down and abandoning module SteamVR (60)
[2022.04.30-18.22.19:068][501]LogModuleManager: Shutting down and abandoning module OculusHMD (58)
[2022.04.30-18.22.19:068][501]LogModuleManager: Shutting down and abandoning module ExampleDeviceProfileSelector (56)
[2022.04.30-18.22.19:068][501]LogModuleManager: Shutting down and abandoning module AppleARKit (54)
[2022.04.30-18.22.19:068][501]LogModuleManager: Shutting down and abandoning module AugmentedReality (51)
[2022.04.30-18.22.19:068][501]LogModuleManager: Shutting down and abandoning module OnlineBlueprintSupport (48)
[2022.04.30-18.22.19:068][501]LogModuleManager: Shutting down and abandoning module OnlineSubsystem (44)
[2022.04.30-18.22.19:068][501]LogModuleManager: Shutting down and abandoning module XMPP (43)
[2022.04.30-18.22.19:069][501]LogModuleManager: Shutting down and abandoning module HTTP (41)
[2022.04.30-18.22.19:069][501]LogHttp: Display: Http module shutting down, but needs to wait on 1 outstanding Http requests:
[2022.04.30-18.22.19:069][501]LogHttp: Display: 	verb=[POST] url=[https://datarouter.ol.epicgames.com/datarouter/api/v1/public/data?SessionID=%7B7A4F44F0-4546-33C4-FDA7-6E9EFD666A09%7D&AppID=UEEditor.Rocket.Release&AppVersion=4.19.2-4033788%2B%2B%2BUE4%2BRelease-4.19&UserID=ddc965314e9b11aee415949afc8765e3%7C4186c5f510d5400082a6569956d0d36d%7C2943e486-4dad-42f2-9db1-e764992cc4dd&AppEnvironment=datacollector-binary&UploadType=eteventstream] status=Processing
[2022.04.30-18.22.19:092][501]LogModuleManager: Shutting down and abandoning module SSL (40)
[2022.04.30-18.22.19:092][501]LogModuleManager: Shutting down and abandoning module AnimationModifiers (36)
[2022.04.30-18.22.19:093][501]LogModuleManager: Shutting down and abandoning module PropertyEditor (35)
[2022.04.30-18.22.19:093][501]LogModuleManager: Shutting down and abandoning module AudioEditor (32)
[2022.04.30-18.22.19:093][501]LogModuleManager: Shutting down and abandoning module TextureCompressor (30)
[2022.04.30-18.22.19:093][501]LogModuleManager: Shutting down and abandoning module ShaderCore (28)
[2022.04.30-18.22.19:093][501]LogModuleManager: Shutting down and abandoning module Landscape (26)
[2022.04.30-18.22.19:093][501]LogModuleManager: Shutting down and abandoning module SlateRHIRenderer (24)
[2022.04.30-18.22.19:095][501]LogModuleManager: Shutting down and abandoning module OpenGLDrv (22)
[2022.04.30-18.22.19:095][501]LogModuleManager: Shutting down and abandoning module D3D11RHI (20)
[2022.04.30-18.22.19:095][501]LogModuleManager: Shutting down and abandoning module AnimGraphRuntime (18)
[2022.04.30-18.22.19:095][501]LogModuleManager: Shutting down and abandoning module Renderer (16)
[2022.04.30-18.22.19:095][501]LogModuleManager: Shutting down and abandoning module Engine (14)
[2022.04.30-18.22.19:095][501]LogModuleManager: Shutting down and abandoning module CoreUObject (12)
[2022.04.30-18.22.19:095][501]LogModuleManager: Shutting down and abandoning module NetworkFile (10)
[2022.04.30-18.22.19:095][501]LogModuleManager: Shutting down and abandoning module CookedIterativeFile (8)
[2022.04.30-18.22.19:095][501]LogModuleManager: Shutting down and abandoning module StreamingFile (6)
[2022.04.30-18.22.19:095][501]LogModuleManager: Shutting down and abandoning module SandboxFile (4)
[2022.04.30-18.22.19:095][501]LogModuleManager: Shutting down and abandoning module PakFile (2)
[2022.04.30-18.22.19:109][501]LogExit: Exiting.
[2022.04.30-18.22.19:114][501]Log file closed, 05/01/22 03:22:19
