Log file open, 05/01/22 15:19:08
LogWindows: Failed to load 'aqProf.dll' (GetLastError=126)
LogWindows: File 'aqProf.dll' does not exist
LogWindows: Failed to load 'VtuneApi.dll' (GetLastError=126)
LogWindows: File 'VtuneApi.dll' does not exist
LogWindows: Failed to load 'VtuneApi32e.dll' (GetLastError=126)
LogWindows: File 'VtuneApi32e.dll' does not exist
LogInit: Display: Running engine for game: ArenaBattle
LogPlatformFile: Not using cached read wrapper
LogInit: Display: RandInit(192398524) SRandInit(192398524).
LogInit: Read version file with build ID '3944462'
LogInit: Overriding engine version to CL 4033788, compatible CL 3944462
LogInit: Registered custom module enumerator with build ID '3944462'
LogTaskGraph: Started task graph with 5 named threads and 83 total threads with 3 sets of task threads.
LogStats: Stats thread started at 1.504709
LogD3D11RHI: Aftermath initialized
LogICUInternationalization: Display: ICU TimeZone Detection - Raw Offset: +9:00, Platform Override: ''
LogPluginManager: Mounting plugin Paper2D
LogPluginManager: Mounting plugin LiveLink
LogPluginManager: Mounting plugin LightPropagationVolume
LogPluginManager: Mounting plugin CLionSourceCodeAccess
LogPluginManager: Mounting plugin CodeLiteSourceCodeAccess
LogPluginManager: Mounting plugin GitSourceControl
LogPluginManager: Mounting plugin KDevelopSourceCodeAccess
LogPluginManager: Mounting plugin NullSourceCodeAccess
LogPluginManager: Mounting plugin PerforceSourceControl
LogPluginManager: Mounting plugin SubversionSourceControl
LogPluginManager: Mounting plugin UObjectPlugin
LogPluginManager: Mounting plugin VisualStudioCodeSourceCodeAccess
LogPluginManager: Mounting plugin VisualStudioSourceCodeAccess
LogPluginManager: Mounting plugin XCodeSourceCodeAccess
LogPluginManager: Mounting plugin AssetManagerEditor
LogPluginManager: Mounting plugin CryptoKeys
LogPluginManager: Mounting plugin DataValidation
LogPluginManager: Mounting plugin FacialAnimation
LogPluginManager: Mounting plugin GameplayTagsEditor
LogPluginManager: Mounting plugin MobileLauncherProfileWizard
LogPluginManager: Mounting plugin PluginBrowser
LogPluginManager: Mounting plugin SpeedTreeImporter
LogPluginManager: Mounting plugin DatasmithContent
LogPluginManager: Mounting plugin AlembicImporter
LogPluginManager: Mounting plugin CharacterAI
LogPluginManager: Mounting plugin HTML5Networking
LogPluginManager: Mounting plugin AndroidMedia
LogPluginManager: Mounting plugin AvfMedia
LogPluginManager: Mounting plugin ImgMedia
LogPluginManager: Mounting plugin LinearTimecode
LogPluginManager: Mounting plugin MediaCompositing
LogPluginManager: Mounting plugin MediaPlayerEditor
LogPluginManager: Mounting plugin WmfMedia
LogPluginManager: Mounting plugin TcpMessaging
LogPluginManager: Mounting plugin UdpMessaging
LogPluginManager: Mounting plugin ActorSequence
LogPluginManager: Mounting plugin LevelSequenceEditor
LogPluginManager: Mounting plugin MatineeToLevelSequence
LogPluginManager: Mounting plugin NetcodeUnitTest
LogPluginManager: Mounting plugin NUTUnrealEngine4
LogPluginManager: Mounting plugin OnlineSubsystemGooglePlay
LogPluginManager: Mounting plugin OnlineSubsystemIOS
LogPluginManager: Mounting plugin OnlineSubsystem
LogPluginManager: Mounting plugin OnlineSubsystemNull
LogPluginManager: Mounting plugin OnlineSubsystemUtils
LogPluginManager: Mounting plugin AndroidDeviceProfileSelector
LogPluginManager: Mounting plugin AndroidMoviePlayer
LogPluginManager: Mounting plugin AndroidPermission
LogPluginManager: Mounting plugin AppleARKit
LogPluginManager: Mounting plugin AppleMoviePlayer
LogPluginManager: Mounting plugin ArchVisCharacter
LogPluginManager: Mounting plugin AudioCapture
LogPluginManager: Mounting plugin CableComponent
LogPluginManager: Mounting plugin CustomMeshComponent
LogPluginManager: Mounting plugin ExampleDeviceProfileSelector
LogPluginManager: Mounting plugin GoogleCloudMessaging
LogPluginManager: Mounting plugin ImmediatePhysics
LogPluginManager: Mounting plugin IOSDeviceProfileSelector
LogPluginManager: Mounting plugin LinuxDeviceProfileSelector
LogPluginManager: Mounting plugin LocationServicesBPLibrary
LogPluginManager: Mounting plugin MobilePatchingUtils
LogPluginManager: Mounting plugin OculusVR
LogPluginManager: Plugin shader directory ../../../Engine/Plugins/Runtime/Oculus/OculusVR/Shaders found
LogPluginManager: Mapping shader source directory ../../../Engine/Plugins/Runtime/Oculus/OculusVR/Shaders to virtual directory /Plugin/OculusVR
LogPluginManager: Mounting plugin PhysXVehicles
LogPluginManager: Mounting plugin ProceduralMeshComponent
LogPluginManager: Mounting plugin RuntimePhysXCooking
LogPluginManager: Mounting plugin SteamVR
LogPluginManager: Mounting plugin WindowsMoviePlayer
LogStreaming: Display: Took  0.218s to configure plugins.
LogModuleManager: Display: Found up-to-date module file D:/Work/03_Program/Unreal-Study/UE4CPP/ArenaBattle/Binaries/Win64/UE4Editor-ArenaBattle-8486.dll (API version 3944462).
LogModuleManager: Display: Found up-to-date module file ../../../Engine/Plugins/2D/Paper2D/Binaries/Win64/UE4Editor-Paper2D.dll (API version 3944462).
LogModuleManager: Display: Found up-to-date module file ../../../Engine/Plugins/2D/Paper2D/Binaries/Win64/UE4Editor-Paper2DEditor.dll (API version 3944462).
LogModuleManager: Display: Found up-to-date module file ../../../Engine/Plugins/2D/Paper2D/Binaries/Win64/UE4Editor-PaperSpriteSheetImporter.dll (API version 3944462).
LogModuleManager: Display: Found up-to-date module file ../../../Engine/Plugins/2D/Paper2D/Binaries/Win64/UE4Editor-PaperTiledImporter.dll (API version 3944462).
LogModuleManager: Display: Found up-to-date module file ../../../Engine/Plugins/2D/Paper2D/Binaries/Win64/UE4Editor-SmartSnapping.dll (API version 3944462).
LogModuleManager: Display: Found up-to-date module file ../../../Engine/Plugins/Animation/LiveLink/Binaries/Win64/UE4Editor-LiveLink.dll (API version 3944462).
LogModuleManager: Display: Found up-to-date module file ../../../Engine/Plugins/Animation/LiveLink/Binaries/Win64/UE4Editor-LiveLinkEditor.dll (API version 3944462).
LogModuleManager: Display: Found up-to-date module file ../../../Engine/Plugins/Blendables/LightPropagationVolume/Binaries/Win64/UE4Editor-LightPropagationVolumeRuntime.dll (API version 3944462).
LogModuleManager: Display: Found up-to-date module file ../../../Engine/Plugins/Blendables/LightPropagationVolume/Binaries/Win64/UE4Editor-LightPropagationVolumeEditor.dll (API version 3944462).
LogModuleManager: Display: Found up-to-date module file ../../../Engine/Plugins/Developer/CLionSourceCodeAccess/Binaries/Win64/UE4Editor-CLionSourceCodeAccess.dll (API version 3944462).
LogModuleManager: Display: Found up-to-date module file ../../../Engine/Plugins/Developer/GitSourceControl/Binaries/Win64/UE4Editor-GitSourceControl.dll (API version 3944462).
LogModuleManager: Display: Found up-to-date module file ../../../Engine/Plugins/Developer/PerforceSourceControl/Binaries/Win64/UE4Editor-PerforceSourceControl.dll (API version 3944462).
LogModuleManager: Display: Found up-to-date module file ../../../Engine/Plugins/Developer/SubversionSourceControl/Binaries/Win64/UE4Editor-SubversionSourceControl.dll (API version 3944462).
LogModuleManager: Display: Found up-to-date module file ../../../Engine/Plugins/Developer/UObjectPlugin/Binaries/Win64/UE4Editor-UObjectPlugin.dll (API version 3944462).
LogModuleManager: Display: Found up-to-date module file ../../../Engine/Plugins/Developer/VisualStudioCodeSourceCodeAccess/Binaries/Win64/UE4Editor-VisualStudioCodeSourceCodeAccess.dll (API version 3944462).
LogModuleManager: Display: Found up-to-date module file ../../../Engine/Plugins/Developer/VisualStudioSourceCodeAccess/Binaries/Win64/UE4Editor-VisualStudioSourceCodeAccess.dll (API version 3944462).
LogModuleManager: Display: Found up-to-date module file ../../../Engine/Plugins/Editor/AssetManagerEditor/Binaries/Win64/UE4Editor-AssetManagerEditor.dll (API version 3944462).
LogModuleManager: Display: Found up-to-date module file ../../../Engine/Plugins/Editor/CryptoKeys/Binaries/Win64/UE4Editor-CryptoKeys.dll (API version 3944462).
LogModuleManager: Display: Found up-to-date module file ../../../Engine/Plugins/Editor/CryptoKeys/Binaries/Win64/UE4Editor-CryptoKeysOpenSSL.dll (API version 3944462).
LogModuleManager: Display: Found up-to-date module file ../../../Engine/Plugins/Editor/DataValidation/Binaries/Win64/UE4Editor-DataValidation.dll (API version 3944462).
LogModuleManager: Display: Found up-to-date module file ../../../Engine/Plugins/Editor/FacialAnimation/Binaries/Win64/UE4Editor-FacialAnimation.dll (API version 3944462).
LogModuleManager: Display: Found up-to-date module file ../../../Engine/Plugins/Editor/FacialAnimation/Binaries/Win64/UE4Editor-FacialAnimationEditor.dll (API version 3944462).
LogModuleManager: Display: Found up-to-date module file ../../../Engine/Plugins/Editor/GameplayTagsEditor/Binaries/Win64/UE4Editor-GameplayTagsEditor.dll (API version 3944462).
LogModuleManager: Display: Found up-to-date module file ../../../Engine/Plugins/Editor/MobileLauncherProfileWizard/Binaries/Win64/UE4Editor-MobileLauncherProfileWizard.dll (API version 3944462).
LogModuleManager: Display: Found up-to-date module file ../../../Engine/Plugins/Editor/PluginBrowser/Binaries/Win64/UE4Editor-PluginBrowser.dll (API version 3944462).
LogModuleManager: Display: Found up-to-date module file ../../../Engine/Plugins/Editor/SpeedTreeImporter/Binaries/Win64/UE4Editor-SpeedTreeImporter.dll (API version 3944462).
LogModuleManager: Display: Found up-to-date module file ../../../Engine/Plugins/Enterprise/DatasmithContent/Binaries/Win64/UE4Editor-DatasmithContent.dll (API version 3944462).
LogModuleManager: Display: Found up-to-date module file ../../../Engine/Plugins/Experimental/AlembicImporter/Binaries/Win64/UE4Editor-AlembicImporter.dll (API version 3944462).
LogModuleManager: Display: Found up-to-date module file ../../../Engine/Plugins/Experimental/AlembicImporter/Binaries/Win64/UE4Editor-AlembicLibrary.dll (API version 3944462).
LogModuleManager: Display: Found up-to-date module file ../../../Engine/Plugins/Experimental/CharacterAI/Binaries/Win64/UE4Editor-CharacterAI.dll (API version 3944462).
LogModuleManager: Display: Found up-to-date module file ../../../Engine/Plugins/Experimental/HTML5Networking/Binaries/Win64/UE4Editor-HTML5Networking.dll (API version 3944462).
LogModuleManager: Display: Found up-to-date module file ../../../Engine/Plugins/Media/AndroidMedia/Binaries/Win64/UE4Editor-AndroidMediaEditor.dll (API version 3944462).
LogModuleManager: Display: Found up-to-date module file ../../../Engine/Plugins/Media/AndroidMedia/Binaries/Win64/UE4Editor-AndroidMediaFactory.dll (API version 3944462).
LogModuleManager: Display: Found up-to-date module file ../../../Engine/Plugins/Media/AvfMedia/Binaries/Win64/UE4Editor-AvfMediaEditor.dll (API version 3944462).
LogModuleManager: Display: Found up-to-date module file ../../../Engine/Plugins/Media/AvfMedia/Binaries/Win64/UE4Editor-AvfMediaFactory.dll (API version 3944462).
LogModuleManager: Display: Found up-to-date module file ../../../Engine/Plugins/Media/AvfMedia/Binaries/Win64/UE4Editor-AvfMediaFactory.dll (API version 3944462).
LogModuleManager: Display: Found up-to-date module file ../../../Engine/Plugins/Media/ImgMedia/Binaries/Win64/UE4Editor-ImgMedia.dll (API version 3944462).
LogModuleManager: Display: Found up-to-date module file ../../../Engine/Plugins/Media/ImgMedia/Binaries/Win64/UE4Editor-ImgMediaEditor.dll (API version 3944462).
LogModuleManager: Display: Found up-to-date module file ../../../Engine/Plugins/Media/ImgMedia/Binaries/Win64/UE4Editor-ImgMediaFactory.dll (API version 3944462).
LogModuleManager: Display: Found up-to-date module file ../../../Engine/Plugins/Media/ImgMedia/Binaries/Win64/UE4Editor-ImgMediaFactory.dll (API version 3944462).
LogModuleManager: Display: Found up-to-date module file ../../../Engine/Plugins/Media/ImgMedia/Binaries/Win64/UE4Editor-OpenExrWrapper.dll (API version 3944462).
LogModuleManager: Display: Found up-to-date module file ../../../Engine/Plugins/Media/LinearTimecode/Binaries/Win64/UE4Editor-LinearTimecode.dll (API version 3944462).
LogModuleManager: Display: Found up-to-date module file ../../../Engine/Plugins/Media/MediaCompositing/Binaries/Win64/UE4Editor-MediaCompositing.dll (API version 3944462).
LogModuleManager: Display: Found up-to-date module file ../../../Engine/Plugins/Media/MediaCompositing/Binaries/Win64/UE4Editor-MediaCompositingEditor.dll (API version 3944462).
LogModuleManager: Display: Found up-to-date module file ../../../Engine/Plugins/Media/MediaPlayerEditor/Binaries/Win64/UE4Editor-MediaPlayerEditor.dll (API version 3944462).
LogModuleManager: Display: Found up-to-date module file ../../../Engine/Plugins/Media/WmfMedia/Binaries/Win64/UE4Editor-WmfMedia.dll (API version 3944462).
LogModuleManager: Display: Found up-to-date module file ../../../Engine/Plugins/Media/WmfMedia/Binaries/Win64/UE4Editor-WmfMediaEditor.dll (API version 3944462).
LogModuleManager: Display: Found up-to-date module file ../../../Engine/Plugins/Media/WmfMedia/Binaries/Win64/UE4Editor-WmfMediaFactory.dll (API version 3944462).
LogModuleManager: Display: Found up-to-date module file ../../../Engine/Plugins/Media/WmfMedia/Binaries/Win64/UE4Editor-WmfMediaFactory.dll (API version 3944462).
LogModuleManager: Display: Found up-to-date module file ../../../Engine/Plugins/Messaging/TcpMessaging/Binaries/Win64/UE4Editor-TcpMessaging.dll (API version 3944462).
LogModuleManager: Display: Found up-to-date module file ../../../Engine/Plugins/Messaging/UdpMessaging/Binaries/Win64/UE4Editor-UdpMessaging.dll (API version 3944462).
LogModuleManager: Display: Found up-to-date module file ../../../Engine/Plugins/MovieScene/ActorSequence/Binaries/Win64/UE4Editor-ActorSequence.dll (API version 3944462).
LogModuleManager: Display: Found up-to-date module file ../../../Engine/Plugins/MovieScene/LevelSequenceEditor/Binaries/Win64/UE4Editor-LevelSequenceEditor.dll (API version 3944462).
LogModuleManager: Display: Found up-to-date module file ../../../Engine/Plugins/MovieScene/MatineeToLevelSequence/Binaries/Win64/UE4Editor-MatineeToLevelSequence.dll (API version 3944462).
LogModuleManager: Display: Found up-to-date module file ../../../Engine/Plugins/NetcodeUnitTest/NetcodeUnitTest/Binaries/Win64/UE4Editor-NetcodeUnitTest.dll (API version 3944462).
LogModuleManager: Display: Found up-to-date module file ../../../Engine/Plugins/NetcodeUnitTest/NUTUnrealEngine4/Binaries/Win64/UE4Editor-NUTUnrealEngine4.dll (API version 3944462).
LogModuleManager: Display: Found up-to-date module file ../../../Engine/Plugins/Online/OnlineSubsystem/Binaries/Win64/UE4Editor-OnlineSubsystem.dll (API version 3944462).
LogModuleManager: Display: Found up-to-date module file ../../../Engine/Plugins/Online/OnlineSubsystemNull/Binaries/Win64/UE4Editor-OnlineSubsystemNull.dll (API version 3944462).
LogModuleManager: Display: Found up-to-date module file ../../../Engine/Plugins/Online/OnlineSubsystemUtils/Binaries/Win64/UE4Editor-OnlineSubsystemUtils.dll (API version 3944462).
LogModuleManager: Display: Found up-to-date module file ../../../Engine/Plugins/Online/OnlineSubsystemUtils/Binaries/Win64/UE4Editor-OnlineBlueprintSupport.dll (API version 3944462).
LogModuleManager: Display: Found up-to-date module file ../../../Engine/Plugins/Runtime/AndroidDeviceProfileSelector/Binaries/Win64/UE4Editor-AndroidDeviceProfileSelector.dll (API version 3944462).
LogModuleManager: Display: Found up-to-date module file ../../../Engine/Plugins/Runtime/AndroidPermission/Binaries/Win64/UE4Editor-AndroidPermission.dll (API version 3944462).
LogModuleManager: Display: Found up-to-date module file ../../../Engine/Plugins/Runtime/AppleARKit/Binaries/Win64/UE4Editor-AppleARKit.dll (API version 3944462).
LogModuleManager: Display: Found up-to-date module file ../../../Engine/Plugins/Runtime/ArchVisCharacter/Binaries/Win64/UE4Editor-ArchVisCharacter.dll (API version 3944462).
LogModuleManager: Display: Found up-to-date module file ../../../Engine/Plugins/Runtime/AudioCapture/Binaries/Win64/UE4Editor-AudioCapture.dll (API version 3944462).
LogModuleManager: Display: Found up-to-date module file ../../../Engine/Plugins/Runtime/AudioCapture/Binaries/Win64/UE4Editor-AudioCaptureEditor.dll (API version 3944462).
LogModuleManager: Display: Found up-to-date module file ../../../Engine/Plugins/Runtime/CableComponent/Binaries/Win64/UE4Editor-CableComponent.dll (API version 3944462).
LogModuleManager: Display: Found up-to-date module file ../../../Engine/Plugins/Runtime/CustomMeshComponent/Binaries/Win64/UE4Editor-CustomMeshComponent.dll (API version 3944462).
LogModuleManager: Display: Found up-to-date module file ../../../Engine/Plugins/Runtime/ExampleDeviceProfileSelector/Binaries/Win64/UE4Editor-ExampleDeviceProfileSelector.dll (API version 3944462).
LogModuleManager: Display: Found up-to-date module file ../../../Engine/Plugins/Runtime/ImmediatePhysics/Binaries/Win64/UE4Editor-ImmediatePhysics.dll (API version 3944462).
LogModuleManager: Display: Found up-to-date module file ../../../Engine/Plugins/Runtime/ImmediatePhysics/Binaries/Win64/UE4Editor-ImmediatePhysicsEditor.dll (API version 3944462).
LogModuleManager: Display: Found up-to-date module file ../../../Engine/Plugins/Runtime/LocationServicesBPLibrary/Binaries/Win64/UE4Editor-LocationServicesBPLibrary.dll (API version 3944462).
LogModuleManager: Display: Found up-to-date module file ../../../Engine/Plugins/Runtime/MobilePatchingUtils/Binaries/Win64/UE4Editor-MobilePatchingUtils.dll (API version 3944462).
LogModuleManager: Display: Found up-to-date module file ../../../Engine/Plugins/Runtime/Oculus/OculusVR/Binaries/Win64/UE4Editor-OculusHMD.dll (API version 3944462).
LogModuleManager: Display: Found up-to-date module file ../../../Engine/Plugins/Runtime/Oculus/OculusVR/Binaries/Win64/UE4Editor-OculusInput.dll (API version 3944462).
LogModuleManager: Display: Found up-to-date module file ../../../Engine/Plugins/Runtime/Oculus/OculusVR/Binaries/Win64/UE4Editor-OculusEditor.dll (API version 3944462).
LogModuleManager: Display: Found up-to-date module file ../../../Engine/Plugins/Runtime/PhysXVehicles/Binaries/Win64/UE4Editor-PhysXVehicles.dll (API version 3944462).
LogModuleManager: Display: Found up-to-date module file ../../../Engine/Plugins/Runtime/PhysXVehicles/Binaries/Win64/UE4Editor-PhysXVehiclesEditor.dll (API version 3944462).
LogModuleManager: Display: Found up-to-date module file ../../../Engine/Plugins/Runtime/ProceduralMeshComponent/Binaries/Win64/UE4Editor-ProceduralMeshComponent.dll (API version 3944462).
LogModuleManager: Display: Found up-to-date module file ../../../Engine/Plugins/Runtime/ProceduralMeshComponent/Binaries/Win64/UE4Editor-ProceduralMeshComponentEditor.dll (API version 3944462).
LogModuleManager: Display: Found up-to-date module file ../../../Engine/Plugins/Runtime/RuntimePhysXCooking/Binaries/Win64/UE4Editor-RuntimePhysXCooking.dll (API version 3944462).
LogModuleManager: Display: Found up-to-date module file ../../../Engine/Plugins/Runtime/Steam/SteamVR/Binaries/Win64/UE4Editor-SteamVR.dll (API version 3944462).
LogModuleManager: Display: Found up-to-date module file ../../../Engine/Plugins/Runtime/Steam/SteamVR/Binaries/Win64/UE4Editor-SteamVRController.dll (API version 3944462).
LogModuleManager: Display: Found up-to-date module file ../../../Engine/Plugins/Runtime/WindowsMoviePlayer/Binaries/Win64/UE4Editor-WindowsMoviePlayer.dll (API version 3944462).
LogInit: Using libcurl 7.47.1
LogInit:  - built for x86_64-pc-win32
LogInit:  - supports SSL with OpenSSL/1.0.2g
LogInit:  - supports HTTP deflate (compression) using libz 1.2.8
LogInit:  - other features:
LogInit:      CURL_VERSION_SSL
LogInit:      CURL_VERSION_LIBZ
LogInit:      CURL_VERSION_IPV6
LogInit:      CURL_VERSION_ASYNCHDNS
LogInit:      CURL_VERSION_LARGEFILE
LogInit:      CURL_VERSION_IDN
LogInit:  CurlRequestOptions (configurable via config and command line):
LogInit:  - bVerifyPeer = false  - Libcurl will NOT verify peer certificate
LogInit:  - bUseHttpProxy = false  - Libcurl will NOT use HTTP proxy
LogInit:  - bDontReuseConnections = false  - Libcurl will reuse connections
LogInit:  - CertBundlePath = nullptr  - Libcurl will use whatever was configured at build time.
LogInit:  - MaxHostConnections = 16  - Libcurl will limit the number of connections to a host
LogInit:  - LocalHostAddr = Default
LogInit: WinSock: version 1.1 (2.2), MaxSocks=32767, MaxUdp=65467
LogInit: WinSock: I am DESKTOP-7UCRDP7 (118.34.128.201:0)
LogInit: Build: ++UE4+Release-4.19-CL-4033788
LogInit: Engine Version: 4.19.2-4033788+++UE4+Release-4.19
LogInit: Compatible Engine Version: 4.19.0-3944462+++UE4+Release-4.19
LogInit: Net CL: 3944462
LogDevObjectVersion: Number of dev versions registered: 18
LogDevObjectVersion:   Dev-Blueprints (B0D832E4-1F89-4F0D-ACCF-7EB736FD4AA2): 10
LogDevObjectVersion:   Dev-Build (E1C64328-A22C-4D53-A36C-8E866417BD8C): 0
LogDevObjectVersion:   Dev-Core (375EC13C-06E4-48FB-B500-84F0262A717E): 2
LogDevObjectVersion:   Dev-Editor (E4B068ED-F494-42E9-A231-DA0B2E46BB41): 23
LogDevObjectVersion:   Dev-Framework (CFFC743F-43B0-4480-9391-14DF171D2073): 33
LogDevObjectVersion:   Dev-Mobile (B02B49B5-BB20-44E9-A304-32B752E40360): 2
LogDevObjectVersion:   Dev-Networking (A4E4105C-59A1-49B5-A7C5-40C4547EDFEE): 0
LogDevObjectVersion:   Dev-Online (39C831C9-5AE6-47DC-9A44-9C173E1C8E7C): 0
LogDevObjectVersion:   Dev-Physics (78F01B33-EBEA-4F98-B9B4-84EACCB95AA2): 0
LogDevObjectVersion:   Dev-Platform (6631380F-2D4D-43E0-8009-CF276956A95A): 0
LogDevObjectVersion:   Dev-Rendering (12F88B9F-8875-4AFC-A67C-D90C383ABD29): 25
LogDevObjectVersion:   Dev-Sequencer (7B5AE74C-D270-4C10-A958-57980B212A5A): 6
LogDevObjectVersion:   Dev-VR (D7296918-1DD6-4BDD-9DE2-64A83CC13884): 1
LogDevObjectVersion:   Dev-LoadTimes (C2A15278-BFE7-4AFE-6C17-90FF531DF755): 1
LogDevObjectVersion:   Private-Geometry (6EACA3D4-40EC-4CC1-B786-8BED09428FC5): 2
LogDevObjectVersion:   Dev-AnimPhys (29E575DD-E0A3-4627-9D10-D276232CDCEA): 16
LogDevObjectVersion:   Dev-ReflectionCapture (6B266CEC-1EC7-4B8F-A30B-E4D90942FC07): 1
LogDevObjectVersion:   Dev-Automation (0DF73D61-A23F-47EA-B727-89E90C41499A): 1
LogInit: Compiled (64-bit): Apr 27 2018 02:06:57
LogInit: Compiled with Visual C++: 19.00.24215.01
LogInit: Build Configuration: Development
LogInit: Branch Name: ++UE4+Release-4.19
LogInit: Command Line:  
LogInit: Base Directory: C:/Program Files/Epic Games/UE_4.19/Engine/Binaries/Win64/
LogInit: Installed Engine Build: 1
LogStreaming: Display: Took  0.001s to delete old logs.
LogInit: Presizing for max 8388607 objects, including 0 objects not considered by GC, pre-allocating 0 bytes for permanent pool.
LogInit: Object subsystem initialized
[2022.05.01-06.19.11:851][  0]LogInit: Selected Device Profile: [Windows]
[2022.05.01-06.19.11:851][  0]LogInit: Applying CVar settings loaded from the selected device profile: [Windows]
[2022.05.01-06.19.11:870][  0]LogInit: Computer: DESKTOP-7UCRDP7
[2022.05.01-06.19.11:870][  0]LogInit: User: A
[2022.05.01-06.19.11:870][  0]LogInit: CPU Page size=4096, Cores=16
[2022.05.01-06.19.11:870][  0]LogInit: High frequency timer resolution =10.000000 MHz
[2022.05.01-06.19.11:870][  0]LogMemory: Memory total: Physical=63.9GB (64GB approx)
[2022.05.01-06.19.11:870][  0]LogMemory: Platform Memory Stats for Windows
[2022.05.01-06.19.11:870][  0]LogMemory: Process Physical Memory: 281.11 MB used, 281.12 MB peak
[2022.05.01-06.19.11:870][  0]LogMemory: Process Virtual Memory: 275.64 MB used, 275.64 MB peak
[2022.05.01-06.19.11:870][  0]LogMemory: Physical Memory: 9308.88 MB used,  56170.02 MB free, 65478.89 MB total
[2022.05.01-06.19.11:870][  0]LogMemory: Virtual Memory: 4859.32 MB used,  56170.02 MB free, 134217728.00 MB total
[2022.05.01-06.19.12:066][  0]LogInit: Using OS detected language (ko-KR).
[2022.05.01-06.19.12:066][  0]LogInit: Using OS detected locale (ko-KR).
[2022.05.01-06.19.12:105][  0]LogTextLocalizationManager: No specific localization for 'ko-KR' exists, so the 'ko' localization will be used.
[2022.05.01-06.19.12:428][  0]LogStreaming: Display: Took  0.362s to EndInitTextLocalization.
[2022.05.01-06.19.12:428][  0]LogInit: Setting process to per monitor DPI aware
[2022.05.01-06.19.12:508][  0]LogSlate: New Slate User Created.  User Index 0, Is Virtual User: 0
[2022.05.01-06.19.12:508][  0]LogSlate: Slate User Registered.  User Index 0, Is Virtual User: 0
[2022.05.01-06.19.13:931][  0]LogD3D11RHI: D3D11 adapters:
[2022.05.01-06.19.14:074][  0]LogD3D11RHI:    0. 'NVIDIA GeForce RTX 3070' (Feature Level 11_0)
[2022.05.01-06.19.14:074][  0]LogD3D11RHI:       8043/0/32739 MB DedicatedVideo/DedicatedSystem/SharedSystem, Outputs:2, VendorId:0x10de
[2022.05.01-06.19.14:077][  0]LogD3D11RHI:    1. 'Microsoft Basic Render Driver' (Feature Level 11_0)
[2022.05.01-06.19.14:077][  0]LogD3D11RHI:       0/0/32739 MB DedicatedVideo/DedicatedSystem/SharedSystem, Outputs:0, VendorId:0x1414
[2022.05.01-06.19.14:077][  0]LogD3D11RHI: Chosen D3D11 Adapter: 0
[2022.05.01-06.19.14:084][  0]LogD3D11RHI: Creating new Direct3DDevice
[2022.05.01-06.19.14:084][  0]LogD3D11RHI:     GPU DeviceId: 0x2488 (for the marketing name, search the web for "GPU Device Id")
[2022.05.01-06.19.14:084][  0]LogWindows: EnumDisplayDevices:
[2022.05.01-06.19.14:084][  0]LogWindows:    0. 'NVIDIA GeForce RTX 3070' (P:1 D:1)
[2022.05.01-06.19.14:084][  0]LogWindows:    1. 'NVIDIA GeForce RTX 3070' (P:0 D:1)
[2022.05.01-06.19.14:085][  0]LogWindows:    2. 'NVIDIA GeForce RTX 3070' (P:0 D:0)
[2022.05.01-06.19.14:085][  0]LogWindows:    3. 'NVIDIA GeForce RTX 3070' (P:0 D:0)
[2022.05.01-06.19.14:086][  0]LogWindows: DebugString: GetVideoDriverDetailsInvalid PrimaryIsNotTheChoosenAdapter GetVideoDriverDetailsInvalid PrimaryIsNotTheChoosenAdapter GetVideoDriverDetailsInvalid PrimaryIsNotTheChoosenAdapter GetVideoDriverDetailsInvalid PrimaryIsNotTheChoosenAdapter FoundDriverCount:0 
[2022.05.01-06.19.14:086][  0]LogD3D11RHI:     Adapter Name: NVIDIA GeForce RTX 3070
[2022.05.01-06.19.14:086][  0]LogD3D11RHI:   Driver Version: Unknown (internal:Unknown, unified:Unknown)
[2022.05.01-06.19.14:086][  0]LogD3D11RHI:      Driver Date: Unknown
[2022.05.01-06.19.14:086][  0]LogRHI: Texture pool is 5630 MB (70% of 8043 MB)
[2022.05.01-06.19.14:141][  0]LogD3D11RHI: [Aftermath] Aftermath enabled and primed
[2022.05.01-06.19.14:141][  0]LogD3D11RHI: [Aftermath] Aftermath enabled and primed
[2022.05.01-06.19.14:141][  0]LogD3D11RHI: Async texture creation enabled
[2022.05.01-06.19.14:173][  0]LogD3D11RHI: GPU Timing Frequency: 1000.000000 (Debug: 2 1)
[2022.05.01-06.19.14:181][  0]LogShaderCompilers: Guid format shader working directory is -9 characters bigger than the processId version (D:/Work/03_Program/Unreal-Study/UE4CPP/ArenaBattle/Intermediate/Shaders/WorkingDirectory/25020/).
[2022.05.01-06.19.14:182][  0]LogShaderCompilers: Cleaned the shader compiler working directory 'C:/Users/A/AppData/Local/Temp/UnrealShaderWorkingDir/4B00B76246316519AB07B29853662E92/'.
[2022.05.01-06.19.14:712][  0]LogTemp: Display: Loaded TP AllDesktopTargetPlatform
[2022.05.01-06.19.14:723][  0]LogTemp: Display: Loaded TP MacClientTargetPlatform
[2022.05.01-06.19.14:733][  0]LogTemp: Display: Loaded TP MacNoEditorTargetPlatform
[2022.05.01-06.19.14:745][  0]LogTemp: Display: Loaded TP MacServerTargetPlatform
[2022.05.01-06.19.14:757][  0]LogTemp: Display: Loaded TP MacTargetPlatform
[2022.05.01-06.19.14:767][  0]LogTemp: Display: Loaded TP WindowsClientTargetPlatform
[2022.05.01-06.19.14:804][  0]LogTemp: Display: Loaded TP WindowsNoEditorTargetPlatform
[2022.05.01-06.19.14:815][  0]LogTemp: Display: Loaded TP WindowsServerTargetPlatform
[2022.05.01-06.19.14:820][  0]LogTemp: Display: Loaded TP WindowsTargetPlatform
[2022.05.01-06.19.14:829][  0]LogTemp: Display: Loaded TP Android_ASTCTargetPlatform
[2022.05.01-06.19.14:838][  0]LogTemp: Display: Loaded TP Android_ATCTargetPlatform
[2022.05.01-06.19.14:847][  0]LogTemp: Display: Loaded TP Android_DXTTargetPlatform
[2022.05.01-06.19.14:859][  0]LogTemp: Display: Loaded TP Android_ETC1aTargetPlatform
[2022.05.01-06.19.14:868][  0]LogTemp: Display: Loaded TP Android_ETC1TargetPlatform
[2022.05.01-06.19.14:878][  0]LogTemp: Display: Loaded TP Android_ETC2TargetPlatform
[2022.05.01-06.19.14:897][  0]LogTemp: Display: Loaded TP Android_MultiTargetPlatform
[2022.05.01-06.19.14:897][  0]LogTemp: Display: Loaded TP Android_PVRTCTargetPlatform
[2022.05.01-06.19.14:907][  0]LogTemp: Display: Loaded TP AndroidTargetPlatform
[2022.05.01-06.19.14:909][  0]LogTemp: Display: Loaded TP HTML5TargetPlatform
[2022.05.01-06.19.14:968][  0]LogTemp: Display: Loaded TP IOSTargetPlatform
[2022.05.01-06.19.14:977][  0]LogTemp: Display: Loaded TP TVOSTargetPlatform
[2022.05.01-06.19.14:987][  0]LogTemp: Display: Loaded TP LinuxClientTargetPlatform
[2022.05.01-06.19.14:996][  0]LogTemp: Display: Loaded TP LinuxNoEditorTargetPlatform
[2022.05.01-06.19.15:006][  0]LogTemp: Display: Loaded TP LinuxServerTargetPlatform
[2022.05.01-06.19.15:016][  0]LogTemp: Display: Loaded TP LinuxTargetPlatform
[2022.05.01-06.19.15:016][  0]LogTargetPlatformManager: Display: Building Assets For Windows
[2022.05.01-06.19.15:397][  0]LogXGEController: Cleaning working directory: C:/Users/A/AppData/Local/Temp/UnrealXGEWorkingDir/
[2022.05.01-06.19.15:397][  0]LogXGEController: Cannot use XGE Controller as Incredibuild is not installed on this machine.
[2022.05.01-06.19.15:397][  0]LogShaderCompilers: Cannot use XGE Shader Compiler as Incredibuild is not installed on this machine.
[2022.05.01-06.19.15:397][  0]LogShaderCompilers: Display: Using Local Shader Compiler.
[2022.05.01-06.19.16:665][  0]LogDerivedDataCache: Display: Max Cache Size: 512 MB
[2022.05.01-06.19.16:765][  0]LogDerivedDataCache: Loaded boot cache 0.10s 74MB C:/Users/A/AppData/Local/UnrealEngine/4.19/DerivedDataCache/Boot.ddc.
[2022.05.01-06.19.16:765][  0]LogDerivedDataCache: Display: Loaded Boot cache: C:/Users/A/AppData/Local/UnrealEngine/4.19/DerivedDataCache/Boot.ddc
[2022.05.01-06.19.16:765][  0]LogDerivedDataCache: FDerivedDataBackendGraph:  Pak pak cache file D:/Work/03_Program/Unreal-Study/UE4CPP/ArenaBattle/DerivedDataCache/DDC.ddp not found, will not use a pak cache.
[2022.05.01-06.19.16:765][  0]LogDerivedDataCache: Unable to find inner node Pak for hierarchical cache Hierarchy.
[2022.05.01-06.19.16:765][  0]LogDerivedDataCache: FDerivedDataBackendGraph:  CompressedPak pak cache file D:/Work/03_Program/Unreal-Study/UE4CPP/ArenaBattle/DerivedDataCache/Compressed.ddp not found, will not use a pak cache.
[2022.05.01-06.19.16:765][  0]LogDerivedDataCache: Unable to find inner node CompressedPak for hierarchical cache Hierarchy.
[2022.05.01-06.19.16:782][  0]LogDerivedDataCache: Display: Pak cache opened for reading ../../../Engine/DerivedDataCache/Compressed.ddp.
[2022.05.01-06.19.16:795][  0]LogDerivedDataCache: Using Local data cache path C:/Users/A/AppData/Local/UnrealEngine/Common/DerivedDataCache: Writable
[2022.05.01-06.19.16:795][  0]LogDerivedDataCache: Shared data cache path not found in *engine.ini, will not use an Shared cache.
[2022.05.01-06.19.16:795][  0]LogDerivedDataCache: Unable to find inner node Shared for hierarchical cache Hierarchy.
[2022.05.01-06.19.16:804][  0]LogMaterial: Verifying Global Shaders for PCD3D_SM5
[2022.05.01-06.19.16:806][  0]LogSlate: Using Freetype 2.6.0
[2022.05.01-06.19.16:814][  0]LogSlate: SlateFontCache - WITH_FREETYPE: 1, WITH_HARFBUZZ: 1
[2022.05.01-06.19.16:814][  0]LogSlate: SlateFontCache - WITH_FREETYPE: 1, WITH_HARFBUZZ: 1
[2022.05.01-06.19.19:017][  0]LogAssetRegistry: FAssetRegistry took 0.0262 seconds to start up
[2022.05.01-06.19.19:267][  0]LogInit: Selected Device Profile: [Windows]
[2022.05.01-06.19.19:450][  0]LogSimplygon: Simplygon DLL not present - disabling.
[2022.05.01-06.19.19:453][  0]LogMeshReduction: Using SimplygonSwarm for distributed automatic mesh merging
[2022.05.01-06.19.19:454][  0]LogMeshReduction: Using QuadricMeshReduction for automatic static mesh reduction
[2022.05.01-06.19.19:454][  0]LogMeshReduction: No automatic skeletal mesh reduction module available
[2022.05.01-06.19.19:454][  0]LogMeshReduction: No automatic mesh merging module available
[2022.05.01-06.19.19:454][  0]LogMeshMerging: No automatic mesh merging module available
[2022.05.01-06.19.19:491][  0]LogNetVersion: ArenaBattle , NetCL: 3944462, EngineNetVer: 2, GameNetVer: 0 (Checksum: 3555152549)
[2022.05.01-06.19.19:901][  0]LogPackageLocalizationCache: Processed 9 localized package path(s) for 2 prioritized culture(s) in 0.056206 seconds
[2022.05.01-06.19.19:905][  0]LogUObjectArray: 36728 objects as part of root set at end of initial load.
[2022.05.01-06.19.19:905][  0]LogUObjectAllocator: 7314304 out of 0 bytes used by permanent object pool.
[2022.05.01-06.19.19:905][  0]LogUObjectArray: CloseDisregardForGC: 0/0 objects in disregard for GC pool
[2022.05.01-06.19.21:875][  0]LogTcpMessaging: Initializing TcpMessaging bridge
[2022.05.01-06.19.21:905][  0]LogUdpMessaging: Initializing bridge on interface 0.0.0.0:0 to multicast group 230.0.0.1:6666.
[2022.05.01-06.19.22:283][  0]SourceControl: 소스 콘트롤이 꺼졌습니다.
[2022.05.01-06.19.23:894][  0]LogAndroidPermission: UAndroidPermissionCallbackProxy::GetInstance
[2022.05.01-06.19.24:124][  0]LogOcInput: OculusInput pre-init called
[2022.05.01-06.19.24:237][  0]LogEngine: Initializing Engine...
[2022.05.01-06.19.24:241][  0]LogHMD: Failed to initialize OpenVR with code 110
[2022.05.01-06.19.24:243][  0]LogStats: UGameplayTagsManager::ConstructGameplayTagTree: Construct from data asset -  0.000 s
[2022.05.01-06.19.24:243][  0]LogStats: UGameplayTagsManager::ConstructGameplayTagTree: GameplayTagTreeChangedEvent.Broadcast -  0.000 s
[2022.05.01-06.19.24:409][  0]LogAIModule: Creating AISystem for world Untitled
[2022.05.01-06.19.24:461][  0]LogInit: XAudio2 using '스피커(USB Audio Device)' : 2 channels at 48 kHz using 16 bits per sample (channel mask 0x3)
[2022.05.01-06.19.24:489][  0]LogInit: FAudioDevice initialized.
[2022.05.01-06.19.24:522][  0]LogDerivedDataCache: Saved boot cache 0.03s 74MB C:/Users/A/AppData/Local/UnrealEngine/4.19/DerivedDataCache/Boot.ddc.
[2022.05.01-06.19.24:528][  0]LogInit: Texture streaming: Enabled
[2022.05.01-06.19.24:544][  0]LogEngineSessionManager: EngineSessionManager initialized
[2022.05.01-06.19.24:557][  0]LogInit: Transaction tracking system initialized
[2022.05.01-06.19.24:583][  0]BlueprintLog: New page: 에디터 로드
[2022.05.01-06.19.24:666][  0]LocalizationService: 현지화 서비스가 비활성화되었습니다.
[2022.05.01-06.19.24:767][  0]LogConsoleResponse: Display: 
[2022.05.01-06.19.24:893][  0]LogCook: Display: Max memory allowance for cook 16384mb min free memory 0mb
[2022.05.01-06.19.24:893][  0]LogCook: Display: Mobile HDR setting 1
[2022.05.01-06.19.24:893][  0]LogGameplayTags: Display: UGameplayTagsManager::DoneAddingNativeTags. DelegateIsBound: 0
[2022.05.01-06.19.24:893][  0]LogStats: UGameplayTagsManager::ConstructGameplayTagTree: Construct from data asset -  0.000 s
[2022.05.01-06.19.24:893][  0]LogStats: UGameplayTagsManager::ConstructGameplayTagTree: GameplayTagTreeChangedEvent.Broadcast -  0.000 s
[2022.05.01-06.19.25:266][  0]LogFileCache: Scanning file cache for directory 'D:/Work/03_Program/Unreal-Study/UE4CPP/ArenaBattle/Content/' took 0.02s
[2022.05.01-06.19.25:266][  0]Cmd: MAP LOAD FILE="D:/Work/03_Program/Unreal-Study/UE4CPP/ArenaBattle/Content/Book/Map/Step1.umap" TEMPLATE=0 SHOWPROGRESS=1 FEATURELEVEL=3
[2022.05.01-06.19.25:267][  0]LightingResults: New page: 라이팅 빌드
[2022.05.01-06.19.25:271][  0]MapCheck: New page: 맵 체크
[2022.05.01-06.19.25:271][  0]LightingResults: New page: 라이팅 빌드
[2022.05.01-06.19.25:609][  0]LogAIModule: Creating AISystem for world Step1
[2022.05.01-06.19.25:618][  0]LogEditorServer: Finished looking for orphan Actors (0.000 secs)
[2022.05.01-06.19.25:627][  0]Cmd: MAP CHECKDEP NOCLEARLOG
[2022.05.01-06.19.25:691][  0]MapCheck: 맵 체크 완료: 오류 0 회, 경고 0 회, 소요 시간 64.204ms.
[2022.05.01-06.19.25:691][  0]LogFileHelpers: Loading map 'Step1' took 0.426
[2022.05.01-06.19.25:853][  0]LogCollectionManager: Loaded 0 collections in 0.001691 seconds
[2022.05.01-06.19.25:903][  0]LogFileCache: Scanning file cache for directory 'D:/Work/03_Program/Unreal-Study/UE4CPP/ArenaBattle/Saved/Collections/' took 0.01s
[2022.05.01-06.19.25:903][  0]LogFileCache: Scanning file cache for directory 'D:/Work/03_Program/Unreal-Study/UE4CPP/ArenaBattle/Content/Developers/A/Collections/' took 0.01s
[2022.05.01-06.19.25:903][  0]LogFileCache: Scanning file cache for directory 'D:/Work/03_Program/Unreal-Study/UE4CPP/ArenaBattle/Content/Collections/' took 0.01s
[2022.05.01-06.19.25:903][  0]LogCollectionManager: Rebuilt the GUID cache for 0 collections in 0.000000 seconds
[2022.05.01-06.19.25:911][  0]LogContentBrowser: Native class hierarchy populated in 0.0074 seconds. Added 2453 classes and 560 folders.
[2022.05.01-06.19.25:918][  0]LogContentBrowser: Native class hierarchy updated for 'WidgetCarousel' in 0.0005 seconds. Added 0 classes and 0 folders.
[2022.05.01-06.19.26:140][  0]LogContentBrowser: Native class hierarchy updated for 'AddContentDialog' in 0.0005 seconds. Added 0 classes and 0 folders.
[2022.05.01-06.19.26:146][  0]LogContentBrowser: Native class hierarchy updated for 'SceneOutliner' in 0.0005 seconds. Added 1 classes and 2 folders.
[2022.05.01-06.19.26:188][  0]LogSlate: Took 0.005512 seconds to synchronously load lazily loaded font '../../../Engine/Content/Slate/Fonts/Roboto-Regular.ttf' (155K)
[2022.05.01-06.19.26:201][  0]LogSlate: Took 0.011812 seconds to synchronously load lazily loaded font '../../../Engine/Content/Editor/Slate/Fonts/NanumGothic.ttf' (4243K)
[2022.05.01-06.19.26:213][  0]LogSlate: Took 0.011526 seconds to synchronously load lazily loaded font '../../../Engine/Content/Editor/Slate/Fonts/NanumGothicBold.ttf' (4188K)
[2022.05.01-06.19.26:216][  0]LogSlate: Took 0.003177 seconds to synchronously load lazily loaded font '../../../Engine/Content/Slate/Fonts/Roboto-Bold.ttf' (160K)
[2022.05.01-06.19.26:223][  0]LogSlate: Took 0.003368 seconds to synchronously load lazily loaded font '../../../Engine/Content/Editor/Slate/Fonts/FontAwesome.ttf' (139K)
[2022.05.01-06.19.26:329][  0]LogRenderer: Reallocating scene render targets to support 1616x808 Format 10 NumSamples 1 (Frame:1).
[2022.05.01-06.19.26:439][  0]LogContentBrowser: Native class hierarchy updated for 'HierarchicalLODOutliner' in 0.0005 seconds. Added 0 classes and 0 folders.
[2022.05.01-06.19.26:439][  0]LogLoad: (Engine Initialization) Total time: 21.81 seconds
[2022.05.01-06.19.26:439][  0]LogLoad: (Engine Initialization) Total Blueprint compile time: 0.00 seconds
[2022.05.01-06.19.26:795][  0]LogAssetRegistry: Asset discovery search completed in 7.8002 seconds
[2022.05.01-06.19.26:797][  0]LogCollectionManager: Rebuilt the object cache for 0 collections in 0.000001 seconds (found 0 objects)
[2022.05.01-06.19.26:797][  0]LogCollectionManager: Fixed up redirectors for 0 collections in 0.000038 seconds (updated 0 objects)
[2022.05.01-06.19.26:801][  0]LogContentStreaming: Texture pool size now 1000 MB
[2022.05.01-06.21.27:871][582]LogSlate: FSceneViewport::OnFocusLost() reason 0
[2022.05.01-06.21.30:686][918]LogSlate: Took 0.004519 seconds to synchronously load lazily loaded font '../../../Engine/Content/Slate/Fonts/Roboto-Light.ttf' (167K)
[2022.05.01-06.21.37:440][ 87]LogVSAccessor: Warning: Couldn't goto line number '1' in 'D:/Work/03_Program/Unreal-Study/UE4CPP/ArenaBattle/Source/ArenaBattle/Fountain.h'
[2022.05.01-06.21.37:447][ 87]LogVSAccessor: Warning: Couldn't open file 'D:/Work/03_Program/Unreal-Study/UE4CPP/ArenaBattle/Source/ArenaBattle/Fountain.cpp'.
[2022.05.01-06.23.38:787][656]LogEditorViewport: Clicking on Actor (LMB): SphereReflectionCapture (SphereReflectionCapture)
[2022.05.01-06.23.40:873][896]LogSlate: FSceneViewport::OnFocusLost() reason 0
[2022.05.01-06.23.41:482][967]LogSlate: Took 0.003768 seconds to synchronously load lazily loaded font '../../../Engine/Content/Slate/Fonts/Roboto-Italic.ttf' (157K)
[2022.05.01-06.24.40:429][361]LogHotReload: New module detected: UE4Editor-ArenaBattle-1914.dll
[2022.05.01-06.24.41:113][364]LogHotReload: Starting Hot-Reload from IDE
[2022.05.01-06.24.42:100][364]LogClass: Could not find existing class Fountain in package /Script/ArenaBattle for HotReload, assuming new class
[2022.05.01-06.24.42:102][364]LogHotReload: Re-instancing Fountain after hot-reload.
[2022.05.01-06.24.42:172][364]LogContentBrowser: Native class hierarchy updated for 'ArenaBattle' in 0.0006 seconds. Added 1 classes and 2 folders.
[2022.05.01-06.24.42:173][364]Display: HotReload successful (0 functions remapped  0 scriptstructs remapped)
[2022.05.01-06.24.42:196][364]LogContentBrowser: Native class hierarchy populated in 0.0069 seconds. Added 2454 classes and 562 folders.
[2022.05.01-06.24.42:203][364]Display: HotReload took  1.1s.
[2022.05.01-06.25.14:153][686]LogSlate: FSceneViewport::OnFocusLost() reason 0
[2022.05.01-06.29.28:094][528]Cmd: OBJ SAVEPACKAGE PACKAGE="/Game/Book/Map/Step1" FILE="D:/Work/03_Program/Unreal-Study/UE4CPP/ArenaBattle/Saved/Autosaves/Game/Book/Map/Step1_Auto1.umap" SILENT=true AUTOSAVING=true KEEPDIRTY=false
[2022.05.01-06.29.28:112][528]LogSavePackage: Save=15.39ms
[2022.05.01-06.29.28:112][528]LogSavePackage: Moving 'D:/Work/03_Program/Unreal-Study/UE4CPP/ArenaBattle/Saved/Step1_Auto11589CCDC46C43FEFA27047867A9570F8.tmp' to 'D:/Work/03_Program/Unreal-Study/UE4CPP/ArenaBattle/Saved/Autosaves/Game/Book/Map/Step1_Auto1.umap'
[2022.05.01-06.29.28:129][528]LogSavePackage: Display: Finished SavePackage D:/Work/03_Program/Unreal-Study/UE4CPP/ArenaBattle/Saved/Autosaves/Game/Book/Map/Step1_Auto1.umap
[2022.05.01-06.29.28:131][528]LogFileHelpers: Editor autosave (incl. sublevels) for '/Game/Book/Map/Step1' took 0.043
[2022.05.01-06.29.28:131][528]LogFileHelpers: Editor autosave (incl. sublevels) for all levels took 0.043
[2022.05.01-06.32.40:549][973]LogStaticMesh: SM_Plains_Fountain_02 스태틱 메시 빌드중...
[2022.05.01-06.32.40:559][973]LogTexture: Display: 텍스처 빌드: T_Plains_Fountain_Water_01 (AutoDXT, 256X1024)
[2022.05.01-06.32.40:571][973]LogStaticMesh: Built static mesh [0.02s] /Game/InfinityBladeGrassLands/Effects/FX_Meshes/Env/SM_Plains_Fountain_02.SM_Plains_Fountain_02
[2022.05.01-06.32.40:605][973]LogMaterial: Missing cached shader map for material M_Water_fountain_01, compiling. 
[2022.05.01-06.32.40:661][973]LogShaderCompilers: Display: Shaders left to compile 45
[2022.05.01-06.32.40:661][973]LogShaderCompilers: Display: Shaders left to compile 35
[2022.05.01-06.32.40:661][973]LogShaderCompilers: Display: Shaders left to compile 25
[2022.05.01-06.32.40:661][973]LogShaderCompilers: Display: Shaders left to compile 15
[2022.05.01-06.32.40:661][973]LogShaderCompilers: Display: Shaders left to compile 5
[2022.05.01-06.32.57:296][941]LogSlate: FSceneViewport::OnFocusLost() reason 0
[2022.05.01-06.33.42:505][181]LogSlate: FSceneViewport::OnFocusLost() reason 0
[2022.05.01-06.35.10:361][ 41]LogStaticMesh: SM_Treasure_Coin 스태틱 메시 빌드중...
[2022.05.01-06.35.10:373][ 41]LogStaticMesh: Built static mesh [0.01s] /Game/InfinityBladeGrassLands/Effects/FX_Meshes/Env/SM_Treasure_Coin.SM_Treasure_Coin
[2022.05.01-06.35.20:266][222]LogSlate: FSceneViewport::OnFocusLost() reason 0
[2022.05.01-06.35.22:669][508]LogEditorViewport: Clicking on Actor (LMB): StaticMeshActor (SM_SQUARE)
[2022.05.01-06.35.29:137][262]LogSlate: FSceneViewport::OnFocusLost() reason 2
[2022.05.01-06.35.29:252][262]Cmd: OBJ SAVEPACKAGE PACKAGE="/Game/Book/Map/Step1" FILE="D:/Work/03_Program/Unreal-Study/UE4CPP/ArenaBattle/Content/Book/Map/Step1.umap" SILENT=true AUTOSAVING=false KEEPDIRTY=false
[2022.05.01-06.35.29:274][262]LogSavePackage: Save=14.83ms
[2022.05.01-06.35.29:274][262]LogSavePackage: Moving 'D:/Work/03_Program/Unreal-Study/UE4CPP/ArenaBattle/Saved/Step172EAC9E6441B2FDFA19DA581CB64A485.tmp' to 'D:/Work/03_Program/Unreal-Study/UE4CPP/ArenaBattle/Content/Book/Map/Step1.umap'
[2022.05.01-06.35.29:276][262]LogSavePackage: Display: Finished SavePackage D:/Work/03_Program/Unreal-Study/UE4CPP/ArenaBattle/Content/Book/Map/Step1.umap
[2022.05.01-06.35.41:397][713]LogEditorViewport: Clicking on Actor (LMB): Fountain (Fountain)
[2022.05.01-06.35.42:593][851]LogEditorViewport: Clicking on Actor (context menu): Fountain (Fountain)
[2022.05.01-06.35.42:614][851]LogSlate: FSceneViewport::OnFocusLost() reason 2
[2022.05.01-06.41.46:002][487]LogSlate: FSceneViewport::OnFocusLost() reason 0
[2022.05.01-06.41.49:961][920]LogEditorViewport: Clicking on Actor (LMB): StaticMeshActor (SM_SQUARE)
[2022.05.01-06.45.29:566][674]Cmd: OBJ SAVEPACKAGE PACKAGE="/Game/Book/Map/Step1" FILE="D:/Work/03_Program/Unreal-Study/UE4CPP/ArenaBattle/Saved/Autosaves/Game/Book/Map/Step1_Auto2.umap" SILENT=true AUTOSAVING=true KEEPDIRTY=false
[2022.05.01-06.45.29:592][674]LogSavePackage: Save=23.17ms
[2022.05.01-06.45.29:592][674]LogSavePackage: Moving 'D:/Work/03_Program/Unreal-Study/UE4CPP/ArenaBattle/Saved/Step1_Auto2E202A7354F331FE28103139AF45C03E8.tmp' to 'D:/Work/03_Program/Unreal-Study/UE4CPP/ArenaBattle/Saved/Autosaves/Game/Book/Map/Step1_Auto2.umap'
[2022.05.01-06.45.29:606][674]LogSavePackage: Display: Finished SavePackage D:/Work/03_Program/Unreal-Study/UE4CPP/ArenaBattle/Saved/Autosaves/Game/Book/Map/Step1_Auto2.umap
[2022.05.01-06.45.29:607][674]LogFileHelpers: Editor autosave (incl. sublevels) for '/Game/Book/Map/Step1' took 0.046
[2022.05.01-06.45.29:607][674]LogFileHelpers: Editor autosave (incl. sublevels) for all levels took 0.046
[2022.05.01-06.47.28:600][375]LogHotReload: New module detected: UE4Editor-ArenaBattle-2316.dll
[2022.05.01-06.47.29:285][378]LogHotReload: Starting Hot-Reload from IDE
[2022.05.01-06.47.30:133][378]LogHotReload: Re-instancing Fountain after hot-reload.
[2022.05.01-06.47.30:189][378]LogContentBrowser: Native class hierarchy updated for 'ArenaBattle' in 0.0006 seconds. Added 1 classes and 2 folders.
[2022.05.01-06.47.30:190][378]Display: HotReload successful (0 functions remapped  0 scriptstructs remapped)
[2022.05.01-06.47.30:500][378]LogContentBrowser: Native class hierarchy populated in 0.0065 seconds. Added 2454 classes and 562 folders.
[2022.05.01-06.47.30:505][378]Display: HotReload took  1.2s.
[2022.05.01-06.47.43:021][793]LogEditorViewport: Clicking on Actor (LMB): Fountain (Fountain)
[2022.05.01-06.47.45:308][ 61]LogSlate: FSceneViewport::OnFocusLost() reason 0
[2022.05.01-07.04.06:819][932]LogEditorViewport: Clicking on Component (context menu): StaticMeshComponent (WATER)
[2022.05.01-07.04.06:867][932]LogSlate: FSceneViewport::OnFocusLost() reason 2
[2022.05.01-07.04.18:748][ 30]LogHotReload: New module detected: UE4Editor-ArenaBattle-5273.dll
[2022.05.01-07.04.19:433][ 33]LogHotReload: Starting Hot-Reload from IDE
[2022.05.01-07.04.19:825][ 33]LogClass: Could not find existing class Fountain in package /Script/ArenaBattle for HotReload, assuming new class
[2022.05.01-07.04.19:827][ 33]LogHotReload: Re-instancing Fountain after hot-reload.
[2022.05.01-07.04.19:896][ 33]LogContentBrowser: Native class hierarchy updated for 'ArenaBattle' in 0.0007 seconds. Added 1 classes and 2 folders.
[2022.05.01-07.04.19:896][ 33]Display: HotReload successful (0 functions remapped  0 scriptstructs remapped)
[2022.05.01-07.04.19:910][ 33]LogContentBrowser: Native class hierarchy populated in 0.0065 seconds. Added 2454 classes and 562 folders.
[2022.05.01-07.04.19:916][ 33]Display: HotReload took  0.5s.
[2022.05.01-07.04.23:480][274]LogSlate: FSceneViewport::OnFocusLost() reason 0
[2022.05.01-07.04.46:923][ 74]LogSlate: FSceneViewport::OnFocusLost() reason 0
[2022.05.01-07.04.57:068][273]LogTexture: Display: 텍스처 빌드: T_Black_32 (AutoDXT, 32X32)
[2022.05.01-07.04.57:068][273]LogMaterial: Missing cached shader map for material M_Trans_Sprite_Master_DepthFade, compiling. 
[2022.05.01-07.04.57:161][273]LogTexture: Display: 텍스처 빌드: ThumbnailTexture (DXT1, 512X512)
[2022.05.01-07.04.57:161][273]LogTexture: Display: 텍스처 빌드: T_bloodTest_4X6 (AutoDXT, 1024X1024)
[2022.05.01-07.04.57:161][273]LogShaderCompilers: Display: Shaders left to compile 27
[2022.05.01-07.04.57:161][273]LogShaderCompilers: Display: Shaders left to compile 17
[2022.05.01-07.04.57:161][273]LogShaderCompilers: Display: Shaders left to compile 7
[2022.05.01-07.05.00:431][628]LogEditorViewport: Clicking on Actor (LMB): StaticMeshActor (SM_SQUARE)
[2022.05.01-07.05.43:246][736]LogSlate: FSceneViewport::OnFocusLost() reason 2
[2022.05.01-07.05.43:262][736]Cmd: OBJ SAVEPACKAGE PACKAGE="/Game/Book/Map/Step1" FILE="D:/Work/03_Program/Unreal-Study/UE4CPP/ArenaBattle/Saved/Autosaves/Game/Book/Map/Step1_Auto3.umap" SILENT=true AUTOSAVING=true KEEPDIRTY=false
[2022.05.01-07.05.43:279][736]LogSavePackage: Save=14.76ms
[2022.05.01-07.05.43:279][736]LogSavePackage: Moving 'D:/Work/03_Program/Unreal-Study/UE4CPP/ArenaBattle/Saved/Step1_Auto32D348091465968311BC25AAEA5A71DE8.tmp' to 'D:/Work/03_Program/Unreal-Study/UE4CPP/ArenaBattle/Saved/Autosaves/Game/Book/Map/Step1_Auto3.umap'
[2022.05.01-07.05.43:280][736]LogSavePackage: Display: Finished SavePackage D:/Work/03_Program/Unreal-Study/UE4CPP/ArenaBattle/Saved/Autosaves/Game/Book/Map/Step1_Auto3.umap
[2022.05.01-07.05.43:282][736]LogFileHelpers: Editor autosave (incl. sublevels) for '/Game/Book/Map/Step1' took 0.025
[2022.05.01-07.05.43:282][736]LogFileHelpers: Editor autosave (incl. sublevels) for all levels took 0.025
[2022.05.01-07.06.34:773][914]LogEditorViewport: Clicking on Actor (LMB): StaticMeshActor (SM_SQUARE)
[2022.05.01-07.06.39:986][132]LogSlate: FSceneViewport::OnFocusLost() reason 2
[2022.05.01-07.06.41:198][152]LogEditorViewport: Clicking on Actor (LMB): Fountain (Fountain)
[2022.05.01-07.06.45:458][650]LogSlate: FSceneViewport::OnFocusLost() reason 0
[2022.05.01-09.55.50:413][469]LogSlate: Window '콘텐츠 저장' being destroyed
[2022.05.01-09.55.50:622][469]Cmd: OBJ SAVEPACKAGE PACKAGE="/Game/Book/Map/Step1" FILE="D:/Work/03_Program/Unreal-Study/UE4CPP/ArenaBattle/Content/Book/Map/Step1.umap" SILENT=true AUTOSAVING=false KEEPDIRTY=false
[2022.05.01-09.55.50:645][469]LogSavePackage: Save=15.95ms
[2022.05.01-09.55.50:645][469]LogSavePackage: Moving 'D:/Work/03_Program/Unreal-Study/UE4CPP/ArenaBattle/Saved/Step12D55B88049BC8B659444C1B0F7107498.tmp' to 'D:/Work/03_Program/Unreal-Study/UE4CPP/ArenaBattle/Content/Book/Map/Step1.umap'
[2022.05.01-09.55.50:646][469]LogSavePackage: Display: Finished SavePackage D:/Work/03_Program/Unreal-Study/UE4CPP/ArenaBattle/Content/Book/Map/Step1.umap
[2022.05.01-09.55.50:655][469]LogFileHelpers: Saving map 'Step1' took 0.114
[2022.05.01-09.55.50:680][469]LogSlate: Window 'ArenaBattle - 언리얼 에디터' being destroyed
[2022.05.01-09.55.50:841][470]Cmd: QUIT_EDITOR
[2022.05.01-09.55.50:857][470]LogWindowsTextInputMethodSystem: Display: IME system now activated using TSF (Microsoft 입력기).
[2022.05.01-09.55.50:865][470]LogSlate: Slate User Destroyed.  User Index 0, Is Virtual User: 0
[2022.05.01-09.55.50:865][470]LogExit: Preparing to exit.
[2022.05.01-09.55.51:958][470]LogExit: Editor shut down
[2022.05.01-09.55.51:960][470]LogExit: Transaction tracking system shut down
[2022.05.01-09.55.52:335][470]LogDirectoryWatcher: A directory notification for '../../../Engine/Content/' was aborted.
[2022.05.01-09.55.52:335][470]LogDirectoryWatcher: A directory notification for 'D:/Work/03_Program/Unreal-Study/UE4CPP/ArenaBattle/Content/' was aborted.
[2022.05.01-09.55.52:335][470]LogDirectoryWatcher: A directory notification for '../../Plugins/2D/Paper2D/Content/' was aborted.
[2022.05.01-09.55.52:335][470]LogDirectoryWatcher: A directory notification for '../../Plugins/Enterprise/DatasmithContent/Content/' was aborted.
[2022.05.01-09.55.52:335][470]LogDirectoryWatcher: A directory notification for '../../Plugins/Media/MediaCompositing/Content/' was aborted.
[2022.05.01-09.55.52:335][470]LogDirectoryWatcher: A directory notification for '../../Plugins/Runtime/AppleARKit/Content/' was aborted.
[2022.05.01-09.55.52:335][470]LogDirectoryWatcher: A directory notification for '../../Plugins/Runtime/Oculus/OculusVR/Content/' was aborted.
[2022.05.01-09.55.52:335][470]LogDirectoryWatcher: A directory notification for '../../Plugins/Runtime/Steam/SteamVR/Content/' was aborted.
[2022.05.01-09.55.52:376][470]LogExit: Object subsystem successfully closed.
[2022.05.01-09.55.52:411][470]LogShaderCompilers: Display: Shaders left to compile 0
[2022.05.01-09.55.52:414][470]LogD3D11RHI: Shutdown
[2022.05.01-09.55.52:414][470]LogD3D11RHI: CleanupD3DDevice
[2022.05.01-09.55.52:415][470]LogD3D11RHI: ~FD3D11DynamicRHI
[2022.05.01-09.55.52:440][470]LogModuleManager: Shutting down and abandoning module ArenaBattle (581)
[2022.05.01-09.55.52:440][470]LogModuleManager: Shutting down and abandoning module HierarchicalLODUtilities (579)
[2022.05.01-09.55.52:440][470]LogModuleManager: Shutting down and abandoning module HierarchicalLODOutliner (576)
[2022.05.01-09.55.52:440][470]LogModuleManager: Shutting down and abandoning module DesktopPlatform (574)
[2022.05.01-09.55.52:440][470]LogModuleManager: Shutting down and abandoning module SceneOutliner (572)
[2022.05.01-09.55.52:440][470]LogModuleManager: Shutting down and abandoning module AddContentDialog (570)
[2022.05.01-09.55.52:440][470]LogDirectoryWatcher: A directory notification for 'C:/Program Files/Epic Games/UE_4.19/FeaturePacks/' was aborted.
[2022.05.01-09.55.52:441][470]LogModuleManager: Shutting down and abandoning module WidgetCarousel (569)
[2022.05.01-09.55.52:441][470]LogModuleManager: Shutting down and abandoning module EditorWidgets (566)
[2022.05.01-09.55.52:441][470]LogModuleManager: Shutting down and abandoning module CollectionManager (564)
[2022.05.01-09.55.52:441][470]LogDirectoryWatcher: A directory notification for 'D:/Work/03_Program/Unreal-Study/UE4CPP/ArenaBattle/Content/Collections/' was aborted.
[2022.05.01-09.55.52:441][470]LogDirectoryWatcher: A directory notification for 'D:/Work/03_Program/Unreal-Study/UE4CPP/ArenaBattle/Content/Developers/A/Collections/' was aborted.
[2022.05.01-09.55.52:441][470]LogDirectoryWatcher: A directory notification for 'D:/Work/03_Program/Unreal-Study/UE4CPP/ArenaBattle/Saved/Collections/' was aborted.
[2022.05.01-09.55.52:441][470]LogModuleManager: Shutting down and abandoning module StatsViewer (562)
[2022.05.01-09.55.52:441][470]LogModuleManager: Shutting down and abandoning module FoliageEdit (560)
[2022.05.01-09.55.52:441][470]LogModuleManager: Shutting down and abandoning module LandscapeEditor (558)
[2022.05.01-09.55.52:441][470]LogModuleManager: Shutting down and abandoning module MeshPaintMode (556)
[2022.05.01-09.55.52:441][470]LogModuleManager: Shutting down and abandoning module SceneDepthPickerMode (554)
[2022.05.01-09.55.52:441][470]LogModuleManager: Shutting down and abandoning module ActorPickerMode (552)
[2022.05.01-09.55.52:441][470]LogModuleManager: Shutting down and abandoning module GeometryMode (550)
[2022.05.01-09.55.52:441][470]LogModuleManager: Shutting down and abandoning module TextureAlignMode (548)
[2022.05.01-09.55.52:442][470]LogModuleManager: Shutting down and abandoning module BspMode (546)
[2022.05.01-09.55.52:442][470]LogModuleManager: Shutting down and abandoning module PIEPreviewDeviceProfileSelector (544)
[2022.05.01-09.55.52:442][470]LogModuleManager: Shutting down and abandoning module HardwareSurvey (542)
[2022.05.01-09.55.52:442][470]LogModuleManager: Shutting down and abandoning module SequenceRecorderSections (540)
[2022.05.01-09.55.52:442][470]LogModuleManager: Shutting down and abandoning module AutomationWorker (538)
[2022.05.01-09.55.52:442][470]LogModuleManager: Shutting down and abandoning module AudioCaptureEditor (536)
[2022.05.01-09.55.52:442][470]LogModuleManager: Shutting down and abandoning module SequenceRecorder (535)
[2022.05.01-09.55.52:442][470]LogModuleManager: Shutting down and abandoning module MatineeToLevelSequence (532)
[2022.05.01-09.55.52:442][470]LogModuleManager: Shutting down and abandoning module LevelSequenceEditor (530)
[2022.05.01-09.55.52:442][470]LogModuleManager: Shutting down and abandoning module PlacementMode (529)
[2022.05.01-09.55.52:442][470]LogModuleManager: Shutting down and abandoning module MaterialEditor (528)
[2022.05.01-09.55.52:443][470]LogModuleManager: Shutting down and abandoning module WmfMediaFactory (524)
[2022.05.01-09.55.52:443][470]LogModuleManager: Shutting down and abandoning module WmfMediaEditor (522)
[2022.05.01-09.55.52:443][470]LogModuleManager: Shutting down and abandoning module MediaPlayerEditor (520)
[2022.05.01-09.55.52:443][470]LogModuleManager: Shutting down and abandoning module OpenExrWrapper (518)
[2022.05.01-09.55.52:443][470]LogModuleManager: Shutting down and abandoning module ImgMediaFactory (516)
[2022.05.01-09.55.52:443][470]LogModuleManager: Shutting down and abandoning module ImgMediaEditor (514)
[2022.05.01-09.55.52:443][470]LogModuleManager: Shutting down and abandoning module AvfMediaFactory (512)
[2022.05.01-09.55.52:443][470]LogModuleManager: Shutting down and abandoning module AvfMediaEditor (510)
[2022.05.01-09.55.52:443][470]LogModuleManager: Shutting down and abandoning module AndroidMediaFactory (508)
[2022.05.01-09.55.52:443][470]LogModuleManager: Shutting down and abandoning module AndroidMediaEditor (506)
[2022.05.01-09.55.52:443][470]LogModuleManager: Shutting down and abandoning module CharacterAI (504)
[2022.05.01-09.55.52:443][470]LogModuleManager: Shutting down and abandoning module SmartSnapping (502)
[2022.05.01-09.55.52:443][470]LogModuleManager: Shutting down and abandoning module SessionServices (500)
[2022.05.01-09.55.52:443][470]LogModuleManager: Shutting down and abandoning module ViewportSnapping (498)
[2022.05.01-09.55.52:443][470]LogModuleManager: Shutting down and abandoning module ViewportInteraction (496)
[2022.05.01-09.55.52:443][470]LogModuleManager: Shutting down and abandoning module ClothPainter (494)
[2022.05.01-09.55.52:443][470]LogModuleManager: Shutting down and abandoning module SkeletalMeshEditor (493)
[2022.05.01-09.55.52:443][470]LogModuleManager: Shutting down and abandoning module LogVisualizer (490)
[2022.05.01-09.55.52:443][470]LogModuleManager: Shutting down and abandoning module IntroTutorials (488)
[2022.05.01-09.55.52:443][470]LogModuleManager: Shutting down and abandoning module GameProjectGeneration (487)
[2022.05.01-09.55.52:443][470]LogModuleManager: Shutting down and abandoning module IOSPlatformEditor (484)
[2022.05.01-09.55.52:443][470]LogModuleManager: Shutting down and abandoning module HTML5PlatformEditor (482)
[2022.05.01-09.55.52:443][470]LogModuleManager: Shutting down and abandoning module AndroidPlatformEditor (480)
[2022.05.01-09.55.52:443][470]LogModuleManager: Shutting down and abandoning module AndroidDeviceDetection (479)
[2022.05.01-09.55.53:061][470]LogModuleManager: Shutting down and abandoning module WindowsPlatformEditor (476)
[2022.05.01-09.55.53:061][470]LogModuleManager: Shutting down and abandoning module IOSRuntimeSettings (474)
[2022.05.01-09.55.53:061][470]LogModuleManager: Shutting down and abandoning module AndroidRuntimeSettings (472)
[2022.05.01-09.55.53:061][470]LogModuleManager: Shutting down and abandoning module InputBindingEditor (470)
[2022.05.01-09.55.53:061][470]LogModuleManager: Shutting down and abandoning module MergeActors (468)
[2022.05.01-09.55.53:062][470]LogModuleManager: Shutting down and abandoning module LocalizationDashboard (466)
[2022.05.01-09.55.53:062][470]LogModuleManager: Shutting down and abandoning module LocalizationService (465)
[2022.05.01-09.55.53:062][470]LogModuleManager: Shutting down and abandoning module HardwareTargeting (462)
[2022.05.01-09.55.53:062][470]LogModuleManager: Shutting down and abandoning module DeviceProfileEditor (460)
[2022.05.01-09.55.53:062][470]LogModuleManager: Shutting down and abandoning module UndoHistory (458)
[2022.05.01-09.55.53:062][470]LogModuleManager: Shutting down and abandoning module XmlParser (456)
[2022.05.01-09.55.53:062][470]LogModuleManager: Shutting down and abandoning module Blutility (454)
[2022.05.01-09.55.53:062][470]LogModuleManager: Shutting down and abandoning module ProjectSettingsViewer (452)
[2022.05.01-09.55.53:062][470]LogModuleManager: Shutting down and abandoning module ProjectTargetPlatformEditor (451)
[2022.05.01-09.55.53:062][470]LogModuleManager: Shutting down and abandoning module EditorSettingsViewer (448)
[2022.05.01-09.55.53:062][470]LogModuleManager: Shutting down and abandoning module SettingsEditor (446)
[2022.05.01-09.55.53:062][470]LogModuleManager: Shutting down and abandoning module ProjectLauncher (444)
[2022.05.01-09.55.53:063][470]LogModuleManager: Shutting down and abandoning module SessionFrontend (442)
[2022.05.01-09.55.53:063][470]LogModuleManager: Shutting down and abandoning module ProfilerClient (440)
[2022.05.01-09.55.53:063][470]LogModuleManager: Shutting down and abandoning module DeviceManager (438)
[2022.05.01-09.55.53:063][470]LogModuleManager: Shutting down and abandoning module TargetDeviceServices (437)
[2022.05.01-09.55.53:107][470]LogModuleManager: Shutting down and abandoning module AutomationController (434)
[2022.05.01-09.55.53:107][470]LogModuleManager: Shutting down and abandoning module AutomationWindow (432)
[2022.05.01-09.55.53:108][470]LogModuleManager: Shutting down and abandoning module Layers (430)
[2022.05.01-09.55.53:108][470]LogModuleManager: Shutting down and abandoning module ComponentVisualizers (428)
[2022.05.01-09.55.53:108][470]LogModuleManager: Shutting down and abandoning module DetailCustomizations (426)
[2022.05.01-09.55.53:108][470]LogModuleManager: Shutting down and abandoning module PackagesDialog (424)
[2022.05.01-09.55.53:108][470]LogModuleManager: Shutting down and abandoning module Persona (422)
[2022.05.01-09.55.53:108][470]LogModuleManager: Shutting down and abandoning module AdvancedPreviewScene (421)
[2022.05.01-09.55.53:108][470]LogModuleManager: Shutting down and abandoning module AnimGraph (419)
[2022.05.01-09.55.53:108][470]LogModuleManager: Shutting down and abandoning module Kismet (416)
[2022.05.01-09.55.53:108][470]LogModuleManager: Shutting down and abandoning module GraphEditor (414)
[2022.05.01-09.55.53:109][470]LogModuleManager: Shutting down and abandoning module ClassViewer (412)
[2022.05.01-09.55.53:109][470]LogModuleManager: Shutting down and abandoning module Toolbox (410)
[2022.05.01-09.55.53:109][470]LogModuleManager: Shutting down and abandoning module ModuleUI (408)
[2022.05.01-09.55.53:109][470]LogModuleManager: Shutting down and abandoning module MovieSceneTools (406)
[2022.05.01-09.55.53:109][470]LogModuleManager: Shutting down and abandoning module OutputLog (404)
[2022.05.01-09.55.53:109][470]LogModuleManager: Shutting down and abandoning module GammaUI (402)
[2022.05.01-09.55.53:109][470]LogModuleManager: Shutting down and abandoning module Documentation (400)
[2022.05.01-09.55.53:109][470]LogModuleManager: Shutting down and abandoning module MovieSceneTracks (398)
[2022.05.01-09.55.53:109][470]LogModuleManager: Shutting down and abandoning module MovieScene (396)
[2022.05.01-09.55.53:109][470]LogModuleManager: Shutting down and abandoning module StreamingPauseRendering (394)
[2022.05.01-09.55.53:109][470]LogModuleManager: Shutting down and abandoning module LauncherPlatform (392)
[2022.05.01-09.55.53:109][470]LogModuleManager: Shutting down and abandoning module AnalyticsET (390)
[2022.05.01-09.55.53:109][470]LogModuleManager: Shutting down and abandoning module PortalServices (388)
[2022.05.01-09.55.53:109][470]LogModuleManager: Shutting down and abandoning module PortalRpc (386)
[2022.05.01-09.55.53:109][470]LogModuleManager: Shutting down and abandoning module MessagingRpc (384)
[2022.05.01-09.55.53:109][470]LogModuleManager: Shutting down and abandoning module AIModule (382)
[2022.05.01-09.55.53:109][470]LogModuleManager: Shutting down and abandoning module GameplayDebugger (381)
[2022.05.01-09.55.53:109][470]LogModuleManager: Shutting down and abandoning module AITestSuite (379)
[2022.05.01-09.55.53:109][470]LogModuleManager: Shutting down and abandoning module ProfilerService (376)
[2022.05.01-09.55.53:311][470]LogModuleManager: Shutting down and abandoning module TaskGraph (374)
[2022.05.01-09.55.53:311][470]LogModuleManager: Shutting down and abandoning module SteamVRController (372)
[2022.05.01-09.55.53:311][470]LogModuleManager: Shutting down and abandoning module ProceduralMeshComponentEditor (370)
[2022.05.01-09.55.53:311][470]LogModuleManager: Shutting down and abandoning module ProceduralMeshComponent (368)
[2022.05.01-09.55.53:311][470]LogModuleManager: Shutting down and abandoning module OculusInput (366)
[2022.05.01-09.55.53:311][470]LogModuleManager: Shutting down and abandoning module MobilePatchingUtils (364)
[2022.05.01-09.55.53:311][470]LogModuleManager: Shutting down and abandoning module CustomMeshComponent (362)
[2022.05.01-09.55.53:311][470]LogModuleManager: Shutting down and abandoning module CableComponent (360)
[2022.05.01-09.55.53:311][470]LogModuleManager: Shutting down and abandoning module AudioCapture (358)
[2022.05.01-09.55.53:311][470]LogModuleManager: Shutting down and abandoning module ArchVisCharacter (356)
[2022.05.01-09.55.53:311][470]LogModuleManager: Shutting down and abandoning module AndroidPermission (354)
[2022.05.01-09.55.53:311][470]LogModuleManager: Shutting down and abandoning module NUTUnrealEngine4 (350)
[2022.05.01-09.55.53:311][470]LogModuleManager: Shutting down and abandoning module NetcodeUnitTest (348)
[2022.05.01-09.55.53:311][470]LogModuleManager: Shutting down and abandoning module MediaCompositingEditor (346)
[2022.05.01-09.55.53:311][470]LogModuleManager: Shutting down and abandoning module MediaCompositing (344)
[2022.05.01-09.55.53:311][470]LogModuleManager: Shutting down and abandoning module LinearTimecode (342)
[2022.05.01-09.55.53:311][470]LogModuleManager: Shutting down and abandoning module ImgMedia (340)
[2022.05.01-09.55.53:314][470]LogModuleManager: Shutting down and abandoning module HTML5Networking (338)
[2022.05.01-09.55.53:314][470]LogModuleManager: Shutting down and abandoning module AlembicImporter (336)
[2022.05.01-09.55.53:314][470]LogModuleManager: Shutting down and abandoning module AlembicLibrary (335)
[2022.05.01-09.55.53:314][470]LogModuleManager: Shutting down and abandoning module GeometryCache (334)
[2022.05.01-09.55.53:314][470]LogModuleManager: Shutting down and abandoning module GeometryCacheEd (333)
[2022.05.01-09.55.53:314][470]LogModuleManager: Shutting down and abandoning module DatasmithContent (328)
[2022.05.01-09.55.53:314][470]LogModuleManager: Shutting down and abandoning module SpeedTreeImporter (326)
[2022.05.01-09.55.53:314][470]LogModuleManager: Shutting down and abandoning module PluginBrowser (324)
[2022.05.01-09.55.53:314][470]LogModuleManager: Shutting down and abandoning module MobileLauncherProfileWizard (322)
[2022.05.01-09.55.53:314][470]LogModuleManager: Shutting down and abandoning module CryptoKeysOpenSSL (320)
[2022.05.01-09.55.53:314][470]LogModuleManager: Shutting down and abandoning module CryptoKeys (318)
[2022.05.01-09.55.53:314][470]LogModuleManager: Shutting down and abandoning module VisualStudioSourceCodeAccess (316)
[2022.05.01-09.55.53:314][470]LogModuleManager: Shutting down and abandoning module VisualStudioCodeSourceCodeAccess (314)
[2022.05.01-09.55.53:314][470]LogModuleManager: Shutting down and abandoning module UObjectPlugin (312)
[2022.05.01-09.55.53:314][470]LogModuleManager: Shutting down and abandoning module SubversionSourceControl (310)
[2022.05.01-09.55.53:314][470]LogModuleManager: Shutting down and abandoning module PerforceSourceControl (308)
[2022.05.01-09.55.53:314][470]LogModuleManager: Shutting down and abandoning module GitSourceControl (306)
[2022.05.01-09.55.53:314][470]LogModuleManager: Shutting down and abandoning module SourceControl (305)
[2022.05.01-09.55.53:314][470]LogModuleManager: Shutting down and abandoning module CLionSourceCodeAccess (302)
[2022.05.01-09.55.53:314][470]LogModuleManager: Shutting down and abandoning module LightPropagationVolumeEditor (300)
[2022.05.01-09.55.53:314][470]LogModuleManager: Shutting down and abandoning module PaperTiledImporter (298)
[2022.05.01-09.55.53:314][470]LogModuleManager: Shutting down and abandoning module PaperSpriteSheetImporter (296)
[2022.05.01-09.55.53:314][470]LogModuleManager: Shutting down and abandoning module Paper2DEditor (294)
[2022.05.01-09.55.53:314][470]LogModuleManager: Shutting down and abandoning module MeshPaint (293)
[2022.05.01-09.55.53:314][470]LogModuleManager: Shutting down and abandoning module RuntimePhysXCooking (288)
[2022.05.01-09.55.53:314][470]LogModuleManager: Shutting down and abandoning module PhysXVehiclesEditor (286)
[2022.05.01-09.55.53:314][470]LogModuleManager: Shutting down and abandoning module PhysXVehicles (284)
[2022.05.01-09.55.53:314][470]LogModuleManager: Shutting down and abandoning module OculusEditor (282)
[2022.05.01-09.55.53:314][470]LogModuleManager: Shutting down and abandoning module LocationServicesBPLibrary (280)
[2022.05.01-09.55.53:314][470]LogModuleManager: Shutting down and abandoning module ImmediatePhysicsEditor (278)
[2022.05.01-09.55.53:314][470]LogModuleManager: Shutting down and abandoning module ImmediatePhysics (276)
[2022.05.01-09.55.53:314][470]LogModuleManager: Shutting down and abandoning module ActorSequence (274)
[2022.05.01-09.55.53:314][470]LogModuleManager: Shutting down and abandoning module UdpMessaging (272)
[2022.05.01-09.55.53:416][470]LogModuleManager: Shutting down and abandoning module TcpMessaging (270)
[2022.05.01-09.55.53:517][470]LogModuleManager: Shutting down and abandoning module GameplayTagsEditor (268)
[2022.05.01-09.55.53:517][470]LogModuleManager: Shutting down and abandoning module FacialAnimationEditor (266)
[2022.05.01-09.55.53:517][470]LogModuleManager: Shutting down and abandoning module FacialAnimation (264)
[2022.05.01-09.55.53:517][470]LogModuleManager: Shutting down and abandoning module DataValidation (262)
[2022.05.01-09.55.53:517][470]LogModuleManager: Shutting down and abandoning module AssetManagerEditor (260)
[2022.05.01-09.55.53:517][470]LogModuleManager: Shutting down and abandoning module LevelEditor (259)
[2022.05.01-09.55.53:517][470]LogModuleManager: Shutting down and abandoning module PixelInspectorModule (258)
[2022.05.01-09.55.53:518][470]LogModuleManager: Shutting down and abandoning module CommonMenuExtensions (256)
[2022.05.01-09.55.53:518][470]LogModuleManager: Shutting down and abandoning module MainFrame (254)
[2022.05.01-09.55.53:518][470]LogModuleManager: Shutting down and abandoning module HotReload (253)
[2022.05.01-09.55.53:518][470]LogDirectoryWatcher: A directory notification for 'D:/Work/03_Program/Unreal-Study/UE4CPP/ArenaBattle/Binaries/Win64' was aborted.
[2022.05.01-09.55.53:519][470]LogModuleManager: Shutting down and abandoning module ContentBrowser (249)
[2022.05.01-09.55.53:519][470]LogModuleManager: Shutting down and abandoning module TreeMap (247)
[2022.05.01-09.55.53:519][470]LogModuleManager: Shutting down and abandoning module LightPropagationVolumeRuntime (244)
[2022.05.01-09.55.53:519][470]LogModuleManager: Shutting down and abandoning module LiveLinkEditor (242)
[2022.05.01-09.55.53:519][470]LogModuleManager: Shutting down and abandoning module LiveLink (240)
[2022.05.01-09.55.53:992][470]LogModuleManager: Shutting down and abandoning module Paper2D (238)
[2022.05.01-09.55.53:992][470]LogModuleManager: Shutting down and abandoning module WindowsMoviePlayer (236)
[2022.05.01-09.55.53:992][470]LogModuleManager: Shutting down and abandoning module WmfMedia (234)
[2022.05.01-09.55.53:994][470]LogModuleManager: Shutting down and abandoning module Media (233)
[2022.05.01-09.55.54:000][470]LogModuleManager: Shutting down and abandoning module PacketHandler (230)
[2022.05.01-09.55.54:000][470]LogModuleManager: Shutting down and abandoning module ClothingSystemEditor (228)
[2022.05.01-09.55.54:000][470]LogModuleManager: Shutting down and abandoning module ClothingSystemRuntime (226)
[2022.05.01-09.55.54:000][470]LogModuleManager: Shutting down and abandoning module MediaAssets (224)
[2022.05.01-09.55.54:000][470]LogModuleManager: Shutting down and abandoning module Overlay (222)
[2022.05.01-09.55.54:000][470]LogModuleManager: Shutting down and abandoning module OverlayEditor (221)
[2022.05.01-09.55.54:000][470]LogModuleManager: Shutting down and abandoning module VREditor (218)
[2022.05.01-09.55.54:000][470]LogModuleManager: Shutting down and abandoning module StringTableEditor (216)
[2022.05.01-09.55.54:000][470]LogModuleManager: Shutting down and abandoning module GameplayTasksEditor (214)
[2022.05.01-09.55.54:000][470]LogModuleManager: Shutting down and abandoning module BehaviorTreeEditor (212)
[2022.05.01-09.55.54:001][470]LogModuleManager: Shutting down and abandoning module FunctionalTesting (210)
[2022.05.01-09.55.54:001][470]LogModuleManager: Shutting down and abandoning module CollisionAnalyzer (208)
[2022.05.01-09.55.54:001][470]LogModuleManager: Shutting down and abandoning module WorkspaceMenuStructure (207)
[2022.05.01-09.55.54:001][470]LogModuleManager: Shutting down and abandoning module UMG (204)
[2022.05.01-09.55.54:001][470]LogModuleManager: Shutting down and abandoning module UMGEditor (203)
[2022.05.01-09.55.54:001][470]LogModuleManager: Shutting down and abandoning module Sequencer (202)
[2022.05.01-09.55.54:002][470]LogModuleManager: Shutting down and abandoning module MessageLog (199)
[2022.05.01-09.55.54:002][470]LogModuleManager: Shutting down and abandoning module SlateReflector (194)
[2022.05.01-09.55.54:002][470]LogModuleManager: Shutting down and abandoning module Slate (192)
[2022.05.01-09.55.54:002][470]LogModuleManager: Shutting down and abandoning module EditorStyle (190)
[2022.05.01-09.55.54:003][470]LogModuleManager: Shutting down and abandoning module MRMesh (188)
[2022.05.01-09.55.54:003][470]LogModuleManager: Shutting down and abandoning module SourceCodeAccess (186)
[2022.05.01-09.55.54:003][470]LogModuleManager: Shutting down and abandoning module HeadMountedDisplay (184)
[2022.05.01-09.55.54:003][470]LogModuleManager: Shutting down and abandoning module XAudio2 (182)
[2022.05.01-09.55.54:003][470]LogModuleManager: Shutting down and abandoning module Networking (180)
[2022.05.01-09.55.54:003][470]LogModuleManager: Shutting down and abandoning module Core (178)
[2022.05.01-09.55.54:003][470]LogModuleManager: Shutting down and abandoning module LevelSequence (176)
[2022.05.01-09.55.54:003][470]LogModuleManager: Shutting down and abandoning module KismetCompiler (174)
[2022.05.01-09.55.54:003][470]LogModuleManager: Shutting down and abandoning module MeshUtilities (172)
[2022.05.01-09.55.54:003][470]LogModuleManager: Shutting down and abandoning module MeshMergeUtilities (171)
[2022.05.01-09.55.54:003][470]LogModuleManager: Shutting down and abandoning module MeshReductionInterface (170)
[2022.05.01-09.55.54:003][470]LogModuleManager: Shutting down and abandoning module SimplygonSwarm (169)
[2022.05.01-09.55.54:003][470]LogModuleManager: Shutting down and abandoning module SimplygonMeshReduction (167)
[2022.05.01-09.55.54:003][470]LogModuleManager: Shutting down and abandoning module QuadricMeshReduction (165)
[2022.05.01-09.55.54:003][470]LogModuleManager: Shutting down and abandoning module MaterialBaking (161)
[2022.05.01-09.55.54:003][470]LogModuleManager: Shutting down and abandoning module DirectoryWatcher (157)
[2022.05.01-09.55.54:004][470]LogModuleManager: Shutting down and abandoning module DerivedDataCache (154)
[2022.05.01-09.55.54:006][470]LogDerivedDataCache: Shutdown
[2022.05.01-09.55.54:006][470]LogModuleManager: Shutting down and abandoning module XGEController (152)
[2022.05.01-09.55.54:006][470]LogXGEController: Cleaning working directory: C:/Users/A/AppData/Local/Temp/UnrealXGEWorkingDir/
[2022.05.01-09.55.54:006][470]LogModuleManager: Shutting down and abandoning module TargetPlatform (150)
[2022.05.01-09.55.54:006][470]LogModuleManager: Shutting down and abandoning module VulkanShaderFormat (149)
[2022.05.01-09.55.54:006][470]LogModuleManager: Shutting down and abandoning module ShaderFormatVectorVM (147)
[2022.05.01-09.55.54:006][470]LogModuleManager: Shutting down and abandoning module ShaderFormatOpenGL (145)
[2022.05.01-09.55.54:006][470]LogModuleManager: Shutting down and abandoning module ShaderFormatD3D (143)
[2022.05.01-09.55.54:006][470]LogModuleManager: Shutting down and abandoning module MetalShaderFormat (141)
[2022.05.01-09.55.54:006][470]LogModuleManager: Shutting down and abandoning module TextureFormatUncompressed (139)
[2022.05.01-09.55.54:006][470]LogModuleManager: Shutting down and abandoning module TextureFormatPVR (137)
[2022.05.01-09.55.54:006][470]LogModuleManager: Shutting down and abandoning module TextureFormatDXT (135)
[2022.05.01-09.55.54:006][470]LogModuleManager: Shutting down and abandoning module TextureFormatIntelISPCTexComp (133)
[2022.05.01-09.55.54:007][470]LogModuleManager: Shutting down and abandoning module TextureFormatASTC (131)
[2022.05.01-09.55.54:007][470]LogModuleManager: Shutting down and abandoning module ImageWrapper (130)
[2022.05.01-09.55.54:007][470]LogModuleManager: Shutting down and abandoning module TextureFormatAndroid (127)
[2022.05.01-09.55.54:007][470]LogModuleManager: Shutting down and abandoning module AudioFormatOpus (125)
[2022.05.01-09.55.54:007][470]LogModuleManager: Shutting down and abandoning module AudioFormatOgg (123)
[2022.05.01-09.55.54:007][470]LogModuleManager: Shutting down and abandoning module AudioFormatADPCM (121)
[2022.05.01-09.55.54:007][470]LogModuleManager: Shutting down and abandoning module LinuxTargetPlatform (119)
[2022.05.01-09.55.54:007][470]LogModuleManager: Shutting down and abandoning module LinuxServerTargetPlatform (117)
[2022.05.01-09.55.54:007][470]LogModuleManager: Shutting down and abandoning module LinuxNoEditorTargetPlatform (115)
[2022.05.01-09.55.54:007][470]LogModuleManager: Shutting down and abandoning module LinuxClientTargetPlatform (113)
[2022.05.01-09.55.54:007][470]LogModuleManager: Shutting down and abandoning module TVOSTargetPlatform (111)
[2022.05.01-09.55.54:007][470]LogModuleManager: Shutting down and abandoning module Messaging (109)
[2022.05.01-09.55.54:007][470]LogModuleManager: Shutting down and abandoning module IOSTargetPlatform (107)
[2022.05.01-09.55.54:007][470]LogModuleManager: Shutting down and abandoning module HTML5TargetPlatform (105)
[2022.05.01-09.55.54:007][470]LogModuleManager: Shutting down and abandoning module AndroidTargetPlatform (103)
[2022.05.01-09.55.54:007][470]LogModuleManager: Shutting down and abandoning module Android_PVRTCTargetPlatform (101)
[2022.05.01-09.55.54:007][470]LogModuleManager: Shutting down and abandoning module Android_MultiTargetPlatform (99)
[2022.05.01-09.55.54:007][470]LogModuleManager: Shutting down and abandoning module Android_ETC2TargetPlatform (97)
[2022.05.01-09.55.54:007][470]LogModuleManager: Shutting down and abandoning module Android_ETC1TargetPlatform (95)
[2022.05.01-09.55.54:007][470]LogModuleManager: Shutting down and abandoning module Android_ETC1aTargetPlatform (93)
[2022.05.01-09.55.54:007][470]LogModuleManager: Shutting down and abandoning module Android_DXTTargetPlatform (91)
[2022.05.01-09.55.54:007][470]LogModuleManager: Shutting down and abandoning module Android_ATCTargetPlatform (89)
[2022.05.01-09.55.54:007][470]LogModuleManager: Shutting down and abandoning module Android_ASTCTargetPlatform (87)
[2022.05.01-09.55.54:007][470]LogModuleManager: Shutting down and abandoning module WindowsTargetPlatform (85)
[2022.05.01-09.55.54:007][470]LogModuleManager: Shutting down and abandoning module WindowsServerTargetPlatform (83)
[2022.05.01-09.55.54:007][470]LogModuleManager: Shutting down and abandoning module WindowsNoEditorTargetPlatform (81)
[2022.05.01-09.55.54:007][470]LogModuleManager: Shutting down and abandoning module WindowsClientTargetPlatform (79)
[2022.05.01-09.55.54:007][470]LogModuleManager: Shutting down and abandoning module MacTargetPlatform (77)
[2022.05.01-09.55.54:007][470]LogModuleManager: Shutting down and abandoning module MacServerTargetPlatform (75)
[2022.05.01-09.55.54:007][470]LogModuleManager: Shutting down and abandoning module MacNoEditorTargetPlatform (73)
[2022.05.01-09.55.54:007][470]LogModuleManager: Shutting down and abandoning module MacClientTargetPlatform (71)
[2022.05.01-09.55.54:007][470]LogModuleManager: Shutting down and abandoning module AllDesktopTargetPlatform (69)
[2022.05.01-09.55.54:007][470]LogModuleManager: Shutting down and abandoning module InputCore (66)
[2022.05.01-09.55.54:007][470]LogModuleManager: Shutting down and abandoning module Settings (64)
[2022.05.01-09.55.54:007][470]LogModuleManager: Shutting down and abandoning module PhysXCooking (62)
[2022.05.01-09.55.54:007][470]LogModuleManager: Shutting down and abandoning module SteamVR (60)
[2022.05.01-09.55.54:007][470]LogModuleManager: Shutting down and abandoning module OculusHMD (58)
[2022.05.01-09.55.54:007][470]LogModuleManager: Shutting down and abandoning module ExampleDeviceProfileSelector (56)
[2022.05.01-09.55.54:007][470]LogModuleManager: Shutting down and abandoning module AppleARKit (54)
[2022.05.01-09.55.54:007][470]LogModuleManager: Shutting down and abandoning module AugmentedReality (51)
[2022.05.01-09.55.54:007][470]LogModuleManager: Shutting down and abandoning module OnlineBlueprintSupport (48)
[2022.05.01-09.55.54:007][470]LogModuleManager: Shutting down and abandoning module OnlineSubsystem (44)
[2022.05.01-09.55.54:007][470]LogModuleManager: Shutting down and abandoning module XMPP (43)
[2022.05.01-09.55.54:007][470]LogModuleManager: Shutting down and abandoning module HTTP (41)
[2022.05.01-09.55.54:007][470]LogHttp: Display: Http module shutting down, but needs to wait on 1 outstanding Http requests:
[2022.05.01-09.55.54:007][470]LogHttp: Display: 	verb=[POST] url=[https://datarouter.ol.epicgames.com/datarouter/api/v1/public/data?SessionID=%7B1A21E870-438E-C905-62D8-848D4CF2B5A0%7D&AppID=UEEditor.Rocket.Release&AppVersion=4.19.2-4033788%2B%2B%2BUE4%2BRelease-4.19&UserID=ddc965314e9b11aee415949afc8765e3%7C4186c5f510d5400082a6569956d0d36d%7C2943e486-4dad-42f2-9db1-e764992cc4dd&AppEnvironment=datacollector-binary&UploadType=eteventstream] status=Processing
[2022.05.01-09.55.54:029][470]LogModuleManager: Shutting down and abandoning module SSL (40)
[2022.05.01-09.55.54:030][470]LogModuleManager: Shutting down and abandoning module AnimationModifiers (36)
[2022.05.01-09.55.54:030][470]LogModuleManager: Shutting down and abandoning module PropertyEditor (35)
[2022.05.01-09.55.54:030][470]LogModuleManager: Shutting down and abandoning module AudioEditor (32)
[2022.05.01-09.55.54:030][470]LogModuleManager: Shutting down and abandoning module TextureCompressor (30)
[2022.05.01-09.55.54:030][470]LogModuleManager: Shutting down and abandoning module ShaderCore (28)
[2022.05.01-09.55.54:030][470]LogModuleManager: Shutting down and abandoning module Landscape (26)
[2022.05.01-09.55.54:030][470]LogModuleManager: Shutting down and abandoning module SlateRHIRenderer (24)
[2022.05.01-09.55.54:032][470]LogModuleManager: Shutting down and abandoning module OpenGLDrv (22)
[2022.05.01-09.55.54:032][470]LogModuleManager: Shutting down and abandoning module D3D11RHI (20)
[2022.05.01-09.55.54:032][470]LogModuleManager: Shutting down and abandoning module AnimGraphRuntime (18)
[2022.05.01-09.55.54:032][470]LogModuleManager: Shutting down and abandoning module Renderer (16)
[2022.05.01-09.55.54:032][470]LogModuleManager: Shutting down and abandoning module Engine (14)
[2022.05.01-09.55.54:032][470]LogModuleManager: Shutting down and abandoning module CoreUObject (12)
[2022.05.01-09.55.54:032][470]LogModuleManager: Shutting down and abandoning module NetworkFile (10)
[2022.05.01-09.55.54:032][470]LogModuleManager: Shutting down and abandoning module CookedIterativeFile (8)
[2022.05.01-09.55.54:032][470]LogModuleManager: Shutting down and abandoning module StreamingFile (6)
[2022.05.01-09.55.54:032][470]LogModuleManager: Shutting down and abandoning module SandboxFile (4)
[2022.05.01-09.55.54:032][470]LogModuleManager: Shutting down and abandoning module PakFile (2)
[2022.05.01-09.55.54:047][470]LogExit: Exiting.
[2022.05.01-09.55.54:052][470]Log file closed, 05/01/22 18:55:54
